

Working Directory = /users/iteso-s012/my_designs/DM_Michel_Castillo_RISC_V/synthesis/Logic_synthesis
QoS Summary for risc_v_top
================================================================================
Metric                          generic         map             syn_opt        
================================================================================

View : view_risc_v_slow
Slack (ps):                     4,186           4,010           4,082
  R2R (ps):                     4,186           4,010           4,082
  I2R (ps):                     8,603           8,415           8,451
  R2O (ps):                  no_value        no_value        no_value
  I2O (ps):                  no_value        no_value        no_value
  CG  (ps):                  no_value        no_value        no_value
TNS (ps):                           0               0               0
  R2R (ps):                         0               0               0
  I2R (ps):                         0               0               0
  R2O (ps):                  no_value        no_value        no_value
  I2O (ps):                  no_value        no_value        no_value
  CG  (ps):                  no_value        no_value        no_value
Failing Paths:                      0               0               0

View : view_risc_v_fast
Slack (ps):                       340               7             127
  R2R (ps):                       340               7             127
  I2R (ps):                       826             787             791
  R2O (ps):                  no_value        no_value        no_value
  I2O (ps):                  no_value        no_value        no_value
  CG  (ps):                  no_value        no_value        no_value
TNS (ps):                           0               0               0
  R2R (ps):                         0               0               0
  I2R (ps):                         0               0               0
  R2O (ps):                  no_value        no_value        no_value
  I2O (ps):                  no_value        no_value        no_value
  CG  (ps):                  no_value        no_value        no_value
Failing Paths:                      0               0               0

Leakage Power (mW):             0.000           0.000           0.001
Cell Area:                     35,322          21,744          23,537
Total Cell Area:               35,322          21,744          23,537
Leaf Instances:                 4,415           3,810           3,926
Total Instances:                4,415           3,810           3,926
Utilization (%):                 0.00            0.00            0.00
Tot. Net Length (um):        no_value        no_value        no_value
Avg. Net Length (um):        no_value        no_value        no_value
Route Overflow H (%):        no_value        no_value        no_value
Route Overflow V (%):        no_value        no_value        no_value
MBCI(%) (bits/gate) :            0.00            0.00            0.00
Norm Cong Hotspot Area:
  Max Cong:                  no_value        no_value        no_value
  Tot Cong:                  no_value        no_value        no_value
================================================================================
CPU  Runtime (h:m:s):        00:03:21        00:01:11        00:01:42
Real Runtime (h:m:s):        00:04:05        00:04:14        00:07:21
CPU  Elapsed (h:m:s):        00:03:28        00:04:39        00:06:21
Real Elapsed (h:m:s):        00:04:09        00:08:22        00:15:42
Memory (MB):                  1559.08         1560.50         1568.51
================================================================================
================================================================================
Flow Settings:
================================================================================
Total Runtime (h:m:s): 00:15:41
Total Memory (MB):     1568.51
Executable Version:    20.11-s111_1
================================================================================
Total Cell Area =  Cell Area + Physical Cell Area
Total Instances =  Leaf Instances + Physical Instances


