============================================================
  Generated by:           Genus(TM) Synthesis Solution 20.11-s111_1
  Generated on:           Nov 28 2023  04:39:14 am
  Module:                 risc_v_Pad_Frame
  Library domain:         TC_risc_v_slow
    Domain index:         0
    Technology libraries: slow_vdd1v0 1.0
                          giolib045 
  Library domain:         TC_risc_v_fast
    Domain index:         1
    Technology libraries: fast_vdd1v2 1.0
                          giolib045 
  Operating conditions:   PVT_0P9V_125C 
  Operating conditions:   PVT_1P32V_0C 
  Interconnect mode:      global
  Area mode:              physical library
============================================================

Timing
--------

  Analysis view   Clock  Period 
--------------------------------
view_risc_v_slow My_CLK 10000.0 
view_risc_v_fast My_CLK 10000.0 


    Analysis       Cost   Critical        Violating 
      View        Group  Path Slack  TNS    Paths   
----------------------------------------------------
view_risc_v_slow default   No paths  0.0          0 
                  My_CLK     4139.5  0.0          0 
----------------------------------------------------
Total                               -0.0          0 
                                                    
view_risc_v_fast default   No paths  0.0          0 
                  My_CLK     4723.6  0.0          0 
----------------------------------------------------
Total                               -0.0          0 
                                                    

Instance Count
--------------
Leaf Instance Count             4297 
Physical Instance count            0 
Sequential Instance Count       3519 
Combinational Instance Count     778 
Hierarchical Instance Count        5 

Area
----
Cell Area                          150094.390
Physical Cell Area                 0.000
Total Cell Area (Cell+Physical)    150094.390
Net Area                           0.000
Total Area (Cell+Physical+Net)     150094.390

Runtime                            1.0 seconds
Elapsed Runtime                    290 seconds
Genus peak memory usage            1507.69 
Innovus peak memory usage          no_value 
Hostname                           iteso-server
