============================================================
  Generated by:           Genus(TM) Synthesis Solution 20.11-s111_1
  Generated on:           Nov 28 2023  04:39:14 am
  Module:                 risc_v_Pad_Frame
  Library domain:         TC_risc_v_slow
    Domain index:         0
    Technology libraries: slow_vdd1v0 1.0
                          giolib045 
  Library domain:         TC_risc_v_fast
    Domain index:         1
    Technology libraries: fast_vdd1v2 1.0
                          giolib045 
  Operating conditions:   PVT_0P9V_125C 
  Operating conditions:   PVT_1P32V_0C 
  Interconnect mode:      global
  Area mode:              physical library
============================================================

                              Instance                                         Module             Cell Count  Cell Area  Net Area   Total Area 
-----------------------------------------------------------------------------------------------------------------------------------------------
risc_v_Pad_Frame                                                                                        4297 150094.390     0.000   150094.390 
  risc_v_top_i                                                      risc_v_top                          4289  34894.390     0.000    34894.390 
    add_565_33                                                      add_unsigned_628                     116    308.469     0.000      308.469 
    adder_pc_prev_4_add_15_16_Y_adder_pc_4_add_15_16                add_unsigned                         138    367.225     0.000      367.225 
    memory_map_add0015566                                           add_unsigned_622                     108    287.103     0.000      287.103 
    uart_IP_module_UART_full_duplex_tx_uart_inc_delay_5ms_add_32_42 increment_unsigned_4115_4252          79    209.652     0.000      209.652 
