============================================================
  Generated by:           Genus(TM) Synthesis Solution 20.11-s111_1
  Generated on:           Nov 28 2023  04:40:26 am
  Module:                 risc_v_Pad_Frame
  Library domain:         TC_risc_v_slow
    Domain index:         0
    Technology libraries: slow_vdd1v0 1.0
                          giolib045 
  Library domain:         TC_risc_v_fast
    Domain index:         1
    Technology libraries: fast_vdd1v2 1.0
                          giolib045 
  Operating conditions:   PVT_0P9V_125C 
  Operating conditions:   PVT_1P32V_0C 
  Interconnect mode:      global
  Area mode:              physical library
============================================================

Timing
--------

  Analysis view   Clock  Period 
--------------------------------
view_risc_v_slow My_CLK 10000.0 
view_risc_v_fast My_CLK 10000.0 


    Analysis       Cost   Critical        Violating 
      View        Group  Path Slack  TNS    Paths   
----------------------------------------------------
view_risc_v_slow default   No paths  0.0          0 
                  My_CLK     3203.1  0.0          0 
----------------------------------------------------
Total                               -0.0          0 
                                                    
view_risc_v_fast default   No paths  0.0          0 
                  My_CLK     4499.4  0.0          0 
----------------------------------------------------
Total                               -0.0          0 
                                                    

Instance Count
--------------
Leaf Instance Count             3717 
Physical Instance count            0 
Sequential Instance Count       3519 
Combinational Instance Count     198 
Hierarchical Instance Count        0 

Area
----
Cell Area                          135916.992
Physical Cell Area                 0.000
Total Cell Area (Cell+Physical)    135916.992
Net Area                           475.926
Total Area (Cell+Physical+Net)     136392.918

Runtime                            0.0 seconds
Elapsed Runtime                    360 seconds
Genus peak memory usage            1508.26 
Innovus peak memory usage          no_value 
Hostname                           iteso-server
