============================================================
  Generated by:           Genus(TM) Synthesis Solution 20.11-s111_1
  Generated on:           Nov 28 2023  04:40:34 am
  Module:                 risc_v_Pad_Frame
  Library domain:         TC_risc_v_slow
    Domain index:         0
    Technology libraries: slow_vdd1v0 1.0
                          giolib045 
  Library domain:         TC_risc_v_fast
    Domain index:         1
    Technology libraries: fast_vdd1v2 1.0
                          giolib045 
  Operating conditions:   PVT_0P9V_125C 
  Operating conditions:   PVT_1P32V_0C 
  Interconnect mode:      global
  Area mode:              physical library
============================================================

                                   Leakage                    Library 
   Gate    Instances     Area    Power (mW)      Library       Domain 
----------------------------------------------------------------------
ADDHX1            53     199.386      0.000    slow_vdd1v0          0 
AND2X1            41      56.088      0.000    slow_vdd1v0          0 
AND3X1             1       2.394      0.000    slow_vdd1v0          0 
AND3XL             2       4.104      0.000    slow_vdd1v0          0 
AND4X1             7      16.758      0.000    slow_vdd1v0          0 
AND4X2             1       3.078      0.000    slow_vdd1v0          0 
AOI21X1            2       3.420      0.000    slow_vdd1v0          0 
BUFX2              5       8.550      0.000    slow_vdd1v0          0 
CLKXOR2X1          8      21.888      0.000    slow_vdd1v0          0 
DFFHQX1         3202   17521.344      0.000    slow_vdd1v0          0 
DFFNSRX1         219    2022.246      0.000    slow_vdd1v0          0 
DFFNSRX2           1      11.970      0.000    slow_vdd1v0          0 
DFFRHQX1          15      92.340      0.000    slow_vdd1v0          0 
DFFRHQX2           2      15.732      0.000    slow_vdd1v0          0 
DFFRX1            45     307.800      0.000    slow_vdd1v0          0 
DFFSHQX1           1       6.498      0.000    slow_vdd1v0          0 
DFFTRX2           16     131.328      0.000    slow_vdd1v0          0 
INVX1              5       3.420      0.000    slow_vdd1v0          0 
INVX2              1       1.026      0.000    slow_vdd1v0          0 
INVX3              1       1.368      0.000    slow_vdd1v0          0 
MX2X1              1       2.394      0.000    slow_vdd1v0          0 
NAND2BX1           4       5.472      0.000    slow_vdd1v0          0 
NAND2X1            5       5.130      0.000    slow_vdd1v0          0 
NAND2X2            1       1.710      0.000    slow_vdd1v0          0 
NAND3BX2           5      15.390      0.000    slow_vdd1v0          0 
NAND3X2            1       2.736      0.000    slow_vdd1v0          0 
NOR2BX1            7       9.576      0.000    slow_vdd1v0          0 
NOR2X1             6       6.156      0.000    slow_vdd1v0          0 
NOR2X2             1       1.710      0.000    slow_vdd1v0          0 
NOR3X2             3       8.208      0.000    slow_vdd1v0          0 
NOR4BX2            1       4.788      0.000    slow_vdd1v0          0 
NOR4X2             5      17.100      0.000    slow_vdd1v0          0 
OA22X1             1       2.394      0.000    slow_vdd1v0          0 
OAI2BB1X1          2       3.420      0.000    slow_vdd1v0          0 
OAI32X2            2       8.892      0.000    slow_vdd1v0          0 
OR2X1              3       4.104      0.000    slow_vdd1v0          0 
OR2X4              1       2.736      0.000    slow_vdd1v0          0 
OR2XL              1       1.368      0.000    slow_vdd1v0          0 
OR3X1              3       6.156      0.000    slow_vdd1v0          0 
OR3X4              1       3.078      0.000    slow_vdd1v0          0 
OR4X1             11      22.572      0.000    slow_vdd1v0          0 
PADDI              3   43200.000      0.001    giolib045            0 
PADDO              1   14400.000      0.076    giolib045            0 
PADVDD             1   14400.000      0.000    physical_cells       0 
PADVDDIOR          1   14400.000      0.000    physical_cells       0 
PADVSS             1   14400.000      0.000    physical_cells       0 
PADVSSIOR          1   14400.000      0.000    physical_cells       0 
SDFFRHQX1         18     147.744      0.000    slow_vdd1v0          0 
XNOR2X1            1       2.394      0.000    slow_vdd1v0          0 
----------------------------------------------------------------------
total           3720  135915.966      0.077                   


                                                 Leakage  Leakage 
    Library    Instances Instances %    Area   Power (mW) Power % 
------------------------------------------------------------------
giolib045              4         0.1 57600.000      0.077    99.4 
physical_cells         4         0.1 57600.000      0.000     0.0 
slow_vdd1v0         3712        99.8 20715.966      0.000     0.6 

                                             Leakage  Leakage 
     Type      Instances    Area    Area % Power (mW) Power % 
--------------------------------------------------------------
timing_model           4  57600.000   42.4      0.077    99.4 
sequential          3519  20257.002   14.9      0.000     0.6 
inverter               7      5.814    0.0      0.000     0.0 
buffer                 5      8.550    0.0      0.000     0.0 
logic                185  58044.600   42.7      0.000     0.0 
physical_cells         0      0.000    0.0      0.000     0.0 
--------------------------------------------------------------
total               3720 135915.966  100.0      0.077   100.0 

