============================================================
  Generated by:           Genus(TM) Synthesis Solution 20.11-s111_1
  Generated on:           Oct 26 2023  02:41:49 am
  Module:                 risc_v_top
  Library domain:         TC_risc_v_slow
    Domain index:         0
    Technology library:   slow_vdd1v0 1.0
  Library domain:         TC_risc_v_fast
    Domain index:         1
    Technology library:   fast_vdd1v2 1.0
  Operating conditions:   PVT_0P9V_125C 
  Operating conditions:   PVT_1P32V_0C 
  Interconnect mode:      global
  Area mode:              physical library
============================================================

                                  Leakage                 Library 
   Gate    Instances    Area    Power (mW)     Library     Domain 
------------------------------------------------------------------
ADDHX2            27    138.510      0.000    slow_vdd1v0       0 
ADDHX4             1      7.182      0.000    slow_vdd1v0       0 
AND2X2            54     92.340      0.000    slow_vdd1v0       0 
AND2X4            15     41.040      0.000    slow_vdd1v0       0 
AND2X6             6     22.572      0.000    slow_vdd1v0       0 
AND2X8             1      4.446      0.000    slow_vdd1v0       0 
AND3X2             4     10.944      0.000    slow_vdd1v0       0 
AND3X4             9     27.702      0.000    slow_vdd1v0       0 
AND3X6             1      4.446      0.000    slow_vdd1v0       0 
AND4X4             9     33.858      0.000    slow_vdd1v0       0 
AND4X6             3     17.442      0.000    slow_vdd1v0       0 
AO21X2            17     46.512      0.000    slow_vdd1v0       0 
AO21X4             1      3.420      0.000    slow_vdd1v0       0 
AO22X2             6     18.468      0.000    slow_vdd1v0       0 
AOI2BB1X4          8     32.832      0.000    slow_vdd1v0       0 
BUFX20             1      8.208      0.000    slow_vdd1v0       0 
BUFX3              1      2.052      0.000    slow_vdd1v0       0 
BUFX4              4      9.576      0.000    slow_vdd1v0       0 
BUFX6              4     12.312      0.000    slow_vdd1v0       0 
CLKAND2X2          1      2.052      0.000    slow_vdd1v0       0 
CLKAND2X3          1      3.078      0.000    slow_vdd1v0       0 
CLKAND2X4          1      3.420      0.000    slow_vdd1v0       0 
CLKBUFX16          1      6.840      0.000    slow_vdd1v0       0 
CLKINVX4          10     17.100      0.000    slow_vdd1v0       0 
CLKMX2X2           1      3.078      0.000    slow_vdd1v0       0 
CLKXOR2X2         17     58.140      0.000    slow_vdd1v0       0 
DFFHQX4           16    131.328      0.000    slow_vdd1v0       0 
DFFHQX8            1      9.234      0.000    slow_vdd1v0       0 
DFFNSRX1          99    914.166      0.000    slow_vdd1v0       0 
DFFNSRX2          63    754.110      0.000    slow_vdd1v0       0 
DFFNSRX4          58    773.604      0.000    slow_vdd1v0       0 
DFFQX4             1      7.182      0.000    slow_vdd1v0       0 
DFFQXL          3200  17510.400      0.000    slow_vdd1v0       0 
DFFRHQX4          36    344.736      0.000    slow_vdd1v0       0 
DFFRHQX8          10    112.860      0.000    slow_vdd1v0       0 
DFFRX2            15    112.860      0.000    slow_vdd1v0       0 
DFFRX4             1      9.576      0.000    slow_vdd1v0       0 
DFFSHQX4           1      9.576      0.000    slow_vdd1v0       0 
INVX2             10     10.260      0.000    slow_vdd1v0       0 
INVX3             12     16.416      0.000    slow_vdd1v0       0 
NAND2BX4           6     22.572      0.000    slow_vdd1v0       0 
NAND2X4            3     10.260      0.000    slow_vdd1v0       0 
NOR2BX4            1      3.762      0.000    slow_vdd1v0       0 
NOR2X4            14     43.092      0.000    slow_vdd1v0       0 
OA21X2             2      6.156      0.000    slow_vdd1v0       0 
OR2X2             11     18.810      0.000    slow_vdd1v0       0 
OR2X4              8     21.888      0.000    slow_vdd1v0       0 
OR2X6              7     26.334      0.000    slow_vdd1v0       0 
OR2X8              2      8.892      0.000    slow_vdd1v0       0 
OR3X4              3      9.234      0.000    slow_vdd1v0       0 
OR3X6              1      4.788      0.000    slow_vdd1v0       0 
OR4X6              3     16.416      0.000    slow_vdd1v0       0 
SDFFRHQX2         11    109.098      0.000    slow_vdd1v0       0 
SDFFRHQX4          7     86.184      0.000    slow_vdd1v0       0 
XNOR2X2            4     12.312      0.000    slow_vdd1v0       0 
------------------------------------------------------------------
total           3810  21743.676      0.000                


                                            Leakage  Leakage 
     Type      Instances    Area   Area % Power (mW) Power % 
-------------------------------------------------------------
sequential          3519 20884.914   96.1      0.000    91.7 
inverter              32    43.776    0.2      0.000     0.6 
buffer                11    38.988    0.2      0.000     0.6 
logic                248   775.998    3.6      0.000     7.1 
physical_cells         0     0.000    0.0      0.000     0.0 
-------------------------------------------------------------
total               3810 21743.676  100.0      0.000   100.0 

