Command: report datapath > reports_Nov28-04:35:07/map/risc_v_Pad_Frame_datapath.rpt
============================================================
  Generated by:           Genus(TM) Synthesis Solution 20.11-s111_1
  Generated on:           Nov 28 2023  04:40:27 am
  Module:                 risc_v_Pad_Frame
  Library domain:         TC_risc_v_slow
    Domain index:         0
    Technology libraries: slow_vdd1v0 1.0
                          giolib045 
  Library domain:         TC_risc_v_fast
    Domain index:         1
    Technology libraries: fast_vdd1v2 1.0
                          giolib045 
  Operating conditions:   PVT_0P9V_125C 
  Operating conditions:   PVT_1P32V_0C 
  Interconnect mode:      global
  Area mode:              physical library
============================================================


      Type        CellArea Percentage 
--------------------------------------
datapath modules      0.00       0.00 
external muxes        0.00       0.00 
others           135916.99     100.00 
--------------------------------------
total            135916.99     100.00 

