Cadence Genus(TM) Synthesis Solution.
Copyright 2021 Cadence Design Systems, Inc. All rights reserved worldwide.
Cadence and the Cadence logo are registered trademarks and Genus is a trademark
of Cadence Design Systems, Inc. in the United States and other countries.

Version: 20.11-s111_1, built Mon Apr 26 07:57:38 PDT 2021
Options: 
Date:    Thu Oct 26 03:22:42 2023
Host:    ip-172-31-46-123.us-east-2.compute.internal (x86_64 w/Linux 3.10.0-1160.95.1.el7.x86_64) (8cores*8cpus*1physical cpu*Intel(R) Xeon(R) CPU E5-2686 v4 @ 2.30GHz 46080KB) (32778796KB)
PID:     29101
OS:      CentOS Linux release 7.9.2009 (Core)

Checking out license: Genus_Synthesis


***********************************************************************************************************
***********************************************************************************************************



Loading tool scripts...
Finished loading tool scripts (11 seconds elapsed).

WARNING: This version of the tool is 912 days old.
@genus:root: 1> simvision
invalid command name "simvision"
@genus:root: 2> gui_show
Cadence Help logging started at /users/iteso-s018/.config/cadence/cdnshelp.log file.
Cadence Help logging started at /users/iteso-s018/.config/cadence/cdnshelp.log file.
Normal exit.