###############################################################
#  Generated by:      Cadence Innovus 21.12-s106_1
#  OS:                Linux x86_64(Host ID iteso-server)
#  Generated on:      Thu Nov 30 04:20:15 2023
#  Design:            risc_v_Pad_Frame
#  Command:           report_ccopt_clock_trees -file clock_trees.rpt
###############################################################

Clock DAG stats:
================

---------------------------------------------------------------
Cell type                     Count    Area         Capacitance
---------------------------------------------------------------
Buffers                        39        258.210       0.060
Inverters                       0          0.000       0.000
Integrated Clock Gates          0          0.000       0.000
Non-Integrated Clock Gates      0          0.000       0.000
Clock Logic                     1      14400.000       2.387
All                            40      14658.210       2.447
---------------------------------------------------------------


Clock DAG wire lengths:
=======================

--------------------
Type     Wire Length
--------------------
Top           0.000
Trunk       850.920
Leaf       9371.450
Total     10222.370
--------------------


Clock DAG hp wire lengths:
==========================

-----------------------
Type     hp Wire Length
-----------------------
Top            0.000
Trunk        923.100
Leaf        2148.130
Total       3071.230
-----------------------


Clock DAG capacitances:
=======================

--------------------------------
Type     Gate     Wire     Total
--------------------------------
Top      0.000    0.000    0.000
Trunk    2.447    0.049    2.496
Leaf     0.740    0.687    1.428
Total    3.187    0.737    3.924
--------------------------------


Clock DAG sink capacitances:
============================

--------------------------------------------------------
Count    Total    Average    Std. Dev.    Min      Max
--------------------------------------------------------
3519     0.740     0.000       0.000      0.000    0.000
--------------------------------------------------------


Clock DAG net violations:
=========================

--------------------------------------------------------------------------------------------
Type                    Units    Count    Average    Std. Dev.    Sum      Top 10 violations
--------------------------------------------------------------------------------------------
Remaining Transition    ns         1       0.004       0.000      0.004    [0.004]
--------------------------------------------------------------------------------------------


Clock DAG primary half-corner transition distribution:
======================================================

--------------------------------------------------------------------------------------------------------------------------------------------------------------------------------------------------------------------------
Net Type    Target    Count    Average    Std. Dev.    Min      Max      Distribution                                                                Over Target
--------------------------------------------------------------------------------------------------------------------------------------------------------------------------------------------------------------------------
Trunk       0.100       5       0.070       0.039      0.000    0.091    {1 <= 0.060ns, 0 <= 0.080ns, 3 <= 0.090ns, 1 <= 0.095ns, 0 <= 0.100ns}                                        -
Leaf        0.100      36       0.090       0.003      0.086    0.104    {0 <= 0.060ns, 0 <= 0.080ns, 17 <= 0.090ns, 17 <= 0.095ns, 1 <= 0.100ns}    {1 <= 0.105ns, 0 <= 0.110ns, 0 <= 0.120ns, 0 <= 0.150ns, 0 > 0.150ns}
--------------------------------------------------------------------------------------------------------------------------------------------------------------------------------------------------------------------------


Clock DAG library cell distribution:
====================================

------------------------------------------
Name         Type      Inst     Inst Area 
                       Count    (um^2)
------------------------------------------
CLKBUFX16    buffer     34        232.560
CLKBUFX12    buffer      5         25.650
PADDI        logic       1      14400.000
------------------------------------------



Please note that the following tables reflect only the defined clock trees, so the flop counts might not include all flops in your design.

Clock Tree Summary:
===================

----------------------------------------------------------------------------------------------------------------------
Clock Tree  Clock  Bufs  Invs  Other  Max       Max     Max      Max          Standard   Wire   Gate   Clock Tree Root
Name        Gates              Clock  Non-leaf  Leaf    Length   Source-sink  cell area  cap    cap    
                               Cells  Fanout    Fanout  (um)     Resistance   (um^2)     (pF)   (pF)   
                                                                 (Ohms)                                
----------------------------------------------------------------------------------------------------------------------
My_CLK        0     39    0      1       12      100    192.945    4053.49    14658.210  0.737  3.187  clk
----------------------------------------------------------------------------------------------------------------------

1 clock trees contain a total of 1 nets marked dont_touch, which will not have been buffered, and may have Design Rule Violations as a consequence.
1 clock trees contain a total of 1 nets marked ideal_network, which will not have been buffered, and may have Design Rule Violations as a consequence.

Clock Sink Summary:
===================

-------------------------------------------------------------------------------------------------------------------------------------------
Clock Tree  Explicit      Implicit      Explicit     Implicit     Explicit   Implicit   Posedge  Negedge  Memory  Enable  Non enable  Other
Name        exclude pins  exclude pins  ignore pins  ignore pins  stop pins  stop pins  Flops    Flops    Clock   Latch   Latch       Sinks
                                                                                                          Pins    Sinks   Sinks       
-------------------------------------------------------------------------------------------------------------------------------------------
My_CLK           0             0             0            0           0          0       3299      220      0       0         0         0
-------------------------------------------------------------------------------------------------------------------------------------------

Summary across all clock trees:
===============================

------------------------------------------------------------------------------------------------------------
Clock  Bufs  Invs  Other  Max       Average   Max     Average  Max      Max          Standard   Wire   Gate
Gates              Clock  Non-leaf  Non-leaf  Leaf    Leaf     Length   Source-sink  cell area  cap    cap
                   Cells  Fanout    Fanout    Fanout  Fanout   (um)     Resistance   (um^2)     (pF)   (pF)
                                                                        (Ohms)                         
------------------------------------------------------------------------------------------------------------
  0     39    0      1       12        8       100     97.75   192.945    405.349    14658.210  0.737  3.187
------------------------------------------------------------------------------------------------------------

Clock Sink Summary across all clock trees:
==========================================

-------------------------------------------------------------------------------------------------------------------------------
Explicit      Implicit      Explicit     Implicit     Explicit   Implicit   Posedge  Negedge  Memory  Enable  Non enable  Other
exclude pins  exclude pins  ignore pins  ignore pins  stop pins  stop pins  Flops    Flops    Clock   Latch   Latch       Sinks
                                                                                              Pins    Sinks   Sinks       
-------------------------------------------------------------------------------------------------------------------------------
     0             0             0            0           0          0       3299      220      0       0         0         0
-------------------------------------------------------------------------------------------------------------------------------

Physical metrics across all clock trees:
========================================

-----------------------------------------------------------------------
Metric                               Minimum  Average  Maximum  Std.dev
-----------------------------------------------------------------------
Source-sink routed net length (um)    0.000    82.233  192.945  28.734
Source-sink manhattan distance (um)   0.000    53.769  193.490  31.073
Source-sink resistance (Ohm)          0.000   271.236  405.349  80.403
-----------------------------------------------------------------------

Transition distribution for half-corner DelayCorner_WC:both.late:
=================================================================

--------------------------------------------------------------------------------------------------------------------------------------------------------------------------------------------------------------------------
Net Type    Target    Count    Average    Std. Dev.    Min      Max      Distribution                                                                Over Target
--------------------------------------------------------------------------------------------------------------------------------------------------------------------------------------------------------------------------
Trunk       0.100       5       0.070       0.039      0.000    0.091    {1 <= 0.060ns, 0 <= 0.080ns, 3 <= 0.090ns, 1 <= 0.095ns, 0 <= 0.100ns}                                        -
Leaf        0.100      36       0.090       0.003      0.086    0.104    {0 <= 0.060ns, 0 <= 0.080ns, 17 <= 0.090ns, 17 <= 0.095ns, 1 <= 0.100ns}    {1 <= 0.105ns, 0 <= 0.110ns, 0 <= 0.120ns, 0 <= 0.150ns, 0 > 0.150ns}
--------------------------------------------------------------------------------------------------------------------------------------------------------------------------------------------------------------------------

Count of violations across all clock trees:
===========================================

---------------------------------------------------------------------------------------
Clock Tree  # Max capacitance  # Max resistance  # Max length  # Max fanout  # Slew
Name        violations         violations        violations    violations    violations
---------------------------------------------------------------------------------------
My_CLK              1                 0               0             0            88
---------------------------------------------------------------------------------------
Total               1                 0               0             0            88
---------------------------------------------------------------------------------------

Note the above table per clock tree is based on CCOpt clock tree view. The violations are counted across half corners.

Found a total of 1 clock tree pin with max capacitance violations.
Found a total of 1 max capacitance violation.
Total violation amount 2.387pF.

Max capacitance violation summary across all clock trees - Top 1 violation:
===========================================================================

Target and measured capacitances (in pF):

-------------------------------------------------------------------------------------
Half corner               Violation  Capacitance  Capacitance  Target             Pin
                          amount     target       achieved     source             
-------------------------------------------------------------------------------------
DelayCorner_WC:both.late    2.387       0.000        2.387     clock_root_forced  clk
-------------------------------------------------------------------------------------

Target sources:
target_max_capacitance_property - the target was set in the target_max_capacitance property
library_or_sdc_constraint - the non-frequency-dependent target was set in a library file or by an SDC constraint
frequency_dependent_library_or_sdc_constraint - the frequency-dependent target was set in a library file or by an SDC constraint
computed_from_slew_target - the target was calculated based on the slew target at a clock root
clock_root_forced - the target was forced to be zero at a clock root


Found a total of 0 clock tree nets with max resistance violations.
Found a total of 0 clock tree nets with max length violations.
Found a total of 0 clock tree nets with max fanout violations.
Found a total of 88 clock tree pins with a slew violation.

Slew violation summary across all clock trees - Top 10 violating pins:
======================================================================

Target and measured clock slews (in ns):

-------------------------------------------------------------------------------------------------------------------------------------------------------------
Half corner               Violation  Slew    Slew      Dont   Ideal  Target    Pin
                          amount     target  achieved  touch  net?   source    
                                                       net?                    
-------------------------------------------------------------------------------------------------------------------------------------------------------------
DelayCorner_WC:both.late    0.004    0.100    0.104    N      N      explicit  risc_v_top_i_uart_IP_module_UART_full_duplex_rx_uart_rx_Data_Reg_i_q_reg[5]/CK
DelayCorner_WC:both.late    0.004    0.100    0.104    N      N      explicit  risc_v_top_i_uart_IP_module_UART_full_duplex_rx_uart_rx_Data_Reg_i_q_reg[7]/CK
DelayCorner_WC:both.late    0.004    0.100    0.104    N      N      explicit  risc_v_top_i_uart_IP_module_UART_full_duplex_rx_uart_shift_reg_Q_reg[0]/CK
DelayCorner_WC:both.late    0.004    0.100    0.104    N      N      explicit  risc_v_top_i_uart_IP_module_UART_full_duplex_rx_uart_shift_reg_Q_reg[1]/CK
DelayCorner_WC:both.late    0.004    0.100    0.104    N      N      explicit  risc_v_top_i_uart_IP_module_UART_full_duplex_rx_uart_shift_reg_Q_reg[2]/CK
DelayCorner_WC:both.late    0.004    0.100    0.104    N      N      explicit  risc_v_top_i_uart_IP_module_UART_full_duplex_rx_uart_shift_reg_Q_reg[3]/CK
DelayCorner_WC:both.late    0.004    0.100    0.104    N      N      explicit  risc_v_top_i_uart_IP_module_UART_full_duplex_rx_uart_shift_reg_Q_reg[4]/CK
DelayCorner_WC:both.late    0.004    0.100    0.104    N      N      explicit  risc_v_top_i_uart_IP_module_UART_full_duplex_rx_uart_shift_reg_Q_reg[5]/CK
DelayCorner_WC:both.late    0.004    0.100    0.104    N      N      explicit  risc_v_top_i_uart_IP_module_UART_full_duplex_rx_uart_shift_reg_Q_reg[6]/CK
DelayCorner_WC:both.late    0.004    0.100    0.104    N      N      explicit  risc_v_top_i_uart_IP_module_UART_full_duplex_rx_uart_shift_reg_Q_reg[7]/CK
-------------------------------------------------------------------------------------------------------------------------------------------------------------

Target sources:
auto extracted - target was extracted from SDC.
auto computed - target was computed when balancing trees.
explicit - target is explicitly set via target_max_trans property.
pin explicit - target is explicitly set for this pin via pin_target_max_trans property.
liberty explicit - target is explicitly set via max_transition from liberty library.

Found 0 pins on nets marked dont_touch that have slew violations.
Found 0 pins on nets marked dont_touch that do not have slew violations.
Found 0 pins on nets marked ideal_network that have slew violations.
Found 0 pins on nets marked ideal_network that do not have slew violations.


Report for clock tree: My_CLK:
==============================

Clock Tree Gating Structure (Logical):

# Full cycle clock gates   : 0
Minimum clock gating depth : 0
Maximum clock gating depth : 0
Clock gate area (um^2)     : 0.000

Clock Tree Buffering Structure (Logical):

# Buffers             :  39
# Inverters           :   0
  Total               :  39
Minimum depth         :   3
Maximum depth         :   3
Buffering area (um^2) : 258.210

Clock Tree Level Structure (Logical):

-----------------------------------------------------------------
Level  Full   Posedge  Negedge  Memory  Enable  Non enable  Other
       Cycle  Flops    Flops    Clock   Latch   Latch       Sinks
                                Pins    Sinks   Sinks       
-----------------------------------------------------------------
root     0     3299      220      0       0         0         0
-----------------------------------------------------------------
Total    0     3299      220      0       0         0         0
-----------------------------------------------------------------

Target and measured clock slews (in ns):

------------------------------------------------------------------------------------------------------------------------------------
Timing Corner              Worst Rising  Worst Falling  Worst Rising  Worst Falling  Leaf Slew    Leaf Slew  Trunk Slew   Trunk Slew
                           Leaf Slew     Leaf Slew      Trunk Slew    Trunk Slew     Target Type  Target     Target Type  Target
------------------------------------------------------------------------------------------------------------------------------------
DelayCorner_BC:both.early     0.030          0.030         0.031          0.023      ignored          -      ignored          -
DelayCorner_BC:both.late      0.031          0.031         0.032          0.024      ignored          -      ignored          -
DelayCorner_WC:both.early     0.088          0.103         0.073          0.091      ignored          -      ignored          -
DelayCorner_WC:both.late      0.088          0.104         0.075          0.091      explicit     *0.100     explicit      0.100
------------------------------------------------------------------------------------------------------------------------------------

* - indicates that target was not met.

auto extracted - target was extracted from SDC.
auto computed - target was computed when balancing trees.

