###############################################################
#  Generated by:      Cadence Innovus 21.12-s106_1
#  OS:                Linux x86_64(Host ID iteso-server)
#  Generated on:      Tue Nov 28 06:47:01 2023
#  Design:            risc_v_Pad_Frame
#  Command:           verifyMetalDensity -report risc_v_Pad_Frame.density.rpt
###############################################################

Verify Density report created on Tue Nov 28 06:47:01 2023

###############################################################
# Layer       M1 - Window size      : 120.0um X 120.0um
# Layer       M1 - Window step      : 60.0um X 60.0um
# Layer       M1 - Min Density      : 20%
# Layer       M1 - Pref Density     : 35%
# Layer       M1 - Max Density      : 65%
# Layer       M1 - Ext Density      : 35%
# Layer       M2 - Window size      : 120.0um X 120.0um
# Layer       M2 - Window step      : 60.0um X 60.0um
# Layer       M2 - Min Density      : 20%
# Layer       M2 - Pref Density     : 35%
# Layer       M2 - Max Density      : 65%
# Layer       M2 - Ext Density      : 35%
# Layer       M3 - Window size      : 120.0um X 120.0um
# Layer       M3 - Window step      : 60.0um X 60.0um
# Layer       M3 - Min Density      : 20%
# Layer       M3 - Pref Density     : 35%
# Layer       M3 - Max Density      : 65%
# Layer       M3 - Ext Density      : 35%
# Layer       M4 - Window size      : 120.0um X 120.0um
# Layer       M4 - Window step      : 60.0um X 60.0um
# Layer       M4 - Min Density      : 20%
# Layer       M4 - Pref Density     : 35%
# Layer       M4 - Max Density      : 65%
# Layer       M4 - Ext Density      : 35%
# Layer       M5 - Window size      : 120.0um X 120.0um
# Layer       M5 - Window step      : 60.0um X 60.0um
# Layer       M5 - Min Density      : 20%
# Layer       M5 - Pref Density     : 35%
# Layer       M5 - Max Density      : 65%
# Layer       M5 - Ext Density      : 35%
# Layer       M6 - Window size      : 120.0um X 120.0um
# Layer       M6 - Window step      : 60.0um X 60.0um
# Layer       M6 - Min Density      : 20%
# Layer       M6 - Pref Density     : 35%
# Layer       M6 - Max Density      : 65%
# Layer       M6 - Ext Density      : 35%
# Layer       M7 - Window size      : 120.0um X 120.0um
# Layer       M7 - Window step      : 60.0um X 60.0um
# Layer       M7 - Min Density      : 20%
# Layer       M7 - Pref Density     : 35%
# Layer       M7 - Max Density      : 65%
# Layer       M7 - Ext Density      : 35%
# Layer       M8 - Window size      : 120.0um X 120.0um
# Layer       M8 - Window step      : 60.0um X 60.0um
# Layer       M8 - Min Density      : 20%
# Layer       M8 - Pref Density     : 35%
# Layer       M8 - Max Density      : 65%
# Layer       M8 - Ext Density      : 35%
# Layer       M9 - Window size      : 120.0um X 120.0um
# Layer       M9 - Window step      : 60.0um X 60.0um
# Layer       M9 - Min Density      : 20%
# Layer       M9 - Pref Density     : 35%
# Layer       M9 - Max Density      : 65%
# Layer       M9 - Ext Density      : 35%
# Layer      M10 - Window size      : 120.0um X 120.0um
# Layer      M10 - Window step      : 60.0um X 60.0um
# Layer      M10 - Min Density      : 20%
# Layer      M10 - Pref Density     : 35%
# Layer      M10 - Max Density      : 65%
# Layer      M10 - Ext Density      : 35%
# Layer      M11 - Window size      : 120.0um X 120.0um
# Layer      M11 - Window step      : 60.0um X 60.0um
# Layer      M11 - Min Density      : 20%
# Layer      M11 - Pref Density     : 35%
# Layer      M11 - Max Density      : 65%
# Layer      M11 - Ext Density      : 35%
###############################################################


    Layer    Density(%)          Window  
***************************************************

     M11        0.00    (0 0) (120 120)
     M11        0.00    (60 0) (180 120)
     M11        0.00    (120 0) (240 120)
     M11        0.00    (180 0) (300 120)
     M11        0.04    (240 0) (360 120)
     M11        0.04    (300 0) (420 120)
     M11        0.00    (360 0) (480 120)
     M11        0.00    (420 0) (540 120)
     M11        0.00    (480 0) (600 120)
     M11        0.00    (540 0) (660 120)
     M11        0.00    (600 0) (720 120)
     M11        0.00    (660 0) (780 120)
     M11        0.00    (680 0) (800 120)
     M11        0.00    (0 60) (120 180)
     M11        0.00    (60 60) (180 180)
     M11        0.00    (120 60) (240 180)
     M11        0.00    (180 60) (300 180)
     M11        0.04    (240 60) (360 180)
     M11        0.04    (300 60) (420 180)
     M11        0.00    (360 60) (480 180)
     M11        0.00    (420 60) (540 180)
     M11        0.00    (480 60) (600 180)
     M11        0.00    (540 60) (660 180)
     M11        0.00    (600 60) (720 180)
     M11        0.00    (660 60) (780 180)
     M11        0.00    (680 60) (800 180)
     M11        0.00    (0 120) (120 240)
     M11        0.00    (60 120) (180 240)
     M11        0.00    (120 120) (240 240)
     M11        0.00    (180 120) (300 240)
     M11        0.00    (240 120) (360 240)
     M11        0.00    (300 120) (420 240)
     M11        0.00    (360 120) (480 240)
     M11        0.00    (420 120) (540 240)
     M11        0.00    (480 120) (600 240)
     M11        0.00    (540 120) (660 240)
     M11        0.00    (600 120) (720 240)
     M11        0.00    (660 120) (780 240)
     M11        0.00    (680 120) (800 240)
     M11        0.00    (0 180) (120 300)
     M11        0.00    (60 180) (180 300)
     M11        0.00    (120 180) (240 300)
     M11        0.00    (180 180) (300 300)
     M11        0.00    (240 180) (360 300)
     M11        0.00    (300 180) (420 300)
     M11        0.00    (360 180) (480 300)
     M11        0.00    (420 180) (540 300)
     M11        0.00    (480 180) (600 300)
     M11        0.00    (540 180) (660 300)
     M11        0.00    (600 180) (720 300)
     M11        0.00    (660 180) (780 300)
     M11        0.00    (680 180) (800 300)
     M11        0.04    (0 240) (120 360)
     M11        0.04    (60 240) (180 360)
     M11        0.00    (120 240) (240 360)
     M11        0.00    (180 240) (300 360)
     M11        0.00    (240 240) (360 360)
     M11        0.00    (300 240) (420 360)
     M11        0.00    (360 240) (480 360)
     M11        0.00    (420 240) (540 360)
     M11        0.00    (480 240) (600 360)
     M11        0.00    (540 240) (660 360)
     M11        0.04    (600 240) (720 360)
     M11        0.04    (660 240) (780 360)
     M11        0.04    (680 240) (800 360)
     M11        0.04    (0 300) (120 420)
     M11        0.04    (60 300) (180 420)
     M11        0.00    (120 300) (240 420)
     M11        0.00    (180 300) (300 420)
     M11        0.00    (240 300) (360 420)
     M11        0.00    (300 300) (420 420)
     M11        0.00    (360 300) (480 420)
     M11        0.00    (420 300) (540 420)
     M11        0.00    (480 300) (600 420)
     M11        0.00    (540 300) (660 420)
     M11        0.04    (600 300) (720 420)
     M11        0.04    (660 300) (780 420)
     M11        0.04    (680 300) (800 420)
     M11        0.00    (0 360) (120 480)
     M11        0.00    (60 360) (180 480)
     M11        0.00    (120 360) (240 480)
     M11        0.00    (180 360) (300 480)
     M11        0.00    (240 360) (360 480)
     M11        0.00    (300 360) (420 480)
     M11        0.00    (360 360) (480 480)
     M11        0.00    (420 360) (540 480)
     M11        0.00    (480 360) (600 480)
     M11        0.00    (540 360) (660 480)
     M11        0.00    (600 360) (720 480)
     M11        0.00    (660 360) (780 480)
     M11        0.00    (680 360) (800 480)
     M11        0.00    (0 420) (120 540)
     M11        0.00    (60 420) (180 540)
     M11        0.00    (120 420) (240 540)
     M11        0.00    (180 420) (300 540)
     M11        0.00    (240 420) (360 540)
     M11        0.00    (300 420) (420 540)
     M11        0.00    (360 420) (480 540)
     M11        0.00    (420 420) (540 540)
     M11        0.00    (480 420) (600 540)
     M11        0.00    (540 420) (660 540)
     M11        0.00    (600 420) (720 540)
     M11        0.00    (660 420) (780 540)
     M11        0.00    (680 420) (800 540)
     M11        0.00    (0 480) (120 600)
     M11        0.00    (60 480) (180 600)
     M11        0.00    (120 480) (240 600)
     M11        0.00    (180 480) (300 600)
     M11        0.00    (240 480) (360 600)
     M11        0.00    (300 480) (420 600)
     M11        0.00    (360 480) (480 600)
     M11        0.00    (420 480) (540 600)
     M11        0.00    (480 480) (600 600)
     M11        0.00    (540 480) (660 600)
     M11        0.00    (600 480) (720 600)
     M11        0.00    (660 480) (780 600)
     M11        0.00    (680 480) (800 600)
     M11        0.00    (0 540) (120 660)
     M11        0.00    (60 540) (180 660)
     M11        0.00    (120 540) (240 660)
     M11        0.00    (180 540) (300 660)
     M11        0.00    (240 540) (360 660)
     M11        0.00    (300 540) (420 660)
     M11        0.00    (360 540) (480 660)
     M11        0.00    (420 540) (540 660)
     M11        0.00    (480 540) (600 660)
     M11        0.00    (540 540) (660 660)
     M11        0.00    (600 540) (720 660)
     M11        0.00    (660 540) (780 660)
     M11        0.00    (680 540) (800 660)
     M11        0.00    (0 600) (120 720)
     M11        0.00    (60 600) (180 720)
     M11        0.00    (120 600) (240 720)
     M11        0.00    (180 600) (300 720)
     M11        0.08    (240 600) (360 720)
     M11        0.08    (300 600) (420 720)
     M11        0.00    (360 600) (480 720)
     M11        0.00    (420 600) (540 720)
     M11        0.00    (480 600) (600 720)
     M11        0.00    (540 600) (660 720)
     M11        0.00    (600 600) (720 720)
     M11        0.00    (660 600) (780 720)
     M11        0.00    (680 600) (800 720)
     M11        0.00    (0 660) (120 780)
     M11        0.00    (60 660) (180 780)
     M11        0.00    (120 660) (240 780)
     M11        0.00    (180 660) (300 780)
     M11        0.08    (240 660) (360 780)
     M11        0.08    (300 660) (420 780)
     M11        0.00    (360 660) (480 780)
     M11        0.00    (420 660) (540 780)
     M11        0.00    (480 660) (600 780)
     M11        0.00    (540 660) (660 780)
     M11        0.00    (600 660) (720 780)
     M11        0.00    (660 660) (780 780)
     M11        0.00    (680 660) (800 780)
     M11        0.00    (0 680.09) (120 800.09)
     M11        0.00    (60 680.09) (180 800.09)
     M11        0.00    (120 680.09) (240 800.09)
     M11        0.00    (180 680.09) (300 800.09)
     M11        0.08    (240 680.09) (360 800.09)
     M11        0.08    (300 680.09) (420 800.09)
     M11        0.00    (360 680.09) (480 800.09)
     M11        0.00    (420 680.09) (540 800.09)
     M11        0.00    (480 680.09) (600 800.09)
     M11        0.00    (540 680.09) (660 800.09)
     M11        0.00    (600 680.09) (720 800.09)
     M11        0.00    (660 680.09) (780 800.09)
     M11        0.00    (680 680.09) (800 800.09)

     M10        0.00    (0 0) (120 120)
     M10        0.00    (60 0) (180 120)
     M10        0.00    (120 0) (240 120)
     M10        0.00    (180 0) (300 120)
     M10        0.00    (240 0) (360 120)
     M10        0.00    (300 0) (420 120)
     M10        0.00    (360 0) (480 120)
     M10        0.00    (420 0) (540 120)
     M10        0.00    (480 0) (600 120)
     M10        0.00    (540 0) (660 120)
     M10        0.00    (600 0) (720 120)
     M10        0.00    (660 0) (780 120)
     M10        0.00    (680 0) (800 120)
     M10        0.00    (0 60) (120 180)
     M10        0.00    (60 60) (180 180)
     M10        0.00    (120 60) (240 180)
     M10        0.00    (180 60) (300 180)
     M10        0.00    (240 60) (360 180)
     M10        0.00    (300 60) (420 180)
     M10        0.00    (360 60) (480 180)
     M10        0.00    (420 60) (540 180)
     M10        0.00    (480 60) (600 180)
     M10        0.00    (540 60) (660 180)
     M10        0.00    (600 60) (720 180)
     M10        0.00    (660 60) (780 180)
     M10        0.00    (680 60) (800 180)
     M10        0.00    (0 120) (120 240)
     M10        0.00    (60 120) (180 240)
     M10        0.00    (120 120) (240 240)
     M10        0.00    (180 120) (300 240)
     M10        0.00    (240 120) (360 240)
     M10        0.00    (300 120) (420 240)
     M10        0.00    (360 120) (480 240)
     M10        0.00    (420 120) (540 240)
     M10        0.00    (480 120) (600 240)
     M10        0.00    (540 120) (660 240)
     M10        0.00    (600 120) (720 240)
     M10        0.00    (660 120) (780 240)
     M10        0.00    (680 120) (800 240)
     M10        0.00    (0 180) (120 300)
     M10        0.00    (60 180) (180 300)
     M10        0.00    (120 180) (240 300)
     M10        0.00    (180 180) (300 300)
     M10        0.00    (240 180) (360 300)
     M10        0.00    (300 180) (420 300)
     M10        0.00    (360 180) (480 300)
     M10        0.00    (420 180) (540 300)
     M10        0.00    (480 180) (600 300)
     M10        0.00    (540 180) (660 300)
     M10        0.00    (600 180) (720 300)
     M10        0.00    (660 180) (780 300)
     M10        0.00    (680 180) (800 300)
     M10        0.00    (0 240) (120 360)
     M10        0.00    (60 240) (180 360)
     M10        0.00    (120 240) (240 360)
     M10        0.00    (180 240) (300 360)
     M10        0.00    (240 240) (360 360)
     M10        0.00    (300 240) (420 360)
     M10        0.00    (360 240) (480 360)
     M10        0.00    (420 240) (540 360)
     M10        0.00    (480 240) (600 360)
     M10        0.00    (540 240) (660 360)
     M10        0.00    (600 240) (720 360)
     M10        0.00    (660 240) (780 360)
     M10        0.00    (680 240) (800 360)
     M10        0.00    (0 300) (120 420)
     M10        0.00    (60 300) (180 420)
     M10        0.00    (120 300) (240 420)
     M10        0.00    (180 300) (300 420)
     M10        0.00    (240 300) (360 420)
     M10        0.00    (300 300) (420 420)
     M10        0.00    (360 300) (480 420)
     M10        0.00    (420 300) (540 420)
     M10        0.00    (480 300) (600 420)
     M10        0.00    (540 300) (660 420)
     M10        0.00    (600 300) (720 420)
     M10        0.00    (660 300) (780 420)
     M10        0.00    (680 300) (800 420)
     M10        0.00    (0 360) (120 480)
     M10        0.00    (60 360) (180 480)
     M10        0.00    (120 360) (240 480)
     M10        0.00    (180 360) (300 480)
     M10        0.00    (240 360) (360 480)
     M10        0.00    (300 360) (420 480)
     M10        0.00    (360 360) (480 480)
     M10        0.00    (420 360) (540 480)
     M10        0.00    (480 360) (600 480)
     M10        0.00    (540 360) (660 480)
     M10        0.00    (600 360) (720 480)
     M10        0.00    (660 360) (780 480)
     M10        0.00    (680 360) (800 480)
     M10        0.00    (0 420) (120 540)
     M10        0.00    (60 420) (180 540)
     M10        0.00    (120 420) (240 540)
     M10        0.00    (180 420) (300 540)
     M10        0.00    (240 420) (360 540)
     M10        0.00    (300 420) (420 540)
     M10        0.00    (360 420) (480 540)
     M10        0.00    (420 420) (540 540)
     M10        0.00    (480 420) (600 540)
     M10        0.00    (540 420) (660 540)
     M10        0.00    (600 420) (720 540)
     M10        0.00    (660 420) (780 540)
     M10        0.00    (680 420) (800 540)
     M10        0.00    (0 480) (120 600)
     M10        0.00    (60 480) (180 600)
     M10        0.00    (120 480) (240 600)
     M10        0.00    (180 480) (300 600)
     M10        0.00    (240 480) (360 600)
     M10        0.00    (300 480) (420 600)
     M10        0.00    (360 480) (480 600)
     M10        0.00    (420 480) (540 600)
     M10        0.00    (480 480) (600 600)
     M10        0.00    (540 480) (660 600)
     M10        0.00    (600 480) (720 600)
     M10        0.00    (660 480) (780 600)
     M10        0.00    (680 480) (800 600)
     M10        0.00    (0 540) (120 660)
     M10        0.00    (60 540) (180 660)
     M10        0.00    (120 540) (240 660)
     M10        0.00    (180 540) (300 660)
     M10        0.00    (240 540) (360 660)
     M10        0.00    (300 540) (420 660)
     M10        0.00    (360 540) (480 660)
     M10        0.00    (420 540) (540 660)
     M10        0.00    (480 540) (600 660)
     M10        0.00    (540 540) (660 660)
     M10        0.00    (600 540) (720 660)
     M10        0.00    (660 540) (780 660)
     M10        0.00    (680 540) (800 660)
     M10        0.00    (0 600) (120 720)
     M10        0.00    (60 600) (180 720)
     M10        0.00    (120 600) (240 720)
     M10        0.00    (180 600) (300 720)
     M10        0.00    (240 600) (360 720)
     M10        0.00    (300 600) (420 720)
     M10        0.00    (360 600) (480 720)
     M10        0.00    (420 600) (540 720)
     M10        0.00    (480 600) (600 720)
     M10        0.00    (540 600) (660 720)
     M10        0.00    (600 600) (720 720)
     M10        0.00    (660 600) (780 720)
     M10        0.00    (680 600) (800 720)
     M10        0.00    (0 660) (120 780)
     M10        0.00    (60 660) (180 780)
     M10        0.00    (120 660) (240 780)
     M10        0.00    (180 660) (300 780)
     M10        0.00    (240 660) (360 780)
     M10        0.00    (300 660) (420 780)
     M10        0.00    (360 660) (480 780)
     M10        0.00    (420 660) (540 780)
     M10        0.00    (480 660) (600 780)
     M10        0.00    (540 660) (660 780)
     M10        0.00    (600 660) (720 780)
     M10        0.00    (660 660) (780 780)
     M10        0.00    (680 660) (800 780)
     M10        0.00    (0 680.09) (120 800.09)
     M10        0.00    (60 680.09) (180 800.09)
     M10        0.00    (120 680.09) (240 800.09)
     M10        0.00    (180 680.09) (300 800.09)
     M10        0.00    (240 680.09) (360 800.09)
     M10        0.00    (300 680.09) (420 800.09)
     M10        0.00    (360 680.09) (480 800.09)
     M10        0.00    (420 680.09) (540 800.09)
     M10        0.00    (480 680.09) (600 800.09)
     M10        0.00    (540 680.09) (660 800.09)
     M10        0.00    (600 680.09) (720 800.09)
     M10        0.00    (660 680.09) (780 800.09)
     M10        0.00    (680 680.09) (800 800.09)

      M9        0.00    (0 0) (120 120)
      M9        0.00    (60 0) (180 120)
      M9        0.00    (120 0) (240 120)
      M9        0.00    (180 0) (300 120)
      M9        0.00    (240 0) (360 120)
      M9        0.00    (300 0) (420 120)
      M9        0.00    (360 0) (480 120)
      M9        0.00    (420 0) (540 120)
      M9        0.00    (480 0) (600 120)
      M9        0.00    (540 0) (660 120)
      M9        0.00    (600 0) (720 120)
      M9        0.00    (660 0) (780 120)
      M9        0.00    (680 0) (800 120)
      M9        0.00    (0 60) (120 180)
      M9        0.00    (60 60) (180 180)
      M9        0.00    (120 60) (240 180)
      M9        0.00    (180 60) (300 180)
      M9        0.00    (240 60) (360 180)
      M9        0.00    (300 60) (420 180)
      M9        0.00    (360 60) (480 180)
      M9        0.00    (420 60) (540 180)
      M9        0.00    (480 60) (600 180)
      M9        0.00    (540 60) (660 180)
      M9        0.00    (600 60) (720 180)
      M9        0.00    (660 60) (780 180)
      M9        0.00    (680 60) (800 180)
      M9        0.00    (0 120) (120 240)
      M9        0.00    (60 120) (180 240)
      M9        0.00    (120 120) (240 240)
      M9        0.00    (180 120) (300 240)
      M9        0.00    (240 120) (360 240)
      M9        0.00    (300 120) (420 240)
      M9        0.00    (360 120) (480 240)
      M9        0.00    (420 120) (540 240)
      M9        0.00    (480 120) (600 240)
      M9        0.00    (540 120) (660 240)
      M9        0.00    (600 120) (720 240)
      M9        0.00    (660 120) (780 240)
      M9        0.00    (680 120) (800 240)
      M9        0.00    (0 180) (120 300)
      M9        0.00    (60 180) (180 300)
      M9        0.00    (120 180) (240 300)
      M9        0.00    (180 180) (300 300)
      M9        0.00    (240 180) (360 300)
      M9        0.00    (300 180) (420 300)
      M9        0.00    (360 180) (480 300)
      M9        0.00    (420 180) (540 300)
      M9        0.00    (480 180) (600 300)
      M9        0.00    (540 180) (660 300)
      M9        0.00    (600 180) (720 300)
      M9        0.00    (660 180) (780 300)
      M9        0.00    (680 180) (800 300)
      M9        0.00    (0 240) (120 360)
      M9        0.00    (60 240) (180 360)
      M9        0.00    (120 240) (240 360)
      M9        0.00    (180 240) (300 360)
      M9        0.00    (240 240) (360 360)
      M9        0.00    (300 240) (420 360)
      M9        0.00    (360 240) (480 360)
      M9        0.00    (420 240) (540 360)
      M9        0.00    (480 240) (600 360)
      M9        0.00    (540 240) (660 360)
      M9        0.00    (600 240) (720 360)
      M9        0.00    (660 240) (780 360)
      M9        0.00    (680 240) (800 360)
      M9        0.00    (0 300) (120 420)
      M9        0.00    (60 300) (180 420)
      M9        0.00    (120 300) (240 420)
      M9        0.00    (180 300) (300 420)
      M9        0.00    (240 300) (360 420)
      M9        0.00    (300 300) (420 420)
      M9        0.00    (360 300) (480 420)
      M9        0.00    (420 300) (540 420)
      M9        0.00    (480 300) (600 420)
      M9        0.00    (540 300) (660 420)
      M9        0.00    (600 300) (720 420)
      M9        0.00    (660 300) (780 420)
      M9        0.00    (680 300) (800 420)
      M9        0.00    (0 360) (120 480)
      M9        0.00    (60 360) (180 480)
      M9        0.00    (120 360) (240 480)
      M9        0.00    (180 360) (300 480)
      M9        0.00    (240 360) (360 480)
      M9        0.00    (300 360) (420 480)
      M9        0.00    (360 360) (480 480)
      M9        0.00    (420 360) (540 480)
      M9        0.00    (480 360) (600 480)
      M9        0.00    (540 360) (660 480)
      M9        0.00    (600 360) (720 480)
      M9        0.00    (660 360) (780 480)
      M9        0.00    (680 360) (800 480)
      M9        0.00    (0 420) (120 540)
      M9        0.00    (60 420) (180 540)
      M9        0.00    (120 420) (240 540)
      M9        0.00    (180 420) (300 540)
      M9        0.00    (240 420) (360 540)
      M9        0.00    (300 420) (420 540)
      M9        0.00    (360 420) (480 540)
      M9        0.00    (420 420) (540 540)
      M9        0.00    (480 420) (600 540)
      M9        0.00    (540 420) (660 540)
      M9        0.00    (600 420) (720 540)
      M9        0.00    (660 420) (780 540)
      M9        0.00    (680 420) (800 540)
      M9        0.00    (0 480) (120 600)
      M9        0.00    (60 480) (180 600)
      M9        0.00    (120 480) (240 600)
      M9        0.00    (180 480) (300 600)
      M9        0.00    (240 480) (360 600)
      M9        0.00    (300 480) (420 600)
      M9        0.00    (360 480) (480 600)
      M9        0.00    (420 480) (540 600)
      M9        0.00    (480 480) (600 600)
      M9        0.00    (540 480) (660 600)
      M9        0.00    (600 480) (720 600)
      M9        0.00    (660 480) (780 600)
      M9        0.00    (680 480) (800 600)
      M9        0.00    (0 540) (120 660)
      M9        0.00    (60 540) (180 660)
      M9        0.00    (120 540) (240 660)
      M9        0.00    (180 540) (300 660)
      M9        0.00    (240 540) (360 660)
      M9        0.00    (300 540) (420 660)
      M9        0.00    (360 540) (480 660)
      M9        0.00    (420 540) (540 660)
      M9        0.00    (480 540) (600 660)
      M9        0.00    (540 540) (660 660)
      M9        0.00    (600 540) (720 660)
      M9        0.00    (660 540) (780 660)
      M9        0.00    (680 540) (800 660)
      M9        0.00    (0 600) (120 720)
      M9        0.00    (60 600) (180 720)
      M9        0.00    (120 600) (240 720)
      M9        0.00    (180 600) (300 720)
      M9        0.00    (240 600) (360 720)
      M9        0.00    (300 600) (420 720)
      M9        0.00    (360 600) (480 720)
      M9        0.00    (420 600) (540 720)
      M9        0.00    (480 600) (600 720)
      M9        0.00    (540 600) (660 720)
      M9        0.00    (600 600) (720 720)
      M9        0.00    (660 600) (780 720)
      M9        0.00    (680 600) (800 720)
      M9        0.00    (0 660) (120 780)
      M9        0.00    (60 660) (180 780)
      M9        0.00    (120 660) (240 780)
      M9        0.00    (180 660) (300 780)
      M9        0.00    (240 660) (360 780)
      M9        0.00    (300 660) (420 780)
      M9        0.00    (360 660) (480 780)
      M9        0.00    (420 660) (540 780)
      M9        0.00    (480 660) (600 780)
      M9        0.00    (540 660) (660 780)
      M9        0.00    (600 660) (720 780)
      M9        0.00    (660 660) (780 780)
      M9        0.00    (680 660) (800 780)
      M9        0.00    (0 680.09) (120 800.09)
      M9        0.00    (60 680.09) (180 800.09)
      M9        0.00    (120 680.09) (240 800.09)
      M9        0.00    (180 680.09) (300 800.09)
      M9        0.00    (240 680.09) (360 800.09)
      M9        0.00    (300 680.09) (420 800.09)
      M9        0.00    (360 680.09) (480 800.09)
      M9        0.00    (420 680.09) (540 800.09)
      M9        0.00    (480 680.09) (600 800.09)
      M9        0.00    (540 680.09) (660 800.09)
      M9        0.00    (600 680.09) (720 800.09)
      M9        0.00    (660 680.09) (780 800.09)
      M9        0.00    (680 680.09) (800 800.09)

      M8        0.00    (0 0) (120 120)
      M8        0.00    (60 0) (180 120)
      M8        0.00    (120 0) (240 120)
      M8        0.00    (180 0) (300 120)
      M8        0.00    (240 0) (360 120)
      M8        0.00    (300 0) (420 120)
      M8        0.00    (360 0) (480 120)
      M8        0.00    (420 0) (540 120)
      M8        0.00    (480 0) (600 120)
      M8        0.00    (540 0) (660 120)
      M8        0.00    (600 0) (720 120)
      M8        0.00    (660 0) (780 120)
      M8        0.00    (680 0) (800 120)
      M8        0.00    (0 60) (120 180)
      M8        0.00    (60 60) (180 180)
      M8        0.00    (120 60) (240 180)
      M8        0.00    (180 60) (300 180)
      M8        0.00    (240 60) (360 180)
      M8        0.00    (300 60) (420 180)
      M8        0.00    (360 60) (480 180)
      M8        0.00    (420 60) (540 180)
      M8        0.00    (480 60) (600 180)
      M8        0.00    (540 60) (660 180)
      M8        0.00    (600 60) (720 180)
      M8        0.00    (660 60) (780 180)
      M8        0.00    (680 60) (800 180)
      M8        0.00    (0 120) (120 240)
      M8        0.00    (60 120) (180 240)
      M8        0.00    (120 120) (240 240)
      M8        0.00    (180 120) (300 240)
      M8        0.00    (240 120) (360 240)
      M8        0.00    (300 120) (420 240)
      M8        0.00    (360 120) (480 240)
      M8        0.00    (420 120) (540 240)
      M8        0.00    (480 120) (600 240)
      M8        0.00    (540 120) (660 240)
      M8        0.00    (600 120) (720 240)
      M8        0.00    (660 120) (780 240)
      M8        0.00    (680 120) (800 240)
      M8        0.00    (0 180) (120 300)
      M8        0.00    (60 180) (180 300)
      M8        0.00    (120 180) (240 300)
      M8        0.00    (180 180) (300 300)
      M8        0.00    (240 180) (360 300)
      M8        0.00    (300 180) (420 300)
      M8        0.00    (360 180) (480 300)
      M8        0.00    (420 180) (540 300)
      M8        0.00    (480 180) (600 300)
      M8        0.00    (540 180) (660 300)
      M8        0.00    (600 180) (720 300)
      M8        0.00    (660 180) (780 300)
      M8        0.00    (680 180) (800 300)
      M8        0.00    (0 240) (120 360)
      M8        0.00    (60 240) (180 360)
      M8        0.00    (120 240) (240 360)
      M8        0.00    (180 240) (300 360)
      M8        0.00    (240 240) (360 360)
      M8        0.00    (300 240) (420 360)
      M8        0.00    (360 240) (480 360)
      M8        0.00    (420 240) (540 360)
      M8        0.00    (480 240) (600 360)
      M8        0.00    (540 240) (660 360)
      M8        0.00    (600 240) (720 360)
      M8        0.00    (660 240) (780 360)
      M8        0.00    (680 240) (800 360)
      M8        0.00    (0 300) (120 420)
      M8        0.00    (60 300) (180 420)
      M8        0.00    (120 300) (240 420)
      M8        0.00    (180 300) (300 420)
      M8        0.00    (240 300) (360 420)
      M8        0.00    (300 300) (420 420)
      M8        0.00    (360 300) (480 420)
      M8        0.00    (420 300) (540 420)
      M8        0.00    (480 300) (600 420)
      M8        0.00    (540 300) (660 420)
      M8        0.00    (600 300) (720 420)
      M8        0.00    (660 300) (780 420)
      M8        0.00    (680 300) (800 420)
      M8        0.00    (0 360) (120 480)
      M8        0.00    (60 360) (180 480)
      M8        0.00    (120 360) (240 480)
      M8        0.00    (180 360) (300 480)
      M8        0.00    (240 360) (360 480)
      M8        0.00    (300 360) (420 480)
      M8        0.00    (360 360) (480 480)
      M8        0.00    (420 360) (540 480)
      M8        0.00    (480 360) (600 480)
      M8        0.00    (540 360) (660 480)
      M8        0.00    (600 360) (720 480)
      M8        0.00    (660 360) (780 480)
      M8        0.00    (680 360) (800 480)
      M8        0.00    (0 420) (120 540)
      M8        0.00    (60 420) (180 540)
      M8        0.00    (120 420) (240 540)
      M8        0.00    (180 420) (300 540)
      M8        0.00    (240 420) (360 540)
      M8        0.00    (300 420) (420 540)
      M8        0.00    (360 420) (480 540)
      M8        0.00    (420 420) (540 540)
      M8        0.00    (480 420) (600 540)
      M8        0.00    (540 420) (660 540)
      M8        0.00    (600 420) (720 540)
      M8        0.00    (660 420) (780 540)
      M8        0.00    (680 420) (800 540)
      M8        0.00    (0 480) (120 600)
      M8        0.00    (60 480) (180 600)
      M8        0.00    (120 480) (240 600)
      M8        0.00    (180 480) (300 600)
      M8        0.00    (240 480) (360 600)
      M8        0.00    (300 480) (420 600)
      M8        0.00    (360 480) (480 600)
      M8        0.00    (420 480) (540 600)
      M8        0.00    (480 480) (600 600)
      M8        0.00    (540 480) (660 600)
      M8        0.00    (600 480) (720 600)
      M8        0.00    (660 480) (780 600)
      M8        0.00    (680 480) (800 600)
      M8        0.00    (0 540) (120 660)
      M8        0.00    (60 540) (180 660)
      M8        0.00    (120 540) (240 660)
      M8        0.00    (180 540) (300 660)
      M8        0.00    (240 540) (360 660)
      M8        0.00    (300 540) (420 660)
      M8        0.00    (360 540) (480 660)
      M8        0.00    (420 540) (540 660)
      M8        0.00    (480 540) (600 660)
      M8        0.00    (540 540) (660 660)
      M8        0.00    (600 540) (720 660)
      M8        0.00    (660 540) (780 660)
      M8        0.00    (680 540) (800 660)
      M8        0.00    (0 600) (120 720)
      M8        0.00    (60 600) (180 720)
      M8        0.00    (120 600) (240 720)
      M8        0.00    (180 600) (300 720)
      M8        0.00    (240 600) (360 720)
      M8        0.00    (300 600) (420 720)
      M8        0.00    (360 600) (480 720)
      M8        0.00    (420 600) (540 720)
      M8        0.00    (480 600) (600 720)
      M8        0.00    (540 600) (660 720)
      M8        0.00    (600 600) (720 720)
      M8        0.00    (660 600) (780 720)
      M8        0.00    (680 600) (800 720)
      M8        0.00    (0 660) (120 780)
      M8        0.00    (60 660) (180 780)
      M8        0.00    (120 660) (240 780)
      M8        0.00    (180 660) (300 780)
      M8        0.00    (240 660) (360 780)
      M8        0.00    (300 660) (420 780)
      M8        0.00    (360 660) (480 780)
      M8        0.00    (420 660) (540 780)
      M8        0.00    (480 660) (600 780)
      M8        0.00    (540 660) (660 780)
      M8        0.00    (600 660) (720 780)
      M8        0.00    (660 660) (780 780)
      M8        0.00    (680 660) (800 780)
      M8        0.00    (0 680.09) (120 800.09)
      M8        0.00    (60 680.09) (180 800.09)
      M8        0.00    (120 680.09) (240 800.09)
      M8        0.00    (180 680.09) (300 800.09)
      M8        0.00    (240 680.09) (360 800.09)
      M8        0.00    (300 680.09) (420 800.09)
      M8        0.00    (360 680.09) (480 800.09)
      M8        0.00    (420 680.09) (540 800.09)
      M8        0.00    (480 680.09) (600 800.09)
      M8        0.00    (540 680.09) (660 800.09)
      M8        0.00    (600 680.09) (720 800.09)
      M8        0.00    (660 680.09) (780 800.09)
      M8        0.00    (680 680.09) (800 800.09)

      M7        0.00    (0 0) (120 120)
      M7        0.00    (60 0) (180 120)
      M7        0.00    (120 0) (240 120)
      M7        0.00    (180 0) (300 120)
      M7        0.00    (240 0) (360 120)
      M7        0.00    (300 0) (420 120)
      M7        0.00    (360 0) (480 120)
      M7        0.00    (420 0) (540 120)
      M7        0.00    (480 0) (600 120)
      M7        0.00    (540 0) (660 120)
      M7        0.00    (600 0) (720 120)
      M7        0.00    (660 0) (780 120)
      M7        0.00    (680 0) (800 120)
      M7        0.00    (0 60) (120 180)
      M7        0.00    (60 60) (180 180)
      M7        0.00    (120 60) (240 180)
      M7        0.00    (180 60) (300 180)
      M7        0.00    (240 60) (360 180)
      M7        0.00    (300 60) (420 180)
      M7        0.00    (360 60) (480 180)
      M7        0.00    (420 60) (540 180)
      M7        0.00    (480 60) (600 180)
      M7        0.00    (540 60) (660 180)
      M7        0.00    (600 60) (720 180)
      M7        0.00    (660 60) (780 180)
      M7        0.00    (680 60) (800 180)
      M7        0.00    (0 120) (120 240)
      M7        0.00    (60 120) (180 240)
      M7        0.00    (120 120) (240 240)
      M7        0.00    (180 120) (300 240)
      M7        0.00    (240 120) (360 240)
      M7        0.00    (300 120) (420 240)
      M7        0.00    (360 120) (480 240)
      M7        0.00    (420 120) (540 240)
      M7        0.00    (480 120) (600 240)
      M7        0.00    (540 120) (660 240)
      M7        0.00    (600 120) (720 240)
      M7        0.00    (660 120) (780 240)
      M7        0.00    (680 120) (800 240)
      M7        0.00    (0 180) (120 300)
      M7        0.00    (60 180) (180 300)
      M7        0.00    (120 180) (240 300)
      M7        0.00    (180 180) (300 300)
      M7        0.00    (240 180) (360 300)
      M7        0.00    (300 180) (420 300)
      M7        0.00    (360 180) (480 300)
      M7        0.00    (420 180) (540 300)
      M7        0.00    (480 180) (600 300)
      M7        0.00    (540 180) (660 300)
      M7        0.00    (600 180) (720 300)
      M7        0.00    (660 180) (780 300)
      M7        0.00    (680 180) (800 300)
      M7        0.00    (0 240) (120 360)
      M7        0.00    (60 240) (180 360)
      M7        0.00    (120 240) (240 360)
      M7        0.00    (180 240) (300 360)
      M7        0.00    (240 240) (360 360)
      M7        0.00    (300 240) (420 360)
      M7        0.00    (360 240) (480 360)
      M7        0.00    (420 240) (540 360)
      M7        0.00    (480 240) (600 360)
      M7        0.00    (540 240) (660 360)
      M7        0.00    (600 240) (720 360)
      M7        0.00    (660 240) (780 360)
      M7        0.00    (680 240) (800 360)
      M7        0.00    (0 300) (120 420)
      M7        0.00    (60 300) (180 420)
      M7        0.00    (120 300) (240 420)
      M7        0.00    (180 300) (300 420)
      M7        0.00    (240 300) (360 420)
      M7        0.00    (300 300) (420 420)
      M7        0.00    (360 300) (480 420)
      M7        0.00    (420 300) (540 420)
      M7        0.00    (480 300) (600 420)
      M7        0.00    (540 300) (660 420)
      M7        0.00    (600 300) (720 420)
      M7        0.00    (660 300) (780 420)
      M7        0.00    (680 300) (800 420)
      M7        0.00    (0 360) (120 480)
      M7        0.00    (60 360) (180 480)
      M7        0.00    (120 360) (240 480)
      M7        0.00    (180 360) (300 480)
      M7        0.00    (240 360) (360 480)
      M7        0.00    (300 360) (420 480)
      M7        0.00    (360 360) (480 480)
      M7        0.00    (420 360) (540 480)
      M7        0.00    (480 360) (600 480)
      M7        0.00    (540 360) (660 480)
      M7        0.00    (600 360) (720 480)
      M7        0.00    (660 360) (780 480)
      M7        0.00    (680 360) (800 480)
      M7        0.00    (0 420) (120 540)
      M7        0.00    (60 420) (180 540)
      M7        0.00    (120 420) (240 540)
      M7        0.00    (180 420) (300 540)
      M7        0.00    (240 420) (360 540)
      M7        0.00    (300 420) (420 540)
      M7        0.00    (360 420) (480 540)
      M7        0.00    (420 420) (540 540)
      M7        0.00    (480 420) (600 540)
      M7        0.00    (540 420) (660 540)
      M7        0.00    (600 420) (720 540)
      M7        0.00    (660 420) (780 540)
      M7        0.00    (680 420) (800 540)
      M7        0.00    (0 480) (120 600)
      M7        0.00    (60 480) (180 600)
      M7        0.00    (120 480) (240 600)
      M7        0.00    (180 480) (300 600)
      M7        0.00    (240 480) (360 600)
      M7        0.00    (300 480) (420 600)
      M7        0.00    (360 480) (480 600)
      M7        0.00    (420 480) (540 600)
      M7        0.00    (480 480) (600 600)
      M7        0.00    (540 480) (660 600)
      M7        0.00    (600 480) (720 600)
      M7        0.00    (660 480) (780 600)
      M7        0.00    (680 480) (800 600)
      M7        0.00    (0 540) (120 660)
      M7        0.00    (60 540) (180 660)
      M7        0.00    (120 540) (240 660)
      M7        0.00    (180 540) (300 660)
      M7        0.00    (240 540) (360 660)
      M7        0.00    (300 540) (420 660)
      M7        0.00    (360 540) (480 660)
      M7        0.00    (420 540) (540 660)
      M7        0.00    (480 540) (600 660)
      M7        0.00    (540 540) (660 660)
      M7        0.00    (600 540) (720 660)
      M7        0.00    (660 540) (780 660)
      M7        0.00    (680 540) (800 660)
      M7        0.00    (0 600) (120 720)
      M7        0.00    (60 600) (180 720)
      M7        0.00    (120 600) (240 720)
      M7        0.00    (180 600) (300 720)
      M7        0.00    (240 600) (360 720)
      M7        0.00    (300 600) (420 720)
      M7        0.00    (360 600) (480 720)
      M7        0.00    (420 600) (540 720)
      M7        0.00    (480 600) (600 720)
      M7        0.00    (540 600) (660 720)
      M7        0.00    (600 600) (720 720)
      M7        0.00    (660 600) (780 720)
      M7        0.00    (680 600) (800 720)
      M7        0.00    (0 660) (120 780)
      M7        0.00    (60 660) (180 780)
      M7        0.00    (120 660) (240 780)
      M7        0.00    (180 660) (300 780)
      M7        0.00    (240 660) (360 780)
      M7        0.00    (300 660) (420 780)
      M7        0.00    (360 660) (480 780)
      M7        0.00    (420 660) (540 780)
      M7        0.00    (480 660) (600 780)
      M7        0.00    (540 660) (660 780)
      M7        0.00    (600 660) (720 780)
      M7        0.00    (660 660) (780 780)
      M7        0.00    (680 660) (800 780)
      M7        0.00    (0 680.09) (120 800.09)
      M7        0.00    (60 680.09) (180 800.09)
      M7        0.00    (120 680.09) (240 800.09)
      M7        0.00    (180 680.09) (300 800.09)
      M7        0.00    (240 680.09) (360 800.09)
      M7        0.00    (300 680.09) (420 800.09)
      M7        0.00    (360 680.09) (480 800.09)
      M7        0.00    (420 680.09) (540 800.09)
      M7        0.00    (480 680.09) (600 800.09)
      M7        0.00    (540 680.09) (660 800.09)
      M7        0.00    (600 680.09) (720 800.09)
      M7        0.00    (660 680.09) (780 800.09)
      M7        0.00    (680 680.09) (800 800.09)

      M6        0.00    (0 0) (120 120)
      M6        0.00    (60 0) (180 120)
      M6        0.00    (120 0) (240 120)
      M6        0.00    (180 0) (300 120)
      M6        0.00    (240 0) (360 120)
      M6        0.00    (300 0) (420 120)
      M6        0.00    (360 0) (480 120)
      M6        0.00    (420 0) (540 120)
      M6        0.00    (480 0) (600 120)
      M6        0.00    (540 0) (660 120)
      M6        0.00    (600 0) (720 120)
      M6        0.00    (660 0) (780 120)
      M6        0.00    (680 0) (800 120)
      M6        0.00    (0 60) (120 180)
      M6        0.00    (60 60) (180 180)
      M6        0.00    (120 60) (240 180)
      M6        0.00    (180 60) (300 180)
      M6        0.00    (240 60) (360 180)
      M6        0.00    (300 60) (420 180)
      M6        0.00    (360 60) (480 180)
      M6        0.00    (420 60) (540 180)
      M6        0.00    (480 60) (600 180)
      M6        0.00    (540 60) (660 180)
      M6        0.00    (600 60) (720 180)
      M6        0.00    (660 60) (780 180)
      M6        0.00    (680 60) (800 180)
      M6        0.00    (0 120) (120 240)
      M6        0.00    (60 120) (180 240)
      M6        0.00    (120 120) (240 240)
      M6        0.00    (180 120) (300 240)
      M6        0.00    (240 120) (360 240)
      M6        0.00    (300 120) (420 240)
      M6        0.00    (360 120) (480 240)
      M6        0.00    (420 120) (540 240)
      M6        0.00    (480 120) (600 240)
      M6        0.00    (540 120) (660 240)
      M6        0.00    (600 120) (720 240)
      M6        0.00    (660 120) (780 240)
      M6        0.00    (680 120) (800 240)
      M6        0.00    (0 180) (120 300)
      M6        0.00    (60 180) (180 300)
      M6        0.00    (120 180) (240 300)
      M6        0.00    (180 180) (300 300)
      M6        0.00    (240 180) (360 300)
      M6        0.00    (300 180) (420 300)
      M6        0.00    (360 180) (480 300)
      M6        0.00    (420 180) (540 300)
      M6        0.00    (480 180) (600 300)
      M6        0.00    (540 180) (660 300)
      M6        0.00    (600 180) (720 300)
      M6        0.00    (660 180) (780 300)
      M6        0.00    (680 180) (800 300)
      M6        0.00    (0 240) (120 360)
      M6        0.00    (60 240) (180 360)
      M6        0.00    (120 240) (240 360)
      M6        0.00    (180 240) (300 360)
      M6        0.00    (240 240) (360 360)
      M6        0.00    (300 240) (420 360)
      M6        0.00    (360 240) (480 360)
      M6        0.00    (420 240) (540 360)
      M6        0.00    (480 240) (600 360)
      M6        0.00    (540 240) (660 360)
      M6        0.00    (600 240) (720 360)
      M6        0.00    (660 240) (780 360)
      M6        0.00    (680 240) (800 360)
      M6        0.00    (0 300) (120 420)
      M6        0.00    (60 300) (180 420)
      M6        0.00    (120 300) (240 420)
      M6        0.00    (180 300) (300 420)
      M6        0.00    (240 300) (360 420)
      M6        0.00    (300 300) (420 420)
      M6        0.00    (360 300) (480 420)
      M6        0.00    (420 300) (540 420)
      M6        0.00    (480 300) (600 420)
      M6        0.00    (540 300) (660 420)
      M6        0.00    (600 300) (720 420)
      M6        0.00    (660 300) (780 420)
      M6        0.00    (680 300) (800 420)
      M6        0.00    (0 360) (120 480)
      M6        0.00    (60 360) (180 480)
      M6        0.00    (120 360) (240 480)
      M6        0.00    (180 360) (300 480)
      M6        0.00    (240 360) (360 480)
      M6        0.00    (300 360) (420 480)
      M6        0.00    (360 360) (480 480)
      M6        0.00    (420 360) (540 480)
      M6        0.00    (480 360) (600 480)
      M6        0.00    (540 360) (660 480)
      M6        0.00    (600 360) (720 480)
      M6        0.00    (660 360) (780 480)
      M6        0.00    (680 360) (800 480)
      M6        0.00    (0 420) (120 540)
      M6        0.00    (60 420) (180 540)
      M6        0.00    (120 420) (240 540)
      M6        0.00    (180 420) (300 540)
      M6        0.00    (240 420) (360 540)
      M6        0.00    (300 420) (420 540)
      M6        0.00    (360 420) (480 540)
      M6        0.00    (420 420) (540 540)
      M6        0.00    (480 420) (600 540)
      M6        0.00    (540 420) (660 540)
      M6        0.00    (600 420) (720 540)
      M6        0.00    (660 420) (780 540)
      M6        0.00    (680 420) (800 540)
      M6        0.00    (0 480) (120 600)
      M6        0.00    (60 480) (180 600)
      M6        0.00    (120 480) (240 600)
      M6        0.00    (180 480) (300 600)
      M6        0.00    (240 480) (360 600)
      M6        0.00    (300 480) (420 600)
      M6        0.00    (360 480) (480 600)
      M6        0.00    (420 480) (540 600)
      M6        0.00    (480 480) (600 600)
      M6        0.00    (540 480) (660 600)
      M6        0.00    (600 480) (720 600)
      M6        0.00    (660 480) (780 600)
      M6        0.00    (680 480) (800 600)
      M6        0.00    (0 540) (120 660)
      M6        0.00    (60 540) (180 660)
      M6        0.00    (120 540) (240 660)
      M6        0.00    (180 540) (300 660)
      M6        0.00    (240 540) (360 660)
      M6        0.00    (300 540) (420 660)
      M6        0.00    (360 540) (480 660)
      M6        0.00    (420 540) (540 660)
      M6        0.00    (480 540) (600 660)
      M6        0.00    (540 540) (660 660)
      M6        0.00    (600 540) (720 660)
      M6        0.00    (660 540) (780 660)
      M6        0.00    (680 540) (800 660)
      M6        0.00    (0 600) (120 720)
      M6        0.00    (60 600) (180 720)
      M6        0.00    (120 600) (240 720)
      M6        0.00    (180 600) (300 720)
      M6        0.00    (240 600) (360 720)
      M6        0.00    (300 600) (420 720)
      M6        0.00    (360 600) (480 720)
      M6        0.00    (420 600) (540 720)
      M6        0.00    (480 600) (600 720)
      M6        0.00    (540 600) (660 720)
      M6        0.00    (600 600) (720 720)
      M6        0.00    (660 600) (780 720)
      M6        0.00    (680 600) (800 720)
      M6        0.00    (0 660) (120 780)
      M6        0.00    (60 660) (180 780)
      M6        0.00    (120 660) (240 780)
      M6        0.00    (180 660) (300 780)
      M6        0.00    (240 660) (360 780)
      M6        0.00    (300 660) (420 780)
      M6        0.00    (360 660) (480 780)
      M6        0.00    (420 660) (540 780)
      M6        0.00    (480 660) (600 780)
      M6        0.00    (540 660) (660 780)
      M6        0.00    (600 660) (720 780)
      M6        0.00    (660 660) (780 780)
      M6        0.00    (680 660) (800 780)
      M6        0.00    (0 680.09) (120 800.09)
      M6        0.00    (60 680.09) (180 800.09)
      M6        0.00    (120 680.09) (240 800.09)
      M6        0.00    (180 680.09) (300 800.09)
      M6        0.00    (240 680.09) (360 800.09)
      M6        0.00    (300 680.09) (420 800.09)
      M6        0.00    (360 680.09) (480 800.09)
      M6        0.00    (420 680.09) (540 800.09)
      M6        0.00    (480 680.09) (600 800.09)
      M6        0.00    (540 680.09) (660 800.09)
      M6        0.00    (600 680.09) (720 800.09)
      M6        0.00    (660 680.09) (780 800.09)
      M6        0.00    (680 680.09) (800 800.09)

      M5        0.00    (0 0) (120 120)
      M5        0.00    (60 0) (180 120)
      M5        0.00    (120 0) (240 120)
      M5        0.00    (180 0) (300 120)
      M5        0.00    (240 0) (360 120)
      M5        0.00    (300 0) (420 120)
      M5        0.00    (360 0) (480 120)
      M5        0.00    (420 0) (540 120)
      M5        0.00    (480 0) (600 120)
      M5        0.00    (540 0) (660 120)
      M5        0.00    (600 0) (720 120)
      M5        0.00    (660 0) (780 120)
      M5        0.00    (680 0) (800 120)
      M5        0.00    (0 60) (120 180)
      M5        0.00    (60 60) (180 180)
      M5        0.00    (120 60) (240 180)
      M5        0.00    (180 60) (300 180)
      M5        0.00    (240 60) (360 180)
      M5        0.00    (300 60) (420 180)
      M5        0.00    (360 60) (480 180)
      M5        0.00    (420 60) (540 180)
      M5        0.00    (480 60) (600 180)
      M5        0.00    (540 60) (660 180)
      M5        0.00    (600 60) (720 180)
      M5        0.00    (660 60) (780 180)
      M5        0.00    (680 60) (800 180)
      M5        0.00    (0 120) (120 240)
      M5        0.00    (60 120) (180 240)
      M5        0.00    (120 120) (240 240)
      M5        0.00    (180 120) (300 240)
      M5        0.00    (240 120) (360 240)
      M5        0.00    (300 120) (420 240)
      M5        0.00    (360 120) (480 240)
      M5        0.00    (420 120) (540 240)
      M5        0.00    (480 120) (600 240)
      M5        0.00    (540 120) (660 240)
      M5        0.00    (600 120) (720 240)
      M5        0.00    (660 120) (780 240)
      M5        0.00    (680 120) (800 240)
      M5        0.00    (0 180) (120 300)
      M5        0.00    (60 180) (180 300)
      M5        0.00    (120 180) (240 300)
      M5        0.00    (180 180) (300 300)
      M5        0.00    (240 180) (360 300)
      M5        0.00    (300 180) (420 300)
      M5        0.00    (360 180) (480 300)
      M5        0.00    (420 180) (540 300)
      M5        0.00    (480 180) (600 300)
      M5        0.00    (540 180) (660 300)
      M5        0.00    (600 180) (720 300)
      M5        0.00    (660 180) (780 300)
      M5        0.00    (680 180) (800 300)
      M5        0.00    (0 240) (120 360)
      M5        0.00    (60 240) (180 360)
      M5        0.00    (120 240) (240 360)
      M5        0.00    (180 240) (300 360)
      M5        0.00    (240 240) (360 360)
      M5        0.00    (300 240) (420 360)
      M5        0.00    (360 240) (480 360)
      M5        0.00    (420 240) (540 360)
      M5        0.00    (480 240) (600 360)
      M5        0.00    (540 240) (660 360)
      M5        0.00    (600 240) (720 360)
      M5        0.00    (660 240) (780 360)
      M5        0.00    (680 240) (800 360)
      M5        0.00    (0 300) (120 420)
      M5        0.00    (60 300) (180 420)
      M5        0.00    (120 300) (240 420)
      M5        0.00    (180 300) (300 420)
      M5        0.00    (240 300) (360 420)
      M5        0.00    (300 300) (420 420)
      M5        0.00    (360 300) (480 420)
      M5        0.00    (420 300) (540 420)
      M5        0.00    (480 300) (600 420)
      M5        0.00    (540 300) (660 420)
      M5        0.00    (600 300) (720 420)
      M5        0.00    (660 300) (780 420)
      M5        0.00    (680 300) (800 420)
      M5        0.00    (0 360) (120 480)
      M5        0.00    (60 360) (180 480)
      M5        0.00    (120 360) (240 480)
      M5        0.00    (180 360) (300 480)
      M5        0.00    (240 360) (360 480)
      M5        0.00    (300 360) (420 480)
      M5        0.00    (360 360) (480 480)
      M5        0.00    (420 360) (540 480)
      M5        0.00    (480 360) (600 480)
      M5        0.00    (540 360) (660 480)
      M5        0.00    (600 360) (720 480)
      M5        0.00    (660 360) (780 480)
      M5        0.00    (680 360) (800 480)
      M5        0.00    (0 420) (120 540)
      M5        0.00    (60 420) (180 540)
      M5        0.00    (120 420) (240 540)
      M5        0.00    (180 420) (300 540)
      M5        0.00    (240 420) (360 540)
      M5        0.00    (300 420) (420 540)
      M5        0.00    (360 420) (480 540)
      M5        0.00    (420 420) (540 540)
      M5        0.00    (480 420) (600 540)
      M5        0.00    (540 420) (660 540)
      M5        0.00    (600 420) (720 540)
      M5        0.00    (660 420) (780 540)
      M5        0.00    (680 420) (800 540)
      M5        0.00    (0 480) (120 600)
      M5        0.00    (60 480) (180 600)
      M5        0.00    (120 480) (240 600)
      M5        0.00    (180 480) (300 600)
      M5        0.00    (240 480) (360 600)
      M5        0.00    (300 480) (420 600)
      M5        0.00    (360 480) (480 600)
      M5        0.00    (420 480) (540 600)
      M5        0.00    (480 480) (600 600)
      M5        0.00    (540 480) (660 600)
      M5        0.00    (600 480) (720 600)
      M5        0.00    (660 480) (780 600)
      M5        0.00    (680 480) (800 600)
      M5        0.00    (0 540) (120 660)
      M5        0.00    (60 540) (180 660)
      M5        0.00    (120 540) (240 660)
      M5        0.00    (180 540) (300 660)
      M5        0.00    (240 540) (360 660)
      M5        0.00    (300 540) (420 660)
      M5        0.00    (360 540) (480 660)
      M5        0.00    (420 540) (540 660)
      M5        0.00    (480 540) (600 660)
      M5        0.00    (540 540) (660 660)
      M5        0.00    (600 540) (720 660)
      M5        0.00    (660 540) (780 660)
      M5        0.00    (680 540) (800 660)
      M5        0.00    (0 600) (120 720)
      M5        0.00    (60 600) (180 720)
      M5        0.00    (120 600) (240 720)
      M5        0.00    (180 600) (300 720)
      M5        0.00    (240 600) (360 720)
      M5        0.00    (300 600) (420 720)
      M5        0.00    (360 600) (480 720)
      M5        0.00    (420 600) (540 720)
      M5        0.00    (480 600) (600 720)
      M5        0.00    (540 600) (660 720)
      M5        0.00    (600 600) (720 720)
      M5        0.00    (660 600) (780 720)
      M5        0.00    (680 600) (800 720)
      M5        0.00    (0 660) (120 780)
      M5        0.00    (60 660) (180 780)
      M5        0.00    (120 660) (240 780)
      M5        0.00    (180 660) (300 780)
      M5        0.00    (240 660) (360 780)
      M5        0.00    (300 660) (420 780)
      M5        0.00    (360 660) (480 780)
      M5        0.00    (420 660) (540 780)
      M5        0.00    (480 660) (600 780)
      M5        0.00    (540 660) (660 780)
      M5        0.00    (600 660) (720 780)
      M5        0.00    (660 660) (780 780)
      M5        0.00    (680 660) (800 780)
      M5        0.00    (0 680.09) (120 800.09)
      M5        0.00    (60 680.09) (180 800.09)
      M5        0.00    (120 680.09) (240 800.09)
      M5        0.00    (180 680.09) (300 800.09)
      M5        0.00    (240 680.09) (360 800.09)
      M5        0.00    (300 680.09) (420 800.09)
      M5        0.00    (360 680.09) (480 800.09)
      M5        0.00    (420 680.09) (540 800.09)
      M5        0.00    (480 680.09) (600 800.09)
      M5        0.00    (540 680.09) (660 800.09)
      M5        0.00    (600 680.09) (720 800.09)
      M5        0.00    (660 680.09) (780 800.09)
      M5        0.00    (680 680.09) (800 800.09)

      M4        0.00    (0 0) (120 120)
      M4        0.00    (60 0) (180 120)
      M4        0.00    (120 0) (240 120)
      M4        0.31    (180 0) (300 120)
      M4        0.61    (240 0) (360 120)
      M4        0.61    (300 0) (420 120)
      M4        0.61    (360 0) (480 120)
      M4        0.61    (420 0) (540 120)
      M4        0.61    (480 0) (600 120)
      M4        0.31    (540 0) (660 120)
      M4        0.00    (600 0) (720 120)
      M4        0.00    (660 0) (780 120)
      M4        0.00    (680 0) (800 120)
      M4        0.00    (0 60) (120 180)
      M4        0.00    (60 60) (180 180)
      M4        0.00    (120 60) (240 180)
      M4        4.68    (180 60) (300 180)
      M4        6.80    (240 60) (360 180)
      M4        6.79    (300 60) (420 180)
      M4        9.96    (360 60) (480 180)
      M4       10.60    (420 60) (540 180)
      M4        6.89    (480 60) (600 180)
      M4        1.59    (540 60) (660 180)
      M4        0.00    (600 60) (720 180)
      M4        0.00    (660 60) (780 180)
      M4        0.00    (680 60) (800 180)
      M4        0.00    (0 120) (120 240)
      M4        0.00    (60 120) (180 240)
      M4        0.00    (120 120) (240 240)
      M4        5.03    (180 120) (300 240)
      M4        7.52    (240 120) (360 240)
      M4        7.50    (300 120) (420 240)
      M4       10.67    (360 120) (480 240)
      M4       11.30    (420 120) (540 240)
      M4        7.60    (480 120) (600 240)
      M4        1.95    (540 120) (660 240)
      M4        0.00    (600 120) (720 240)
      M4        0.00    (660 120) (780 240)
      M4        0.00    (680 120) (800 240)
      M4        0.31    (0 180) (120 300)
      M4        4.54    (60 180) (180 300)
      M4        5.08    (120 180) (240 300)
      M4        1.51    (180 180) (300 300)
      M4        1.39    (240 180) (360 300)
      M4        1.40    (300 180) (420 300)
      M4        1.38    (360 180) (480 300)
      M4        1.35    (420 180) (540 300)
      M4        1.83    (480 180) (600 300)
      M4        9.33    (540 180) (660 300)
      M4        8.42    (600 180) (720 300)
      M4        0.26    (660 180) (780 300)
      M4        0.15    (680 180) (800 300)
      M4        0.61    (0 240) (120 360)
      M4       10.03    (60 240) (180 360)
      M4       11.12    (120 240) (240 360)
      M4        1.73    (180 240) (300 360)
      M4        0.26    (240 240) (360 360)
      M4        0.57    (300 240) (420 360)
      M4        0.56    (360 240) (480 360)
      M4        0.26    (420 240) (540 360)
      M4        1.01    (480 240) (600 360)
      M4       18.72    (540 240) (660 360)
      M4       18.24    (600 240) (720 360)
      M4        0.51    (660 240) (780 360)
      M4        0.31    (680 240) (800 360)
      M4        0.61    (0 300) (120 420)
      M4       10.69    (60 300) (180 420)
      M4       11.81    (120 300) (240 420)
      M4        1.75    (180 300) (300 420)
      M4        0.36    (240 300) (360 420)
      M4        0.89    (300 300) (420 420)
      M4        0.90    (360 300) (480 420)
      M4        0.37    (420 300) (540 420)
      M4        1.01    (480 300) (600 420)
      M4       19.63    (600 300) (720 420)
      M4        0.51    (660 300) (780 420)
      M4        0.31    (680 300) (800 420)
      M4        0.61    (0 360) (120 480)
      M4       10.34    (60 360) (180 480)
      M4       11.47    (120 360) (240 480)
      M4        1.75    (180 360) (300 480)
      M4        0.23    (240 360) (360 480)
      M4        0.54    (300 360) (420 480)
      M4        0.53    (360 360) (480 480)
      M4        0.22    (420 360) (540 480)
      M4        1.00    (480 360) (600 480)
      M4       19.30    (600 360) (720 480)
      M4        0.26    (660 360) (780 480)
      M4        0.15    (680 360) (800 480)
      M4        0.61    (0 420) (120 540)
      M4       10.27    (60 420) (180 540)
      M4       11.40    (120 420) (240 540)
      M4        1.75    (180 420) (300 540)
      M4        0.07    (240 420) (360 540)
      M4        0.13    (300 420) (420 540)
      M4        0.14    (360 420) (480 540)
      M4        0.07    (420 420) (540 540)
      M4        0.99    (480 420) (600 540)
      M4       19.95    (540 420) (660 540)
      M4       18.97    (600 420) (720 540)
      M4        0.00    (660 420) (780 540)
      M4        0.00    (680 420) (800 540)
      M4        0.61    (0 480) (120 600)
      M4        6.71    (60 480) (180 600)
      M4        7.66    (120 480) (240 600)
      M4        1.83    (180 480) (300 600)
      M4        0.51    (240 480) (360 600)
      M4        0.49    (300 480) (420 600)
      M4        0.25    (360 480) (480 600)
      M4        0.25    (420 480) (540 600)
      M4        1.72    (480 480) (600 600)
      M4       12.93    (540 480) (660 600)
      M4       11.71    (600 480) (720 600)
      M4        0.26    (660 480) (780 600)
      M4        0.15    (680 480) (800 600)
      M4        0.31    (0 540) (120 660)
      M4        1.57    (60 540) (180 660)
      M4        1.96    (120 540) (240 660)
      M4        9.10    (180 540) (300 660)
      M4       18.20    (240 540) (360 660)
      M4       19.59    (300 540) (420 660)
      M4       19.26    (360 540) (480 660)
      M4       19.18    (420 540) (540 660)
      M4       12.66    (480 540) (600 660)
      M4        4.91    (540 540) (660 660)
      M4        2.23    (600 540) (720 660)
      M4        0.26    (660 540) (780 660)
      M4        0.15    (680 540) (800 660)
      M4        0.00    (0 600) (120 720)
      M4        0.00    (60 600) (180 720)
      M4        0.00    (120 600) (240 720)
      M4        8.67    (180 600) (300 720)
      M4       18.73    (240 600) (360 720)
      M4       19.71    (420 600) (540 720)
      M4       11.95    (480 600) (600 720)
      M4        2.22    (540 600) (660 720)
      M4        0.00    (600 600) (720 720)
      M4        0.00    (660 600) (780 720)
      M4        0.00    (680 600) (800 720)
      M4        0.00    (0 660) (120 780)
      M4        0.00    (60 660) (180 780)
      M4        0.00    (120 660) (240 780)
      M4        0.52    (180 660) (300 780)
      M4        1.03    (240 660) (360 780)
      M4        1.03    (300 660) (420 780)
      M4        1.03    (360 660) (480 780)
      M4        0.77    (420 660) (540 780)
      M4        0.52    (480 660) (600 780)
      M4        0.26    (540 660) (660 780)
      M4        0.00    (600 660) (720 780)
      M4        0.00    (660 660) (780 780)
      M4        0.00    (680 660) (800 780)
      M4        0.00    (0 680.09) (120 800.09)
      M4        0.00    (60 680.09) (180 800.09)
      M4        0.00    (120 680.09) (240 800.09)
      M4        0.31    (180 680.09) (300 800.09)
      M4        0.61    (240 680.09) (360 800.09)
      M4        0.61    (300 680.09) (420 800.09)
      M4        0.61    (360 680.09) (480 800.09)
      M4        0.46    (420 680.09) (540 800.09)
      M4        0.31    (480 680.09) (600 800.09)
      M4        0.15    (540 680.09) (660 800.09)
      M4        0.00    (600 680.09) (720 800.09)
      M4        0.00    (660 680.09) (780 800.09)
      M4        0.00    (680 680.09) (800 800.09)

      M3        0.00    (0 0) (120 120)
      M3        0.00    (60 0) (180 120)
      M3        0.00    (120 0) (240 120)
      M3        0.00    (180 0) (300 120)
      M3        0.00    (240 0) (360 120)
      M3        0.00    (300 0) (420 120)
      M3        0.00    (360 0) (480 120)
      M3        0.00    (420 0) (540 120)
      M3        0.00    (480 0) (600 120)
      M3        0.00    (540 0) (660 120)
      M3        0.00    (600 0) (720 120)
      M3        0.00    (660 0) (780 120)
      M3        0.00    (680 0) (800 120)
      M3        0.00    (0 60) (120 180)
      M3        0.00    (60 60) (180 180)
      M3        0.00    (120 60) (240 180)
      M3        0.00    (180 60) (300 180)
      M3        0.00    (240 60) (360 180)
      M3        0.00    (300 60) (420 180)
      M3        0.00    (360 60) (480 180)
      M3        0.00    (420 60) (540 180)
      M3        0.00    (480 60) (600 180)
      M3        0.00    (540 60) (660 180)
      M3        0.00    (600 60) (720 180)
      M3        0.00    (660 60) (780 180)
      M3        0.00    (680 60) (800 180)
      M3        0.00    (0 120) (120 240)
      M3        0.00    (60 120) (180 240)
      M3        0.00    (120 120) (240 240)
      M3        0.00    (180 120) (300 240)
      M3        0.00    (240 120) (360 240)
      M3        0.00    (300 120) (420 240)
      M3        0.00    (360 120) (480 240)
      M3        0.00    (420 120) (540 240)
      M3        0.00    (480 120) (600 240)
      M3        0.00    (540 120) (660 240)
      M3        0.00    (600 120) (720 240)
      M3        0.00    (660 120) (780 240)
      M3        0.00    (680 120) (800 240)
      M3        0.00    (0 180) (120 300)
      M3        0.00    (60 180) (180 300)
      M3        0.00    (120 180) (240 300)
      M3        1.30    (180 180) (300 300)
      M3        2.21    (240 180) (360 300)
      M3        1.85    (300 180) (420 300)
      M3        1.92    (360 180) (480 300)
      M3        1.83    (420 180) (540 300)
      M3        1.06    (480 180) (600 300)
      M3        0.21    (540 180) (660 300)
      M3        0.00    (600 180) (720 300)
      M3        0.00    (660 180) (780 300)
      M3        0.00    (680 180) (800 300)
      M3        0.00    (0 240) (120 360)
      M3        0.00    (60 240) (180 360)
      M3        0.00    (120 240) (240 360)
      M3        2.91    (180 240) (300 360)
      M3        4.45    (240 240) (360 360)
      M3        3.79    (300 240) (420 360)
      M3        4.11    (360 240) (480 360)
      M3        2.77    (420 240) (540 360)
      M3        1.20    (480 240) (600 360)
      M3        0.29    (540 240) (660 360)
      M3        0.00    (600 240) (720 360)
      M3        0.00    (660 240) (780 360)
      M3        0.00    (680 240) (800 360)
      M3        0.00    (0 300) (120 420)
      M3        0.00    (60 300) (180 420)
      M3        0.00    (120 300) (240 420)
      M3        2.43    (180 300) (300 420)
      M3        3.63    (240 300) (360 420)
      M3        3.72    (300 300) (420 420)
      M3        4.15    (360 300) (480 420)
      M3        1.69    (420 300) (540 420)
      M3        0.23    (480 300) (600 420)
      M3        0.17    (540 300) (660 420)
      M3        0.00    (600 300) (720 420)
      M3        0.00    (660 300) (780 420)
      M3        0.00    (680 300) (800 420)
      M3        0.00    (0 360) (120 480)
      M3        0.00    (60 360) (180 480)
      M3        0.00    (120 360) (240 480)
      M3        2.43    (180 360) (300 480)
      M3        3.24    (240 360) (360 480)
      M3        2.35    (300 360) (420 480)
      M3        2.68    (360 360) (480 480)
      M3        1.16    (420 360) (540 480)
      M3        0.26    (480 360) (600 480)
      M3        0.23    (540 360) (660 480)
      M3        0.00    (600 360) (720 480)
      M3        0.00    (660 360) (780 480)
      M3        0.00    (680 360) (800 480)
      M3        0.00    (0 420) (120 540)
      M3        0.00    (60 420) (180 540)
      M3        0.00    (120 420) (240 540)
      M3        3.98    (180 420) (300 540)
      M3        4.23    (240 420) (360 540)
      M3        0.57    (300 420) (420 540)
      M3        0.72    (360 420) (480 540)
      M3        0.41    (420 420) (540 540)
      M3        0.32    (480 420) (600 540)
      M3        0.31    (540 420) (660 540)
      M3        0.00    (600 420) (720 540)
      M3        0.00    (660 420) (780 540)
      M3        0.00    (680 420) (800 540)
      M3        0.00    (0 480) (120 600)
      M3        0.00    (60 480) (180 600)
      M3        0.00    (120 480) (240 600)
      M3        2.57    (180 480) (300 600)
      M3        2.65    (240 480) (360 600)
      M3        0.16    (300 480) (420 600)
      M3        0.23    (360 480) (480 600)
      M3        0.31    (420 480) (540 600)
      M3        0.47    (480 480) (600 600)
      M3        0.31    (540 480) (660 600)
      M3        0.00    (600 480) (720 600)
      M3        0.00    (660 480) (780 600)
      M3        0.00    (680 480) (800 600)
      M3        0.00    (0 540) (120 660)
      M3        0.00    (60 540) (180 660)
      M3        0.00    (120 540) (240 660)
      M3        0.21    (180 540) (300 660)
      M3        0.29    (240 540) (360 660)
      M3        0.16    (300 540) (420 660)
      M3        0.23    (360 540) (480 660)
      M3        0.31    (420 540) (540 660)
      M3        0.31    (480 540) (600 660)
      M3        0.16    (540 540) (660 660)
      M3        0.00    (600 540) (720 660)
      M3        0.00    (660 540) (780 660)
      M3        0.00    (680 540) (800 660)
      M3        0.00    (0 600) (120 720)
      M3        0.00    (60 600) (180 720)
      M3        0.00    (120 600) (240 720)
      M3        0.00    (180 600) (300 720)
      M3        0.00    (240 600) (360 720)
      M3        0.00    (300 600) (420 720)
      M3        0.00    (360 600) (480 720)
      M3        0.00    (420 600) (540 720)
      M3        0.00    (480 600) (600 720)
      M3        0.00    (540 600) (660 720)
      M3        0.00    (600 600) (720 720)
      M3        0.00    (660 600) (780 720)
      M3        0.00    (680 600) (800 720)
      M3        0.00    (0 660) (120 780)
      M3        0.00    (60 660) (180 780)
      M3        0.00    (120 660) (240 780)
      M3        0.00    (180 660) (300 780)
      M3        0.00    (240 660) (360 780)
      M3        0.00    (300 660) (420 780)
      M3        0.00    (360 660) (480 780)
      M3        0.00    (420 660) (540 780)
      M3        0.00    (480 660) (600 780)
      M3        0.00    (540 660) (660 780)
      M3        0.00    (600 660) (720 780)
      M3        0.00    (660 660) (780 780)
      M3        0.00    (680 660) (800 780)
      M3        0.00    (0 680.09) (120 800.09)
      M3        0.00    (60 680.09) (180 800.09)
      M3        0.00    (120 680.09) (240 800.09)
      M3        0.00    (180 680.09) (300 800.09)
      M3        0.00    (240 680.09) (360 800.09)
      M3        0.00    (300 680.09) (420 800.09)
      M3        0.00    (360 680.09) (480 800.09)
      M3        0.00    (420 680.09) (540 800.09)
      M3        0.00    (480 680.09) (600 800.09)
      M3        0.00    (540 680.09) (660 800.09)
      M3        0.00    (600 680.09) (720 800.09)
      M3        0.00    (660 680.09) (780 800.09)
      M3        0.00    (680 680.09) (800 800.09)

      M2        0.00    (0 0) (120 120)
      M2        0.00    (60 0) (180 120)
      M2        0.00    (120 0) (240 120)
      M2        0.00    (180 0) (300 120)
      M2        0.00    (240 0) (360 120)
      M2        0.00    (300 0) (420 120)
      M2        0.00    (360 0) (480 120)
      M2        0.00    (420 0) (540 120)
      M2        0.00    (480 0) (600 120)
      M2        0.00    (540 0) (660 120)
      M2        0.00    (600 0) (720 120)
      M2        0.00    (660 0) (780 120)
      M2        0.00    (680 0) (800 120)
      M2        0.00    (0 60) (120 180)
      M2        0.00    (60 60) (180 180)
      M2        0.00    (120 60) (240 180)
      M2        0.00    (180 60) (300 180)
      M2        0.00    (240 60) (360 180)
      M2        0.00    (300 60) (420 180)
      M2        0.00    (360 60) (480 180)
      M2        0.00    (420 60) (540 180)
      M2        0.00    (480 60) (600 180)
      M2        0.00    (540 60) (660 180)
      M2        0.00    (600 60) (720 180)
      M2        0.00    (660 60) (780 180)
      M2        0.00    (680 60) (800 180)
      M2        0.00    (0 120) (120 240)
      M2        0.00    (60 120) (180 240)
      M2        0.00    (120 120) (240 240)
      M2        0.00    (180 120) (300 240)
      M2        0.00    (240 120) (360 240)
      M2        0.00    (300 120) (420 240)
      M2        0.00    (360 120) (480 240)
      M2        0.00    (420 120) (540 240)
      M2        0.00    (480 120) (600 240)
      M2        0.00    (540 120) (660 240)
      M2        0.00    (600 120) (720 240)
      M2        0.00    (660 120) (780 240)
      M2        0.00    (680 120) (800 240)
      M2        0.00    (0 180) (120 300)
      M2        0.00    (60 180) (180 300)
      M2        0.00    (120 180) (240 300)
      M2        7.07    (180 180) (300 300)
      M2        9.16    (240 180) (360 300)
      M2        4.21    (300 180) (420 300)
      M2        3.69    (360 180) (480 300)
      M2        8.03    (420 180) (540 300)
      M2        7.45    (480 180) (600 300)
      M2        0.98    (540 180) (660 300)
      M2        0.00    (600 180) (720 300)
      M2        0.00    (660 180) (780 300)
      M2        0.00    (680 180) (800 300)
      M2        0.00    (0 240) (120 360)
      M2        0.00    (60 240) (180 360)
      M2        0.00    (120 240) (240 360)
      M2       16.80    (180 240) (300 360)
      M2       19.56    (240 240) (360 360)
      M2        6.23    (300 240) (420 360)
      M2        5.69    (360 240) (480 360)
      M2       16.25    (420 240) (540 360)
      M2       16.12    (480 240) (600 360)
      M2        2.10    (540 240) (660 360)
      M2        0.00    (600 240) (720 360)
      M2        0.00    (660 240) (780 360)
      M2        0.00    (680 240) (800 360)
      M2        0.00    (0 300) (120 420)
      M2        0.00    (60 300) (180 420)
      M2        0.00    (120 300) (240 420)
      M2       19.47    (180 300) (300 420)
      M2        4.03    (300 300) (420 420)
      M2        3.77    (360 300) (480 420)
      M2       16.17    (420 300) (540 420)
      M2       17.34    (480 300) (600 420)
      M2        2.24    (540 300) (660 420)
      M2        0.00    (600 300) (720 420)
      M2        0.00    (660 300) (780 420)
      M2        0.00    (680 300) (800 420)
      M2        0.00    (0 360) (120 480)
      M2        0.00    (60 360) (180 480)
      M2        0.00    (120 360) (240 480)
      M2       19.47    (180 360) (300 480)
      M2        3.16    (300 360) (420 480)
      M2        2.81    (360 360) (480 480)
      M2       15.96    (420 360) (540 480)
      M2       17.41    (480 360) (600 480)
      M2        2.32    (540 360) (660 480)
      M2        0.00    (600 360) (720 480)
      M2        0.00    (660 360) (780 480)
      M2        0.00    (680 360) (800 480)
      M2        0.00    (0 420) (120 540)
      M2        0.00    (60 420) (180 540)
      M2        0.00    (120 420) (240 540)
      M2       18.56    (180 420) (300 540)
      M2       19.57    (240 420) (360 540)
      M2        2.04    (300 420) (420 540)
      M2        1.72    (360 420) (480 540)
      M2       14.84    (420 420) (540 540)
      M2       16.55    (480 420) (600 540)
      M2        2.40    (540 420) (660 540)
      M2        0.00    (600 420) (720 540)
      M2        0.00    (660 420) (780 540)
      M2        0.00    (680 420) (800 540)
      M2        0.00    (0 480) (120 600)
      M2        0.00    (60 480) (180 600)
      M2        0.00    (120 480) (240 600)
      M2        9.21    (180 480) (300 600)
      M2        9.74    (240 480) (360 600)
      M2        1.06    (300 480) (420 600)
      M2        0.92    (360 480) (480 600)
      M2        7.25    (420 480) (540 600)
      M2        8.26    (480 480) (600 600)
      M2        1.39    (540 480) (660 600)
      M2        0.00    (600 480) (720 600)
      M2        0.00    (660 480) (780 600)
      M2        0.00    (680 480) (800 600)
      M2        0.00    (0 540) (120 660)
      M2        0.00    (60 540) (180 660)
      M2        0.00    (120 540) (240 660)
      M2        0.38    (180 540) (300 660)
      M2        0.47    (240 540) (360 660)
      M2        0.17    (300 540) (420 660)
      M2        0.25    (360 540) (480 660)
      M2        0.42    (420 540) (540 660)
      M2        0.45    (480 540) (600 660)
      M2        0.19    (540 540) (660 660)
      M2        0.00    (600 540) (720 660)
      M2        0.00    (660 540) (780 660)
      M2        0.00    (680 540) (800 660)
      M2        0.00    (0 600) (120 720)
      M2        0.00    (60 600) (180 720)
      M2        0.00    (120 600) (240 720)
      M2        0.00    (180 600) (300 720)
      M2        0.00    (240 600) (360 720)
      M2        0.00    (300 600) (420 720)
      M2        0.00    (360 600) (480 720)
      M2        0.00    (420 600) (540 720)
      M2        0.00    (480 600) (600 720)
      M2        0.00    (540 600) (660 720)
      M2        0.00    (600 600) (720 720)
      M2        0.00    (660 600) (780 720)
      M2        0.00    (680 600) (800 720)
      M2        0.00    (0 660) (120 780)
      M2        0.00    (60 660) (180 780)
      M2        0.00    (120 660) (240 780)
      M2        0.00    (180 660) (300 780)
      M2        0.00    (240 660) (360 780)
      M2        0.00    (300 660) (420 780)
      M2        0.00    (360 660) (480 780)
      M2        0.00    (420 660) (540 780)
      M2        0.00    (480 660) (600 780)
      M2        0.00    (540 660) (660 780)
      M2        0.00    (600 660) (720 780)
      M2        0.00    (660 660) (780 780)
      M2        0.00    (680 660) (800 780)
      M2        0.00    (0 680.09) (120 800.09)
      M2        0.00    (60 680.09) (180 800.09)
      M2        0.00    (120 680.09) (240 800.09)
      M2        0.00    (180 680.09) (300 800.09)
      M2        0.00    (240 680.09) (360 800.09)
      M2        0.00    (300 680.09) (420 800.09)
      M2        0.00    (360 680.09) (480 800.09)
      M2        0.00    (420 680.09) (540 800.09)
      M2        0.00    (480 680.09) (600 800.09)
      M2        0.00    (540 680.09) (660 800.09)
      M2        0.00    (600 680.09) (720 800.09)
      M2        0.00    (660 680.09) (780 800.09)
      M2        0.00    (680 680.09) (800 800.09)

      M1        0.00    (0 0) (120 120)
      M1        0.00    (60 0) (180 120)
      M1        0.00    (120 0) (240 120)
      M1        0.00    (180 0) (300 120)
      M1        0.00    (240 0) (360 120)
      M1        0.00    (300 0) (420 120)
      M1        0.00    (360 0) (480 120)
      M1        0.00    (420 0) (540 120)
      M1        0.00    (480 0) (600 120)
      M1        0.00    (540 0) (660 120)
      M1        0.00    (600 0) (720 120)
      M1        0.00    (660 0) (780 120)
      M1        0.00    (680 0) (800 120)
      M1        0.00    (0 60) (120 180)
      M1        0.00    (60 60) (180 180)
      M1        0.00    (120 60) (240 180)
      M1        0.00    (180 60) (300 180)
      M1        0.00    (240 60) (360 180)
      M1        0.00    (300 60) (420 180)
      M1        0.00    (360 60) (480 180)
      M1        0.00    (420 60) (540 180)
      M1        0.00    (480 60) (600 180)
      M1        0.00    (540 60) (660 180)
      M1        0.00    (600 60) (720 180)
      M1        0.00    (660 60) (780 180)
      M1        0.00    (680 60) (800 180)
      M1        0.00    (0 120) (120 240)
      M1        0.00    (60 120) (180 240)
      M1        0.00    (120 120) (240 240)
      M1        0.00    (180 120) (300 240)
      M1        0.00    (240 120) (360 240)
      M1        0.00    (300 120) (420 240)
      M1        0.00    (360 120) (480 240)
      M1        0.00    (420 120) (540 240)
      M1        0.00    (480 120) (600 240)
      M1        0.00    (540 120) (660 240)
      M1        0.00    (600 120) (720 240)
      M1        0.00    (660 120) (780 240)
      M1        0.00    (680 120) (800 240)
      M1        0.00    (0 180) (120 300)
      M1        0.00    (60 180) (180 300)
      M1        0.00    (120 180) (240 300)
      M1        5.04    (180 180) (300 300)
      M1       14.24    (240 180) (360 300)
      M1       18.60    (300 180) (420 300)
      M1       18.79    (360 180) (480 300)
      M1       17.18    (420 180) (540 300)
      M1        7.97    (480 180) (600 300)
      M1        0.18    (540 180) (660 300)
      M1        0.00    (600 180) (720 300)
      M1        0.00    (660 180) (780 300)
      M1        0.00    (680 180) (800 300)
      M1        0.00    (0 240) (120 360)
      M1        0.00    (60 240) (180 360)
      M1        0.00    (120 240) (240 360)
      M1        6.05    (180 240) (300 360)
      M1        9.85    (480 240) (600 360)
      M1        0.22    (540 240) (660 360)
      M1        0.00    (600 240) (720 360)
      M1        0.00    (660 240) (780 360)
      M1        0.00    (680 240) (800 360)
      M1        0.00    (0 300) (120 420)
      M1        0.00    (60 300) (180 420)
      M1        0.00    (120 300) (240 420)
      M1        2.06    (180 300) (300 420)
      M1       12.62    (240 300) (360 420)
      M1       15.91    (420 300) (540 420)
      M1        3.81    (480 300) (600 420)
      M1        0.07    (540 300) (660 420)
      M1        0.00    (600 300) (720 420)
      M1        0.00    (660 300) (780 420)
      M1        0.00    (680 300) (800 420)
      M1        0.00    (0 360) (120 480)
      M1        0.00    (60 360) (180 480)
      M1        0.00    (120 360) (240 480)
      M1        2.07    (180 360) (300 480)
      M1       10.71    (240 360) (360 480)
      M1       19.01    (300 360) (420 480)
      M1       13.38    (420 360) (540 480)
      M1        3.67    (480 360) (600 480)
      M1        0.07    (540 360) (660 480)
      M1        0.00    (600 360) (720 480)
      M1        0.00    (660 360) (780 480)
      M1        0.00    (680 360) (800 480)
      M1        0.00    (0 420) (120 540)
      M1        0.00    (60 420) (180 540)
      M1        0.00    (120 420) (240 540)
      M1        5.80    (180 420) (300 540)
      M1       17.57    (240 420) (360 540)
      M1        9.31    (480 420) (600 540)
      M1        0.19    (540 420) (660 540)
      M1        0.00    (600 420) (720 540)
      M1        0.00    (660 420) (780 540)
      M1        0.00    (680 420) (800 540)
      M1        0.00    (0 480) (120 600)
      M1        0.00    (60 480) (180 600)
      M1        0.00    (120 480) (240 600)
      M1        5.35    (180 480) (300 600)
      M1       14.53    (240 480) (360 600)
      M1       18.37    (300 480) (420 600)
      M1       18.37    (360 480) (480 600)
      M1       17.40    (420 480) (540 600)
      M1        8.41    (480 480) (600 600)
      M1        0.19    (540 480) (660 600)
      M1        0.00    (600 480) (720 600)
      M1        0.00    (660 480) (780 600)
      M1        0.00    (680 480) (800 600)
      M1        0.00    (0 540) (120 660)
      M1        0.00    (60 540) (180 660)
      M1        0.00    (120 540) (240 660)
      M1        0.58    (180 540) (300 660)
      M1        1.39    (240 540) (360 660)
      M1        1.63    (300 540) (420 660)
      M1        1.63    (360 540) (480 660)
      M1        1.63    (420 540) (540 660)
      M1        0.85    (480 540) (600 660)
      M1        0.03    (540 540) (660 660)
      M1        0.00    (600 540) (720 660)
      M1        0.00    (660 540) (780 660)
      M1        0.00    (680 540) (800 660)
      M1        0.00    (0 600) (120 720)
      M1        0.00    (60 600) (180 720)
      M1        0.00    (120 600) (240 720)
      M1        0.00    (180 600) (300 720)
      M1        0.00    (240 600) (360 720)
      M1        0.00    (300 600) (420 720)
      M1        0.00    (360 600) (480 720)
      M1        0.00    (420 600) (540 720)
      M1        0.00    (480 600) (600 720)
      M1        0.00    (540 600) (660 720)
      M1        0.00    (600 600) (720 720)
      M1        0.00    (660 600) (780 720)
      M1        0.00    (680 600) (800 720)
      M1        0.00    (0 660) (120 780)
      M1        0.00    (60 660) (180 780)
      M1        0.00    (120 660) (240 780)
      M1        0.00    (180 660) (300 780)
      M1        0.00    (240 660) (360 780)
      M1        0.00    (300 660) (420 780)
      M1        0.00    (360 660) (480 780)
      M1        0.00    (420 660) (540 780)
      M1        0.00    (480 660) (600 780)
      M1        0.00    (540 660) (660 780)
      M1        0.00    (600 660) (720 780)
      M1        0.00    (660 660) (780 780)
      M1        0.00    (680 660) (800 780)
      M1        0.00    (0 680.09) (120 800.09)
      M1        0.00    (60 680.09) (180 800.09)
      M1        0.00    (120 680.09) (240 800.09)
      M1        0.00    (180 680.09) (300 800.09)
      M1        0.00    (240 680.09) (360 800.09)
      M1        0.00    (300 680.09) (420 800.09)
      M1        0.00    (360 680.09) (480 800.09)
      M1        0.00    (420 680.09) (540 800.09)
      M1        0.00    (480 680.09) (600 800.09)
      M1        0.00    (540 680.09) (660 800.09)
      M1        0.00    (600 680.09) (720 800.09)
      M1        0.00    (660 680.09) (780 800.09)
      M1        0.00    (680 680.09) (800 800.09)


A total of 1843 density violation(s).
Windows < Min. Density = 1843
Windows > Max. Density = 0
Windows < Min. Union. Density = 0
Windows > Max. Union. Density = 0
