###############################################################
#  Generated by:      Cadence Innovus 21.12-s106_1
#  OS:                Linux x86_64(Host ID ip-172-31-46-123.us-east-2.compute.internal)
#  Generated on:      Thu Nov  9 05:59:29 2023
#  Design:            risc_v_Pad_Frame
#  Command:           checkPinAssignment -report_violating_pin
###############################################################

Start Checking pins of top cell: [risc_v_Pad_Frame] 

Detailed Pin Information
------------------------
Unplaced Pins:
 - VSSIOR1
 - VDDIOR1
 - VSS1
 - VDD1
Summary report for top level: [risc_v_Pad_Frame] 
	Total Pads                         : 4
	Total Pins                         : 4
	Unplaced Pins                      : 4
End of Summary report
End Checking pins of top cell: [risc_v_Pad_Frame] 


==================================================================================================================================
                                                    checkPinAssignment Summary
==================================================================================================================================
Partition          | pads  | pins   | legal  | illegal | internal | internal illegal | FT     | FT illegal | constant | unplaced |
==================================================================================================================================
risc_v_Pad_Frame   |     4 |      4 |      0 |       0 |        0 |                0 |      0 |          0 |        0 |        4 |
==================================================================================================================================
TOTAL              |     4 |      4 |      0 |       0 |        0 |                0 |      0 |          0 |        0 |        4 |
==================================================================================================================================
