###############################################################
#  Generated by:      Cadence Innovus 21.12-s106_1
#  OS:                Linux x86_64(Host ID ip-172-31-46-123.us-east-2.compute.internal)
#  Generated on:      Thu Nov  9 22:20:10 2023
#  Design:            risc_v_Pad_Frame
#  Command:           verifyConnectivity -type all -error 1000 -warning 50
###############################################################
Verify Connectivity Report is created on Thu Nov  9 22:20:10 2023



Net VDD: has special routes with opens at (272.500, 272.470) (527.500, 526.955)
Net VDD: has special routes with opens at (246.640, 492.835) (250.000, 547.145)
Net VDD: has special routes with opens at (246.640, 372.835) (250.000, 427.145)
Net VDD: has special routes with opens at (246.640, 252.835) (250.000, 307.145)
Net VDD: has special routes with opens at (249.000, 633.480) (551.000, 644.710)
Net VDD: has special routes with opens at (633.390, 249.000) (644.620, 551.090)
Net VDD: has special routes with opens at (249.000, 155.380) (551.000, 166.610)
Net VDD: has special routes with opens at (155.495, 310.000) (156.485, 370.000)
Net VDD: has special routes with opens at (155.500, 550.090) (166.610, 551.090)
Net VDD: has special routes with opens at (155.500, 249.000) (166.610, 250.000)
Net VSS: has special routes with opens at (257.500, 257.470) (542.500, 541.955)
Net VSS: has special routes with opens at (492.845, 246.640) (547.155, 250.000)
Net VSS: has special routes with opens at (372.845, 246.640) (427.155, 250.000)
Net VSS: has special routes with opens at (252.845, 246.640) (307.155, 250.000)
Net VSS: has special routes with opens at (249.000, 619.590) (551.000, 630.820)
Net VSS: has special routes with opens at (619.500, 249.000) (630.735, 551.090)
Net VSS: has special routes with opens at (169.265, 249.000) (180.500, 551.090)
Net VSS: has special routes with opens at (310.000, 169.265) (370.000, 170.255)
Net VSS: has special routes with opens at (550.000, 169.270) (551.000, 180.500)
Net VSS: has special routes with opens at (249.000, 169.270) (250.000, 180.500)

Begin Summary
    20 Problem(s) (IMPVFC-200): Special Wires: Pieces of the net are not connected together.
    20 total info(s) created.
End Summary
