
Cadence Innovus(TM) Implementation System.
Copyright 2021 Cadence Design Systems, Inc. All rights reserved worldwide.

Version:	v21.12-s106_1, built Wed Dec 8 18:19:02 PST 2021
Options:	-log risc_v_Pad_Frame_log.log 
Date:		Wed Nov  8 02:43:50 2023
Host:		ip-172-31-46-123.us-east-2.compute.internal (x86_64 w/Linux 3.10.0-1160.95.1.el7.x86_64) (8cores*8cpus*Intel(R) Xeon(R) CPU E5-2686 v4 @ 2.30GHz 46080KB)
OS:		CentOS Linux release 7.9.2009 (Core)

License:
		[02:43:50.302449] Configured Lic search path (20.02-s004): 50009@10.16.0.85

		invs	Innovus Implementation System	21.1	checkout succeeded
		8 CPU jobs allowed with the current license(s). Use setMultiCpuUsage to set your required CPU count.
Change the soft stacksize limit to 0.2%RAM (64 mbytes). Set global soft_stack_size_limit to change the value.

**INFO:  MMMC transition support version v31-84 

<CMD> set_global _enable_mmmc_by_default_flow      $CTE::mmmc_default
<CMD> suppressMessage ENCEXT-2799
<CMD> win
<CMD> save_global ../Innovus_inputs/Default_risc_v.globals
<CMD> set init_gnd_net VSS
<CMD> set init_lef_file {/CMC/kits/cadence/GPDK045/gsclib045_all_v4.4/gsclib045/lef/gsclib045_tech.lef /CMC/kits/cadence/GPDK045/gsclib045_all_v4.4/gsclib045/lef/gsclib045_macro.lef /CMC/kits/cadence/GPDK045/gsclib045_all_v4.4/gsclib045/lef/gsclib045_multibitsDFF.lef /CMC/kits/cadence/GPDK045/giolib045_v3.3/lef/giolib045.lef}
<CMD> set init_verilog ../Logic_synthesis/Netlist/risc_v_Pad_Frame_opt.v
<CMD> set init_mmmc_file ../Innovus_inputs/WC_BC_GPDK045_bwco_Analysis.view
<CMD> set init_pwr_net VDD
<CMD> init_design
#% Begin Load MMMC data ... (date=11/08 02:52:01, mem=664.8M)
**ERROR: (TCLCMD-989):	cannot open SDC file '../Logic_synthesis/bwco_opt.CM_bwco_slow.sdc' for mode 'ConstraintMode_WC'
<CMD> set init_gnd_net VSS
<CMD> set init_lef_file {/CMC/kits/cadence/GPDK045/gsclib045_all_v4.4/gsclib045/lef/gsclib045_tech.lef /CMC/kits/cadence/GPDK045/gsclib045_all_v4.4/gsclib045/lef/gsclib045_macro.lef /CMC/kits/cadence/GPDK045/gsclib045_all_v4.4/gsclib045/lef/gsclib045_multibitsDFF.lef /CMC/kits/cadence/GPDK045/giolib045_v3.3/lef/giolib045.lef}
<CMD> set init_verilog ../Logic_synthesis/Netlist/risc_v_Pad_Frame_opt.v
<CMD> set init_mmmc_file ../Innovus_inputs/WC_BC_GPDK045_bwco_Analysis.view
<CMD> set init_pwr_net VDD
<CMD> init_design
% Begin Load MMMC data ... (date=11/08 02:53:22, mem=664.9M)
Extraction setup Started 
Extraction setup Started 
**ERROR: (TCLCMD-989):	cannot open SDC file '../Logic_synthesis/bwco_opt.CM_bwco_slow.sdc' for mode 'ConstraintMode_WC'
<CMD> set init_gnd_net VSS
<CMD> set init_lef_file {/CMC/kits/cadence/GPDK045/gsclib045_all_v4.4/gsclib045/lef/gsclib045_tech.lef /CMC/kits/cadence/GPDK045/gsclib045_all_v4.4/gsclib045/lef/gsclib045_macro.lef /CMC/kits/cadence/GPDK045/gsclib045_all_v4.4/gsclib045/lef/gsclib045_multibitsDFF.lef /CMC/kits/cadence/GPDK045/giolib045_v3.3/lef/giolib045.lef}
<CMD> set init_verilog ../Logic_synthesis/Netlist/risc_v_Pad_Frame_opt.v
<CMD> set init_mmmc_file ../Innovus_inputs/WC_BC_GPDK045_bwco_Analysis.view
<CMD> set init_pwr_net VDD
<CMD> init_design
% Begin Load MMMC data ... (date=11/08 02:54:34, mem=665.1M)
Extraction setup Started 
Extraction setup Started 
**ERROR: (TCLCMD-989):	cannot open SDC file '../Logic_synthesis/constraints_risc_v_slow_sdc.sdc' for mode 'ConstraintMode_WC'
<CMD> set init_gnd_net VSS
<CMD> set init_lef_file {/CMC/kits/cadence/GPDK045/gsclib045_all_v4.4/gsclib045/lef/gsclib045_tech.lef /CMC/kits/cadence/GPDK045/gsclib045_all_v4.4/gsclib045/lef/gsclib045_macro.lef /CMC/kits/cadence/GPDK045/gsclib045_all_v4.4/gsclib045/lef/gsclib045_multibitsDFF.lef /CMC/kits/cadence/GPDK045/giolib045_v3.3/lef/giolib045.lef}
<CMD> set init_verilog ../Logic_synthesis/Netlist/risc_v_Pad_Frame_opt.v
<CMD> set init_mmmc_file ../Innovus_inputs/WC_BC_GPDK045_bwco_Analysis.view
<CMD> set init_pwr_net VDD
<CMD> init_design
% Begin Load MMMC data ... (date=11/08 02:54:53, mem=665.2M)
Extraction setup Started 
Extraction setup Started 
**ERROR: (TCLCMD-989):	cannot open SDC file '../Logic_synthesis/constraints_risc_v_slow_sdc.sdc' for mode 'ConstraintMode_WC'
<CMD> set init_gnd_net VSS
<CMD> set init_lef_file {/CMC/kits/cadence/GPDK045/gsclib045_all_v4.4/gsclib045/lef/gsclib045_tech.lef /CMC/kits/cadence/GPDK045/gsclib045_all_v4.4/gsclib045/lef/gsclib045_macro.lef /CMC/kits/cadence/GPDK045/gsclib045_all_v4.4/gsclib045/lef/gsclib045_multibitsDFF.lef /CMC/kits/cadence/GPDK045/giolib045_v3.3/lef/giolib045.lef}
<CMD> set init_verilog ../Logic_synthesis/Netlist/risc_v_Pad_Frame_opt.v
<CMD> set init_mmmc_file ../Innovus_inputs/WC_BC_GPDK045_bwco_Analysis.view
<CMD> set init_pwr_net VDD
<CMD> init_design
% Begin Load MMMC data ... (date=11/08 02:55:32, mem=665.2M)
Extraction setup Started 
Extraction setup Started 
**ERROR: (TCLCMD-989):	cannot open SDC file '../Logic_synthesis/constraints_risc_v_slow_sdc.tcl' for mode 'ConstraintMode_WC'
<CMD> set init_gnd_net VSS
<CMD> set init_lef_file {/CMC/kits/cadence/GPDK045/gsclib045_all_v4.4/gsclib045/lef/gsclib045_tech.lef /CMC/kits/cadence/GPDK045/gsclib045_all_v4.4/gsclib045/lef/gsclib045_macro.lef /CMC/kits/cadence/GPDK045/gsclib045_all_v4.4/gsclib045/lef/gsclib045_multibitsDFF.lef /CMC/kits/cadence/GPDK045/giolib045_v3.3/lef/giolib045.lef}
<CMD> set init_verilog ../Logic_synthesis/Netlist/risc_v_Pad_Frame_opt.v
<CMD> set init_mmmc_file ../Innovus_inputs/WC_BC_GPDK045_bwco_Analysis.view
<CMD> set init_pwr_net VDD
<CMD> init_design
% Begin Load MMMC data ... (date=11/08 02:58:33, mem=665.2M)
Extraction setup Started 
Extraction setup Started 
**ERROR: (TCLCMD-989):	cannot open SDC file 'risc_v_Pad_Frame_opt.CM_risc_v_slow.sdc' for mode 'ConstraintMode_WC'
<CMD> set init_gnd_net VSS
<CMD> set init_lef_file {/CMC/kits/cadence/GPDK045/gsclib045_all_v4.4/gsclib045/lef/gsclib045_tech.lef /CMC/kits/cadence/GPDK045/gsclib045_all_v4.4/gsclib045/lef/gsclib045_macro.lef /CMC/kits/cadence/GPDK045/gsclib045_all_v4.4/gsclib045/lef/gsclib045_multibitsDFF.lef /CMC/kits/cadence/GPDK045/giolib045_v3.3/lef/giolib045.lef}
<CMD> set init_verilog ../Logic_synthesis/Netlist/risc_v_Pad_Frame_opt.v
<CMD> set init_mmmc_file ../Innovus_inputs/WC_BC_GPDK045_bwco_Analysis.view
<CMD> set init_pwr_net VDD
<CMD> init_design
% Begin Load MMMC data ... (date=11/08 02:59:20, mem=665.2M)
Extraction setup Started 
Extraction setup Started 
**ERROR: (TCLCMD-989):	cannot open SDC file 'risc_v_Pad_Frame_opt_slow.sdc' for mode 'ConstraintMode_WC'
<CMD> set init_gnd_net VSS
<CMD> set init_lef_file {/CMC/kits/cadence/GPDK045/gsclib045_all_v4.4/gsclib045/lef/gsclib045_tech.lef /CMC/kits/cadence/GPDK045/gsclib045_all_v4.4/gsclib045/lef/gsclib045_macro.lef /CMC/kits/cadence/GPDK045/gsclib045_all_v4.4/gsclib045/lef/gsclib045_multibitsDFF.lef /CMC/kits/cadence/GPDK045/giolib045_v3.3/lef/giolib045.lef}
<CMD> set init_verilog ../Logic_synthesis/Netlist/risc_v_Pad_Frame_opt.v
<CMD> set init_mmmc_file ../Innovus_inputs/WC_BC_GPDK045_bwco_Analysis.view
<CMD> set init_pwr_net VDD
<CMD> init_design
% Begin Load MMMC data ... (date=11/08 03:01:18, mem=665.2M)
Extraction setup Started 
Extraction setup Started 
% End Load MMMC data ... (date=11/08 03:01:18, total cpu=0:00:00.0, real=0:00:00.0, peak res=665.3M, current mem=665.3M)
RC_Extraction_WC RC_Extraction_BC

Loading LEF file /CMC/kits/cadence/GPDK045/gsclib045_all_v4.4/gsclib045/lef/gsclib045_tech.lef ...

Loading LEF file /CMC/kits/cadence/GPDK045/gsclib045_all_v4.4/gsclib045/lef/gsclib045_macro.lef ...
Set DBUPerIGU to M2 pitch 400.

Loading LEF file /CMC/kits/cadence/GPDK045/gsclib045_all_v4.4/gsclib045/lef/gsclib045_multibitsDFF.lef ...
**WARN: (IMPLF-58):	MACRO 'DFF2RX1' has been found in the database. Its content except DENSITY and PIN ANTENNA* data, and certain properties, will be ignored.
Review the LEF files specified in the init_lef_file variable and remove redundant definitions.
Type 'man IMPLF-58' for more detail.
**WARN: (IMPLF-58):	MACRO 'DFF2RX2' has been found in the database. Its content except DENSITY and PIN ANTENNA* data, and certain properties, will be ignored.
Review the LEF files specified in the init_lef_file variable and remove redundant definitions.
Type 'man IMPLF-58' for more detail.
**WARN: (IMPLF-58):	MACRO 'DFF2X1' has been found in the database. Its content except DENSITY and PIN ANTENNA* data, and certain properties, will be ignored.
Review the LEF files specified in the init_lef_file variable and remove redundant definitions.
Type 'man IMPLF-58' for more detail.
**WARN: (IMPLF-58):	MACRO 'DFF2X2' has been found in the database. Its content except DENSITY and PIN ANTENNA* data, and certain properties, will be ignored.
Review the LEF files specified in the init_lef_file variable and remove redundant definitions.
Type 'man IMPLF-58' for more detail.
**WARN: (IMPLF-58):	MACRO 'DFF4RX1' has been found in the database. Its content except DENSITY and PIN ANTENNA* data, and certain properties, will be ignored.
Review the LEF files specified in the init_lef_file variable and remove redundant definitions.
Type 'man IMPLF-58' for more detail.
**WARN: (IMPLF-58):	MACRO 'DFF4RX2' has been found in the database. Its content except DENSITY and PIN ANTENNA* data, and certain properties, will be ignored.
Review the LEF files specified in the init_lef_file variable and remove redundant definitions.
Type 'man IMPLF-58' for more detail.
**WARN: (IMPLF-58):	MACRO 'DFF4X1' has been found in the database. Its content except DENSITY and PIN ANTENNA* data, and certain properties, will be ignored.
Review the LEF files specified in the init_lef_file variable and remove redundant definitions.
Type 'man IMPLF-58' for more detail.
**WARN: (IMPLF-58):	MACRO 'DFF4X2' has been found in the database. Its content except DENSITY and PIN ANTENNA* data, and certain properties, will be ignored.
Review the LEF files specified in the init_lef_file variable and remove redundant definitions.
Type 'man IMPLF-58' for more detail.
**WARN: (IMPLF-58):	MACRO 'SDFF2RX1' has been found in the database. Its content except DENSITY and PIN ANTENNA* data, and certain properties, will be ignored.
Review the LEF files specified in the init_lef_file variable and remove redundant definitions.
Type 'man IMPLF-58' for more detail.
**WARN: (IMPLF-58):	MACRO 'SDFF2RX2' has been found in the database. Its content except DENSITY and PIN ANTENNA* data, and certain properties, will be ignored.
Review the LEF files specified in the init_lef_file variable and remove redundant definitions.
Type 'man IMPLF-58' for more detail.
**WARN: (IMPLF-58):	MACRO 'SDFF4RX1' has been found in the database. Its content except DENSITY and PIN ANTENNA* data, and certain properties, will be ignored.
Review the LEF files specified in the init_lef_file variable and remove redundant definitions.
Type 'man IMPLF-58' for more detail.
**WARN: (IMPLF-58):	MACRO 'SDFF4RX2' has been found in the database. Its content except DENSITY and PIN ANTENNA* data, and certain properties, will be ignored.
Review the LEF files specified in the init_lef_file variable and remove redundant definitions.
Type 'man IMPLF-58' for more detail.
**WARN: (IMPLF-58):	MACRO 'SPDFF2RX1' has been found in the database. Its content except DENSITY and PIN ANTENNA* data, and certain properties, will be ignored.
Review the LEF files specified in the init_lef_file variable and remove redundant definitions.
Type 'man IMPLF-58' for more detail.
**WARN: (IMPLF-58):	MACRO 'SPDFF2RX2' has been found in the database. Its content except DENSITY and PIN ANTENNA* data, and certain properties, will be ignored.
Review the LEF files specified in the init_lef_file variable and remove redundant definitions.
Type 'man IMPLF-58' for more detail.
**WARN: (IMPLF-58):	MACRO 'SPDFF4RX1' has been found in the database. Its content except DENSITY and PIN ANTENNA* data, and certain properties, will be ignored.
Review the LEF files specified in the init_lef_file variable and remove redundant definitions.
Type 'man IMPLF-58' for more detail.
**WARN: (IMPLF-58):	MACRO 'SPDFF4RX2' has been found in the database. Its content except DENSITY and PIN ANTENNA* data, and certain properties, will be ignored.
Review the LEF files specified in the init_lef_file variable and remove redundant definitions.
Type 'man IMPLF-58' for more detail.

Loading LEF file /CMC/kits/cadence/GPDK045/giolib045_v3.3/lef/giolib045.lef ...
**WARN: (IMPLF-61):	16 duplicated MACRO definitions have been found in the LEF file(s). Their content except DENSITY and PIN ANTENNA* data, and certain properties, have been ignored.
Review the LEF files specified in the init_lef_file variable and remove redundant definitions.
Type 'man IMPLF-61' for more detail.
**WARN: (IMPLF-200):	Pin 'VDDPAD25' in macro 'padIORINGFEED60' has no ANTENNAGATEAREA value defined. The library data is incomplete and some process antenna rules will not be checked correctly.
Type 'man IMPLF-200' for more detail.
**WARN: (IMPLF-200):	Pin 'VSSPAD' in macro 'padIORINGFEED60' has no ANTENNAGATEAREA value defined. The library data is incomplete and some process antenna rules will not be checked correctly.
Type 'man IMPLF-200' for more detail.
**WARN: (IMPLF-200):	Pin 'VDDPAD25' in macro 'padIORINGFEED5' has no ANTENNAGATEAREA value defined. The library data is incomplete and some process antenna rules will not be checked correctly.
Type 'man IMPLF-200' for more detail.
**WARN: (IMPLF-200):	Pin 'VSSPAD' in macro 'padIORINGFEED5' has no ANTENNAGATEAREA value defined. The library data is incomplete and some process antenna rules will not be checked correctly.
Type 'man IMPLF-200' for more detail.
**WARN: (IMPLF-200):	Pin 'VDDPAD25' in macro 'padIORINGFEED3' has no ANTENNAGATEAREA value defined. The library data is incomplete and some process antenna rules will not be checked correctly.
Type 'man IMPLF-200' for more detail.
**WARN: (IMPLF-200):	Pin 'VSSPAD' in macro 'padIORINGFEED3' has no ANTENNAGATEAREA value defined. The library data is incomplete and some process antenna rules will not be checked correctly.
Type 'man IMPLF-200' for more detail.
**WARN: (IMPLF-200):	Pin 'VDDPAD25' in macro 'padIORINGFEED10' has no ANTENNAGATEAREA value defined. The library data is incomplete and some process antenna rules will not be checked correctly.
Type 'man IMPLF-200' for more detail.
**WARN: (IMPLF-200):	Pin 'VSSPAD' in macro 'padIORINGFEED10' has no ANTENNAGATEAREA value defined. The library data is incomplete and some process antenna rules will not be checked correctly.
Type 'man IMPLF-200' for more detail.
**WARN: (IMPLF-200):	Pin 'VDDPAD25' in macro 'padIORINGFEED1' has no ANTENNAGATEAREA value defined. The library data is incomplete and some process antenna rules will not be checked correctly.
Type 'man IMPLF-200' for more detail.
**WARN: (IMPLF-200):	Pin 'VSSPAD' in macro 'padIORINGFEED1' has no ANTENNAGATEAREA value defined. The library data is incomplete and some process antenna rules will not be checked correctly.
Type 'man IMPLF-200' for more detail.
**WARN: (IMPLF-200):	Pin 'VSS25' in macro 'PADVSS25' has no ANTENNAGATEAREA value defined. The library data is incomplete and some process antenna rules will not be checked correctly.
Type 'man IMPLF-200' for more detail.
**WARN: (IMPLF-200):	Pin 'VDD25' in macro 'PADVDD25' has no ANTENNAGATEAREA value defined. The library data is incomplete and some process antenna rules will not be checked correctly.
Type 'man IMPLF-200' for more detail.
**WARN: (IMPLF-200):	Pin 'OEN' in macro 'PADDOZ' has no ANTENNAGATEAREA value defined. The library data is incomplete and some process antenna rules will not be checked correctly.
Type 'man IMPLF-200' for more detail.
**WARN: (IMPLF-200):	Pin 'A' in macro 'PADDOZ' has no ANTENNAGATEAREA value defined. The library data is incomplete and some process antenna rules will not be checked correctly.
Type 'man IMPLF-200' for more detail.
**WARN: (IMPLF-201):	Pin 'PAD' in macro 'PADDOZ' has no ANTENNADIFFAREA value defined. The library data is incomplete and some process antenna rules will not be checked correctly.
Type 'man IMPLF-201' for more detail.
**WARN: (IMPLF-200):	Pin 'A' in macro 'PADDO' has no ANTENNAGATEAREA value defined. The library data is incomplete and some process antenna rules will not be checked correctly.
Type 'man IMPLF-200' for more detail.
**WARN: (IMPLF-201):	Pin 'PAD' in macro 'PADDO' has no ANTENNADIFFAREA value defined. The library data is incomplete and some process antenna rules will not be checked correctly.
Type 'man IMPLF-201' for more detail.
**WARN: (IMPLF-201):	Pin 'PAD' in macro 'PADDI' has no ANTENNADIFFAREA value defined. The library data is incomplete and some process antenna rules will not be checked correctly.
Type 'man IMPLF-201' for more detail.
**WARN: (IMPLF-200):	Pin 'PAD' in macro 'PADDI' has no ANTENNAGATEAREA value defined. The library data is incomplete and some process antenna rules will not be checked correctly.
Type 'man IMPLF-200' for more detail.
**WARN: (IMPLF-201):	Pin 'Y' in macro 'PADDI' has no ANTENNADIFFAREA value defined. The library data is incomplete and some process antenna rules will not be checked correctly.
Type 'man IMPLF-201' for more detail.
**WARN: (IMPLF-201):	Pin 'Y' in macro 'PADDB' has no ANTENNADIFFAREA value defined. The library data is incomplete and some process antenna rules will not be checked correctly.
Type 'man IMPLF-201' for more detail.
**WARN: (IMPLF-200):	Pin 'A' in macro 'PADDB' has no ANTENNAGATEAREA value defined. The library data is incomplete and some process antenna rules will not be checked correctly.
Type 'man IMPLF-200' for more detail.
**WARN: (IMPLF-200):	Pin 'OEN' in macro 'PADDB' has no ANTENNAGATEAREA value defined. The library data is incomplete and some process antenna rules will not be checked correctly.
Type 'man IMPLF-200' for more detail.
**WARN: (IMPLF-201):	Pin 'PAD' in macro 'PADDB' has no ANTENNADIFFAREA value defined. The library data is incomplete and some process antenna rules will not be checked correctly.
Type 'man IMPLF-201' for more detail.
**WARN: (IMPLF-200):	Pin 'PAD' in macro 'PADDB' has no ANTENNAGATEAREA value defined. The library data is incomplete and some process antenna rules will not be checked correctly.
Type 'man IMPLF-200' for more detail.
**WARN: (IMPLF-200):	Pin 'AY' in macro 'PADANALOG' has no ANTENNAGATEAREA value defined. The library data is incomplete and some process antenna rules will not be checked correctly.
Type 'man IMPLF-200' for more detail.
**WARN: (EMS-27):	Message (IMPLF-200) has exceeded the current message display limit of 20.
To increase the message display limit, refer to the product command reference manual.

viaInitial starts at Wed Nov  8 03:01:18 2023
viaInitial ends at Wed Nov  8 03:01:18 2023

##  Check design process and node:  
##  Both design process and tech node are not set.

Loading view definition file from ../Innovus_inputs/WC_BC_GPDK045_bwco_Analysis.view
Reading Lib_Set_WC timing library '/CMC/kits/cadence/GPDK045/gsclib045_all_v4.4/gsclib045/timing/slow_vdd1v0_basicCells.lib' ...
**WARN: (TECHLIB-302):	No function defined for cell 'DECAP9'. The cell will only be used for analysis. (File /CMC/kits/cadence/GPDK045/gsclib045_all_v4.4/gsclib045/timing/slow_vdd1v0_basicCells.lib)
**WARN: (TECHLIB-302):	No function defined for cell 'DECAP8'. The cell will only be used for analysis. (File /CMC/kits/cadence/GPDK045/gsclib045_all_v4.4/gsclib045/timing/slow_vdd1v0_basicCells.lib)
**WARN: (TECHLIB-302):	No function defined for cell 'DECAP7'. The cell will only be used for analysis. (File /CMC/kits/cadence/GPDK045/gsclib045_all_v4.4/gsclib045/timing/slow_vdd1v0_basicCells.lib)
**WARN: (TECHLIB-302):	No function defined for cell 'DECAP6'. The cell will only be used for analysis. (File /CMC/kits/cadence/GPDK045/gsclib045_all_v4.4/gsclib045/timing/slow_vdd1v0_basicCells.lib)
**WARN: (TECHLIB-302):	No function defined for cell 'DECAP5'. The cell will only be used for analysis. (File /CMC/kits/cadence/GPDK045/gsclib045_all_v4.4/gsclib045/timing/slow_vdd1v0_basicCells.lib)
**WARN: (TECHLIB-302):	No function defined for cell 'DECAP4'. The cell will only be used for analysis. (File /CMC/kits/cadence/GPDK045/gsclib045_all_v4.4/gsclib045/timing/slow_vdd1v0_basicCells.lib)
**WARN: (TECHLIB-302):	No function defined for cell 'DECAP3'. The cell will only be used for analysis. (File /CMC/kits/cadence/GPDK045/gsclib045_all_v4.4/gsclib045/timing/slow_vdd1v0_basicCells.lib)
**WARN: (TECHLIB-302):	No function defined for cell 'DECAP2'. The cell will only be used for analysis. (File /CMC/kits/cadence/GPDK045/gsclib045_all_v4.4/gsclib045/timing/slow_vdd1v0_basicCells.lib)
**WARN: (TECHLIB-302):	No function defined for cell 'DECAP10'. The cell will only be used for analysis. (File /CMC/kits/cadence/GPDK045/gsclib045_all_v4.4/gsclib045/timing/slow_vdd1v0_basicCells.lib)
**WARN: (TECHLIB-302):	No function defined for cell 'ANTENNA'. The cell will only be used for analysis. (File /CMC/kits/cadence/GPDK045/gsclib045_all_v4.4/gsclib045/timing/slow_vdd1v0_basicCells.lib)
Read 489 cells in library 'slow_vdd1v0' 
Reading Lib_Set_WC timing library '/CMC/kits/cadence/GPDK045/gsclib045_all_v4.4/gsclib045/timing/slow_vdd1v0_multibitsDFF.lib' ...
**WARN: (TECHLIB-459):	Appending library 'slow_vdd1v0' to the previously read library of the same name and nominal PVT. Cell definitions from the previously read library will not be overridden. (File /CMC/kits/cadence/GPDK045/gsclib045_all_v4.4/gsclib045/timing/slow_vdd1v0_multibitsDFF.lib)
**WARN: (TECHLIB-302):	No function defined for cell 'DECAP9'. The cell will only be used for analysis. (File /CMC/kits/cadence/GPDK045/gsclib045_all_v4.4/gsclib045/timing/slow_vdd1v0_multibitsDFF.lib)
**WARN: (TECHLIB-302):	No function defined for cell 'DECAP8'. The cell will only be used for analysis. (File /CMC/kits/cadence/GPDK045/gsclib045_all_v4.4/gsclib045/timing/slow_vdd1v0_multibitsDFF.lib)
**WARN: (TECHLIB-302):	No function defined for cell 'DECAP7'. The cell will only be used for analysis. (File /CMC/kits/cadence/GPDK045/gsclib045_all_v4.4/gsclib045/timing/slow_vdd1v0_multibitsDFF.lib)
**WARN: (TECHLIB-302):	No function defined for cell 'DECAP6'. The cell will only be used for analysis. (File /CMC/kits/cadence/GPDK045/gsclib045_all_v4.4/gsclib045/timing/slow_vdd1v0_multibitsDFF.lib)
**WARN: (TECHLIB-302):	No function defined for cell 'DECAP5'. The cell will only be used for analysis. (File /CMC/kits/cadence/GPDK045/gsclib045_all_v4.4/gsclib045/timing/slow_vdd1v0_multibitsDFF.lib)
**WARN: (TECHLIB-302):	No function defined for cell 'DECAP4'. The cell will only be used for analysis. (File /CMC/kits/cadence/GPDK045/gsclib045_all_v4.4/gsclib045/timing/slow_vdd1v0_multibitsDFF.lib)
**WARN: (TECHLIB-302):	No function defined for cell 'DECAP3'. The cell will only be used for analysis. (File /CMC/kits/cadence/GPDK045/gsclib045_all_v4.4/gsclib045/timing/slow_vdd1v0_multibitsDFF.lib)
**WARN: (TECHLIB-302):	No function defined for cell 'DECAP2'. The cell will only be used for analysis. (File /CMC/kits/cadence/GPDK045/gsclib045_all_v4.4/gsclib045/timing/slow_vdd1v0_multibitsDFF.lib)
**WARN: (TECHLIB-302):	No function defined for cell 'DECAP10'. The cell will only be used for analysis. (File /CMC/kits/cadence/GPDK045/gsclib045_all_v4.4/gsclib045/timing/slow_vdd1v0_multibitsDFF.lib)
**WARN: (TECHLIB-302):	No function defined for cell 'ANTENNA'. The cell will only be used for analysis. (File /CMC/kits/cadence/GPDK045/gsclib045_all_v4.4/gsclib045/timing/slow_vdd1v0_multibitsDFF.lib)
Read 16 cells in library 'slow_vdd1v0' 
*** End library_loading (cpu=0.01min, real=0.02min, mem=14.5M, fe_cpu=4.11min, fe_real=17.48min, fe_mem=899.1M) ***
% Begin Load netlist data ... (date=11/08 03:01:19, mem=682.1M)
*** Begin netlist parsing (mem=899.1M) ***
Pin 'VDD' of cell 'SDFF4RX2' is declared as power/ground in timing library but as signal in LEF.  Treat it as power/ground.
Pin 'VSS' of cell 'SDFF4RX2' is declared as power/ground in timing library but as signal in LEF.  Treat it as power/ground.
Pin 'VDD' of cell 'SDFF4RX1' is declared as power/ground in timing library but as signal in LEF.  Treat it as power/ground.
Pin 'VSS' of cell 'SDFF4RX1' is declared as power/ground in timing library but as signal in LEF.  Treat it as power/ground.
Created 505 new cells from 1 timing libraries.
Reading netlist ...
Backslashed names will retain backslash and a trailing blank character.
Reading verilog netlist '../Logic_synthesis/Netlist/risc_v_Pad_Frame_opt.v'

*** Memory Usage v#1 (Current mem = 899.062M, initial mem = 311.355M) ***
*** End netlist parsing (cpu=0:00:00.0, real=0:00:00.0, mem=899.1M) ***
% End Load netlist data ... (date=11/08 03:01:19, total cpu=0:00:00.1, real=0:00:00.0, peak res=691.0M, current mem=691.0M)
Top level cell is risc_v_Pad_Frame.
Hooked 505 DB cells to tlib cells.
Starting recursive module instantiation check.
No recursion found.
Building hierarchical netlist for Cell risc_v_Pad_Frame ...
*** Netlist is unique.
** info: there are 601 modules.
** info: there are 3868 stdCell insts.
** info: there are 8 Pad insts.

*** Memory Usage v#1 (Current mem = 955.488M, initial mem = 311.355M) ***
Initializing I/O assignment ...
Adjusting Core to Bottom to: 0.1600.
**WARN: (IMPFP-3961):	The techSite 'corner' has no related standard cells in the LEF/OA library. The calculations for this site type cannot be made unless standard cell models of this type exist in the LEF/OA library. Ignore this warning if the SITE is not used by the library. Alternatively, remove the SITE definition for the LEF/OA library to avoid this message.
Type 'man IMPFP-3961' for more detail.
**WARN: (IMPFP-3961):	The techSite 'pad' has no related standard cells in the LEF/OA library. The calculations for this site type cannot be made unless standard cell models of this type exist in the LEF/OA library. Ignore this warning if the SITE is not used by the library. Alternatively, remove the SITE definition for the LEF/OA library to avoid this message.
Type 'man IMPFP-3961' for more detail.
**WARN: (IMPFP-3961):	The techSite 'CornerSite' has no related standard cells in the LEF/OA library. The calculations for this site type cannot be made unless standard cell models of this type exist in the LEF/OA library. Ignore this warning if the SITE is not used by the library. Alternatively, remove the SITE definition for the LEF/OA library to avoid this message.
Type 'man IMPFP-3961' for more detail.
**WARN: (IMPFP-3961):	The techSite 'IOSite' has no related standard cells in the LEF/OA library. The calculations for this site type cannot be made unless standard cell models of this type exist in the LEF/OA library. Ignore this warning if the SITE is not used by the library. Alternatively, remove the SITE definition for the LEF/OA library to avoid this message.
Type 'man IMPFP-3961' for more detail.
Start create_tracks
Set Default Net Delay as 1000 ps.
Set Default Net Load as 0.5 pF. 
Set Default Input Pin Transition as 0.1 ps.
Pre-connect netlist-defined P/G connections...
  Updated 4 instances.
Extraction setup Started 
Initializing multi-corner RC extraction with 2 active RC Corners ...
Captable file(s) not specified in multi-corner setup. PreRoute extraction will use technology file. For postRoute extraction, default value for effort level would be 'medium' and effort level 'low' would not be allowed.
Generating auto layer map file.
Importing multi-corner technology file(s) for preRoute extraction...
/CMC/kits/cadence/GPDK045/gsclib045_all_v4.4/gsclib045/qrc/qx/gpdk045.tch
Generating auto layer map file.
Completed (cpu: 0:00:05.6 real: 0:00:06.0)
Set Shrink Factor to 1.00000
Summary of Active RC-Corners : 
 
 Analysis View: AnalysisView_WC
    RC-Corner Name        : RC_Extraction_WC
    RC-Corner Index       : 0
    RC-Corner Temperature : 25 Celsius
    RC-Corner Cap Table   : ''
    RC-Corner PreRoute Res Factor         : 1
    RC-Corner PreRoute Cap Factor         : 1
    RC-Corner PostRoute Res Factor        : 1 {1 1 1}
    RC-Corner PostRoute Cap Factor        : 1 {1 1 1}
    RC-Corner PostRoute XCap Factor       : 1 {1 1 1}
    RC-Corner PreRoute Clock Res Factor   : 1	[Derived from postRoute_res (effortLevel low)]
    RC-Corner PreRoute Clock Cap Factor   : 1	[Derived from postRoute_cap (effortLevel low)]
    RC-Corner PostRoute Clock Cap Factor  : 1 {1 1 1} 	[Derived from postRoute_cap (effortLevel low)]
    RC-Corner PostRoute Clock Res Factor  : 1 {1 1 1} 	[Derived from postRoute_res (effortLevel low)]
    RC-Corner PostRoute Clock coupling capacitance Factor : 1 {1 1 1} 
    RC-Corner Technology file: '/CMC/kits/cadence/GPDK045/gsclib045_all_v4.4/gsclib045/qrc/qx/gpdk045.tch'
 
 Analysis View: AnalysisView_BC
    RC-Corner Name        : RC_Extraction_BC
    RC-Corner Index       : 1
    RC-Corner Temperature : 25 Celsius
    RC-Corner Cap Table   : ''
    RC-Corner PreRoute Res Factor         : 1
    RC-Corner PreRoute Cap Factor         : 1
    RC-Corner PostRoute Res Factor        : 1 {1 1 1}
    RC-Corner PostRoute Cap Factor        : 1 {1 1 1}
    RC-Corner PostRoute XCap Factor       : 1 {1 1 1}
    RC-Corner PreRoute Clock Res Factor   : 1	[Derived from postRoute_res (effortLevel low)]
    RC-Corner PreRoute Clock Cap Factor   : 1	[Derived from postRoute_cap (effortLevel low)]
    RC-Corner PostRoute Clock Cap Factor  : 1 {1 1 1} 	[Derived from postRoute_cap (effortLevel low)]
    RC-Corner PostRoute Clock Res Factor  : 1 {1 1 1} 	[Derived from postRoute_res (effortLevel low)]
    RC-Corner PostRoute Clock coupling capacitance Factor : 1 {1 1 1} 
    RC-Corner Technology file: '/CMC/kits/cadence/GPDK045/gsclib045_all_v4.4/gsclib045/qrc/qx/gpdk045.tch'
Updating RC grid for preRoute extraction ...
Initializing multi-corner resistance tables ...
Default value for postRoute extraction mode's effortLevel (-effortLevel option of setExtractRCMode) changed to 'medium'.
*Info: initialize multi-corner CTS.
Reading Lib_Set_BC timing library '/CMC/kits/cadence/GPDK045/gsclib045_all_v4.4/gsclib045/timing/fast_vdd1v2_basicCells.lib' ...
Message <TECHLIB-302> has exceeded the message display limit of '20'. Use 'set_message -no_limit -id list_of_msgIDs' to reset the message limit.
Read 489 cells in library 'fast_vdd1v2' 
Reading Lib_Set_BC timing library '/CMC/kits/cadence/GPDK045/gsclib045_all_v4.4/gsclib045/timing/fast_vdd1v2_multibitsDFF.lib' ...
**WARN: (TECHLIB-459):	Appending library 'fast_vdd1v2' to the previously read library of the same name and nominal PVT. Cell definitions from the previously read library will not be overridden. (File /CMC/kits/cadence/GPDK045/gsclib045_all_v4.4/gsclib045/timing/fast_vdd1v2_multibitsDFF.lib)
Read 16 cells in library 'fast_vdd1v2' 
Reading timing constraints file '../Innovus_inputs/risc_v_Pad_Frame_opt.CM_risc_v_slow.sdc' ...
Current (total cpu=0:04:14, real=0:17:37, peak res=1043.2M, current mem=1043.2M)
**WARN: (TCLCMD-1461):	Skipped unsupported command: set_units (File ../Innovus_inputs/risc_v_Pad_Frame_opt.CM_risc_v_slow.sdc, Line 9).

**WARN: (TCLCMD-1461):	Skipped unsupported command: set_units (File ../Innovus_inputs/risc_v_Pad_Frame_opt.CM_risc_v_slow.sdc, Line 10).

risc_v_Pad_Frame
INFO (CTE): Reading of timing constraints file ../Innovus_inputs/risc_v_Pad_Frame_opt.CM_risc_v_slow.sdc completed, with 2 WARNING
Ending "Constraint file reading stats" (total cpu=0:00:00.1, real=0:00:00.0, peak res=1054.5M, current mem=1054.5M)
Current (total cpu=0:04:14, real=0:17:37, peak res=1054.5M, current mem=1054.5M)
Reading timing constraints file '../Innovus_inputs/risc_v_Pad_Frame_opt.CM_risc_v_fast.sdc' ...
Current (total cpu=0:04:14, real=0:17:37, peak res=1054.5M, current mem=1054.5M)
**WARN: (TCLCMD-1461):	Skipped unsupported command: set_units (File ../Innovus_inputs/risc_v_Pad_Frame_opt.CM_risc_v_fast.sdc, Line 9).

**WARN: (TCLCMD-1461):	Skipped unsupported command: set_units (File ../Innovus_inputs/risc_v_Pad_Frame_opt.CM_risc_v_fast.sdc, Line 10).

risc_v_Pad_Frame
INFO (CTE): Reading of timing constraints file ../Innovus_inputs/risc_v_Pad_Frame_opt.CM_risc_v_fast.sdc completed, with 2 WARNING
Ending "Constraint file reading stats" (total cpu=0:00:00.0, real=0:00:01.0, peak res=1054.7M, current mem=1054.7M)
Current (total cpu=0:04:14, real=0:17:38, peak res=1054.7M, current mem=1054.7M)
Total number of combinational cells: 327
Total number of sequential cells: 168
Total number of tristate cells: 10
Total number of level shifter cells: 0
Total number of power gating cells: 0
Total number of isolation cells: 0
Total number of power switch cells: 0
Total number of pulse generator cells: 0
Total number of always on buffers: 0
Total number of retention cells: 0
List of usable buffers: BUFX2 BUFX12 BUFX16 BUFX20 CLKBUFX2 BUFX3 BUFX4 BUFX6 BUFX8 CLKBUFX12 CLKBUFX16 CLKBUFX20 CLKBUFX3 CLKBUFX4 CLKBUFX6 CLKBUFX8
Total number of usable buffers: 16
List of unusable buffers:
Total number of unusable buffers: 0
List of usable inverters: CLKINVX1 CLKINVX2 CLKINVX12 CLKINVX16 CLKINVX20 CLKINVX4 CLKINVX3 CLKINVX6 CLKINVX8 INVX1 INVX2 INVX12 INVX16 INVX20 INVXL INVX3 INVX4 INVX6 INVX8
Total number of usable inverters: 19
List of unusable inverters:
Total number of unusable inverters: 0
List of identified usable delay cells: DLY1X1 DLY1X4 DLY2X1 DLY2X4 DLY3X1 DLY3X4 DLY4X1 DLY4X4
Total number of identified usable delay cells: 8
List of identified unusable delay cells:
Total number of identified unusable delay cells: 0
AnalysisView_BC AnalysisView_WC
**WARN: (IMPSYC-2):	Timing information is not defined for cell PADVSSIOR; Check the timing library (.lib) file and make sure the timing information exists for the cell and you can run the checkTimingLibrary command to verify if the timing library has complete information after the design is loaded.
Type 'man IMPSYC-2' for more detail.
**WARN: (IMPSYC-2):	Timing information is not defined for cell PADVSS; Check the timing library (.lib) file and make sure the timing information exists for the cell and you can run the checkTimingLibrary command to verify if the timing library has complete information after the design is loaded.
Type 'man IMPSYC-2' for more detail.
**WARN: (IMPSYC-2):	Timing information is not defined for cell PADVDDIOR; Check the timing library (.lib) file and make sure the timing information exists for the cell and you can run the checkTimingLibrary command to verify if the timing library has complete information after the design is loaded.
Type 'man IMPSYC-2' for more detail.
**WARN: (IMPSYC-2):	Timing information is not defined for cell PADVDD; Check the timing library (.lib) file and make sure the timing information exists for the cell and you can run the checkTimingLibrary command to verify if the timing library has complete information after the design is loaded.
Type 'man IMPSYC-2' for more detail.
**WARN: (IMPSYC-2):	Timing information is not defined for cell PADDO; Check the timing library (.lib) file and make sure the timing information exists for the cell and you can run the checkTimingLibrary command to verify if the timing library has complete information after the design is loaded.
Type 'man IMPSYC-2' for more detail.
**WARN: (IMPSYC-2):	Timing information is not defined for cell PADDI; Check the timing library (.lib) file and make sure the timing information exists for the cell and you can run the checkTimingLibrary command to verify if the timing library has complete information after the design is loaded.
Type 'man IMPSYC-2' for more detail.
<CMD> fit
<CMD> zoomBox -512.24150 11.86650 1168.22550 630.29450
<CMD> zoomBox -827.00500 -85.93950 1498.90150 770.01650
<CMD> zoomBox -827.00500 -171.53500 1498.90150 684.42100
<CMD> saveDesign risc_v_Pad_Frame.tcl
% Begin save design ... (date=11/08 03:15:37, mem=1134.2M)
% Begin Save ccopt configuration ... (date=11/08 03:15:37, mem=1134.2M)
% End Save ccopt configuration ... (date=11/08 03:15:37, total cpu=0:00:00.0, real=0:00:00.0, peak res=1135.2M, current mem=1135.2M)
% Begin Save netlist data ... (date=11/08 03:15:37, mem=1135.2M)
Writing Binary DB to risc_v_Pad_Frame.tcl.dat/risc_v_Pad_Frame.v.bin in single-threaded mode...
% End Save netlist data ... (date=11/08 03:15:37, total cpu=0:00:00.0, real=0:00:00.0, peak res=1135.3M, current mem=1135.3M)
Saving symbol-table file ...
Saving congestion map file risc_v_Pad_Frame.tcl.dat/risc_v_Pad_Frame.route.congmap.gz ...
% Begin Save AAE data ... (date=11/08 03:15:37, mem=1135.9M)
Saving AAE Data ...
% End Save AAE data ... (date=11/08 03:15:37, total cpu=0:00:00.0, real=0:00:00.0, peak res=1135.9M, current mem=1135.9M)
Saving preference file risc_v_Pad_Frame.tcl.dat/gui.pref.tcl ...
Saving mode setting ...
Saving global file ...
% Begin Save floorplan data ... (date=11/08 03:15:38, mem=1139.1M)
Saving floorplan file ...
% End Save floorplan data ... (date=11/08 03:15:38, total cpu=0:00:00.1, real=0:00:00.0, peak res=1139.7M, current mem=1139.7M)
Saving Drc markers ...
... No Drc file written since there is no markers found.
% Begin Save placement data ... (date=11/08 03:15:38, mem=1139.7M)
** Saving stdCellPlacement_binary (version# 2) ...
Save Adaptive View Pruning View Names to Binary file
% End Save placement data ... (date=11/08 03:15:38, total cpu=0:00:00.0, real=0:00:00.0, peak res=1139.8M, current mem=1139.8M)
% Begin Save routing data ... (date=11/08 03:15:38, mem=1139.8M)
Saving route file ...
*** Completed saveRoute (cpu=0:00:00.0 real=0:00:00.0 mem=1412.3M) ***
% End Save routing data ... (date=11/08 03:15:38, total cpu=0:00:00.0, real=0:00:00.0, peak res=1140.0M, current mem=1140.0M)
Saving property file risc_v_Pad_Frame.tcl.dat/risc_v_Pad_Frame.prop
*** Completed saveProperty (cpu=0:00:00.0 real=0:00:00.0 mem=1415.3M) ***
Saving preRoute extracted patterns in file 'risc_v_Pad_Frame.tcl.dat/risc_v_Pad_Frame.techData.gz' ...
Saving preRoute extraction data in directory 'risc_v_Pad_Frame.tcl.dat/extraction/' ...
% Begin Save power constraints data ... (date=11/08 03:15:38, mem=1142.7M)
% End Save power constraints data ... (date=11/08 03:15:38, total cpu=0:00:00.0, real=0:00:00.0, peak res=1142.8M, current mem=1142.8M)
RC_Extraction_WC RC_Extraction_BC
RC_Extraction_WC RC_Extraction_BC
RC_Extraction_WC RC_Extraction_BC
RC_Extraction_WC RC_Extraction_BC
RC_Extraction_WC RC_Extraction_BC
Generated self-contained design risc_v_Pad_Frame.tcl.dat
% End save design ... (date=11/08 03:15:39, total cpu=0:00:00.8, real=0:00:02.0, peak res=1169.9M, current mem=1145.6M)

--------------------------------------------------------------------------------
Exiting Innovus on Wed Nov  8 03:16:27 2023
  Total CPU time:     0:06:23
  Total real time:    0:32:43
  Peak memory (main): 1153.34MB


*** Memory Usage v#1 (Current mem = 1479.348M, initial mem = 311.355M) ***
*** Message Summary: 104 warning(s), 7 error(s)

--- Ending "Innovus" (totcpu=0:06:20, real=0:32:37, mem=1479.3M) ---
