============================================================
  Generated by:           Genus(TM) Synthesis Solution 20.11-s111_1
  Generated on:           Nov 09 2023  03:16:22 am
  Module:                 risc_v_Pad_Frame
  Library domain:         TC_risc_v_slow
    Domain index:         0
    Technology libraries: slow_vdd1v0 1.0
                          giolib045 
  Library domain:         TC_risc_v_fast
    Domain index:         1
    Technology libraries: fast_vdd1v2 1.0
                          giolib045 
  Operating conditions:   PVT_0P9V_125C 
  Operating conditions:   PVT_1P32V_0C 
  Interconnect mode:      global
  Area mode:              physical library
============================================================

Timing
--------

  Analysis view   Clock  Period 
--------------------------------
view_risc_v_slow My_CLK 10000.0 
view_risc_v_fast My_CLK  1000.0 


    Analysis       Cost   Critical        Violating 
      View        Group  Path Slack  TNS    Paths   
----------------------------------------------------
view_risc_v_slow default   No paths  0.0          0 
                  My_CLK     3819.2  0.0          0 
----------------------------------------------------
Total                               -0.0          0 
                                                    
view_risc_v_fast default   No paths  0.0          0 
                  My_CLK      126.7  0.0          0 
----------------------------------------------------
Total                               -0.0          0 
                                                    

Instance Count
--------------
Leaf Instance Count             3876 
Physical Instance count            0 
Sequential Instance Count       3519 
Combinational Instance Count     357 
Hierarchical Instance Count        0 

Area
----
Cell Area                          138456.684
Physical Cell Area                 0.000
Total Cell Area (Cell+Physical)    138456.684
Net Area                           601.175
Total Area (Cell+Physical+Net)     139057.859

Runtime                            0.0 seconds
Elapsed Runtime                    279 seconds
Genus peak memory usage            1502.77 
Innovus peak memory usage          no_value 
Hostname                           ip-172-31-46-123.us-east-2.compute.internal
