============================================================
  Generated by:           Genus(TM) Synthesis Solution 20.11-s111_1
  Generated on:           Nov 09 2023  03:16:22 am
  Module:                 risc_v_Pad_Frame
  Library domain:         TC_risc_v_slow
    Domain index:         0
    Technology libraries: slow_vdd1v0 1.0
                          giolib045 
  Library domain:         TC_risc_v_fast
    Domain index:         1
    Technology libraries: fast_vdd1v2 1.0
                          giolib045 
  Operating conditions:   PVT_0P9V_125C 
  Operating conditions:   PVT_1P32V_0C 
  Interconnect mode:      global
  Area mode:              physical library
============================================================

                                    Leakage                    Library 
   Gate     Instances     Area    Power (mW)      Library       Domain 
-----------------------------------------------------------------------
ADDHX4             38     272.916      0.000    slow_vdd1v0          0 
AND3X6             12      53.352      0.000    slow_vdd1v0          0 
AND4X6             13      75.582      0.000    slow_vdd1v0          0 
AO21X4              2       6.840      0.000    slow_vdd1v0          0 
AO22X4              4      15.048      0.000    slow_vdd1v0          0 
AOI2BB1X4           7      28.728      0.000    slow_vdd1v0          0 
BUFX16             78     533.520      0.000    slow_vdd1v0          0 
BUFX20             37     303.696      0.000    slow_vdd1v0          0 
CLKAND2X12         18     135.432      0.000    slow_vdd1v0          0 
CLKAND2X8          62     360.468      0.000    slow_vdd1v0          0 
CLKBUFX20           1       8.208      0.000    slow_vdd1v0          0 
CLKINVX12           2       8.208      0.000    slow_vdd1v0          0 
CLKINVX20           2      12.996      0.000    slow_vdd1v0          0 
CLKINVX6            4       9.576      0.000    slow_vdd1v0          0 
CLKINVX8            8      24.624      0.000    slow_vdd1v0          0 
CLKMX2X3            1       4.104      0.000    slow_vdd1v0          0 
DFFHQX8            18     166.212      0.000    slow_vdd1v0          0 
DFFNSRX1           99     914.166      0.000    slow_vdd1v0          0 
DFFNSRX4          121    1613.898      0.000    slow_vdd1v0          0 
DFFQXL           3200   17510.400      0.000    slow_vdd1v0          0 
DFFRHQX8           49     553.014      0.000    slow_vdd1v0          0 
DFFRX4             13     124.488      0.000    slow_vdd1v0          0 
DFFSHQX8            1      10.602      0.000    slow_vdd1v0          0 
INVX16              1       5.472      0.000    slow_vdd1v0          0 
MXI2X8              1       6.156      0.000    slow_vdd1v0          0 
NAND2BX4            4      15.048      0.000    slow_vdd1v0          0 
NAND2X8             5      27.360      0.000    slow_vdd1v0          0 
NAND2XL             1       1.026      0.000    slow_vdd1v0          0 
NOR2BX4             2       7.524      0.000    slow_vdd1v0          0 
NOR2X8             11      60.192      0.000    slow_vdd1v0          0 
OAI2BB1X4           1       4.446      0.000    slow_vdd1v0          0 
OR2X6               7      26.334      0.000    slow_vdd1v0          0 
OR2X8               1       4.446      0.000    slow_vdd1v0          0 
OR2XL               1       1.368      0.000    slow_vdd1v0          0 
OR3X6               3      14.364      0.000    slow_vdd1v0          0 
OR4X6               5      27.360      0.000    slow_vdd1v0          0 
PADDI               3   43200.000      0.001    giolib045            0 
PADDO               1   14400.000      0.076    giolib045            0 
PADVDD              1   14400.000      0.000    physical_cells       0 
PADVDDIOR           1   14400.000      0.000    physical_cells       0 
PADVSS              1   14400.000      0.000    physical_cells       0 
PADVSSIOR           1   14400.000      0.000    physical_cells       0 
SDFFRHQX8          18     240.084      0.000    slow_vdd1v0          0 
XNOR2X4             1       3.762      0.000    slow_vdd1v0          0 
XOR2X4             16      65.664      0.000    slow_vdd1v0          0 
-----------------------------------------------------------------------
total            3876  138456.684      0.077                   


                                                 Leakage  Leakage 
    Library    Instances Instances %    Area   Power (mW) Power % 
------------------------------------------------------------------
giolib045              4         0.1 57600.000      0.077    99.4 
physical_cells         4         0.1 57600.000      0.000     0.0 
slow_vdd1v0         3868        99.8 23256.684      0.000     0.6 

                                             Leakage  Leakage 
     Type      Instances    Area    Area % Power (mW) Power % 
--------------------------------------------------------------
timing_model           4  57600.000   41.6      0.077    99.4 
sequential          3519  21132.864   15.3      0.000     0.5 
inverter              17     60.876    0.0      0.000     0.0 
buffer               116    845.424    0.6      0.000     0.1 
logic                220  58817.520   42.5      0.000     0.1 
physical_cells         0      0.000    0.0      0.000     0.0 
--------------------------------------------------------------
total               3876 138456.684  100.0      0.077   100.0 

