Cadence Genus(TM) Synthesis Solution.
Copyright 2021 Cadence Design Systems, Inc. All rights reserved worldwide.
Cadence and the Cadence logo are registered trademarks and Genus is a trademark
of Cadence Design Systems, Inc. in the United States and other countries.

Version: 20.11-s111_1, built Mon Apr 26 07:57:38 PDT 2021
Options: 
Date:    Wed Nov 08 02:09:33 2023
Host:    ip-172-31-46-123.us-east-2.compute.internal (x86_64 w/Linux 3.10.0-1160.95.1.el7.x86_64) (8cores*8cpus*1physical cpu*Intel(R) Xeon(R) CPU E5-2686 v4 @ 2.30GHz 46080KB) (32778796KB)
PID:     12476
OS:      CentOS Linux release 7.9.2009 (Core)


Another Ctrl-C within 1 second will terminate the tool.
CURRENT RESOURCES: RT {elapsed: 29s, ST: 0s, FG: 0s, CPU: 1.0%}, MEM {curr: 0.6G, peak: 0.6G, phys curr: 0.1G, phys peak: 0.1G}, SYS {load: 1.7, cpu: 8, total: 31.3G, free: 0.5G}
Checking out license: Genus_Synthesis (29 seconds elapsed).
License 'Genus_Synthesis' (main version: 20.1, alternate version: 20.1) checkout failed.

Another Ctrl-C within 1 second will terminate the tool.
CURRENT RESOURCES: RT {elapsed: 31s, ST: 0s, FG: 0s, CPU: 1.0%}, MEM {curr: 0.6G, peak: 0.6G, phys curr: 0.1G, phys peak: 0.1G}, SYS {load: 1.7, cpu: 8, total: 31.3G, free: 0.5G}

Another Ctrl-C within 1 second will terminate the tool.
CURRENT RESOURCES: RT {elapsed: 32s, ST: 0s, FG: 0s, CPU: 1.1%}, MEM {curr: 0.6G, peak: 0.6G, phys curr: 0.1G, phys peak: 0.1G}, SYS {load: 1.7, cpu: 8, total: 31.3G, free: 0.5G}
Checking out license: Virtuoso_Digital_Implem (3 seconds elapsed).
License 'Virtuoso_Digital_Implem' (main version: 20.1, alternate version: 20.1) checkout failed.

Another Ctrl-C within 1 second will terminate the tool.
CURRENT RESOURCES: RT {elapsed: 35s, ST: 0s, FG: 0s, CPU: 1.1%}, MEM {curr: 0.6G, peak: 0.6G, phys curr: 0.1G, phys peak: 0.1G}, SYS {load: 1.7, cpu: 8, total: 31.3G, free: 0.5G}
Abnormal exit.
