============================================================
  Generated by:           Genus(TM) Synthesis Solution 20.11-s111_1
  Generated on:           Nov 08 2023  02:30:23 am
  Module:                 risc_v_Pad_Frame
  Library domain:         TC_risc_v_slow
    Domain index:         0
    Technology libraries: slow_vdd1v0 1.0
                          giolib045 
  Library domain:         TC_risc_v_fast
    Domain index:         1
    Technology libraries: fast_vdd1v2 1.0
                          giolib045 
  Operating conditions:   PVT_0P9V_125C 
  Operating conditions:   PVT_1P32V_0C 
  Interconnect mode:      global
  Area mode:              physical library
============================================================

                                   Leakage                    Library 
   Gate    Instances     Area    Power (mW)      Library       Domain 
----------------------------------------------------------------------
PADDI              3   43200.000      0.001    giolib045            0 
PADDO              1   14400.000      0.076    giolib045            0 
PADVDD             1   14400.000      0.000    physical_cells       0 
PADVDDIOR          1   14400.000      0.000    physical_cells       0 
PADVSS             1   14400.000      0.000    physical_cells       0 
PADVSSIOR          1   14400.000      0.000    physical_cells       0 
----------------------------------------------------------------------
total              8  115200.000      0.077                   


                                                 Leakage  Leakage 
    Library    Instances Instances %    Area   Power (mW) Power % 
------------------------------------------------------------------
giolib045              4        50.0 57600.000      0.077   100.0 
physical_cells         4        50.0 57600.000      0.000     0.0 

                                             Leakage  Leakage 
     Type      Instances    Area    Area % Power (mW) Power % 
--------------------------------------------------------------
timing_model           4  57600.000   50.0      0.077    99.6 
sequential          3519      0.000    0.0      0.000     0.4 
inverter              42      0.000    0.0      0.000     0.0 
logic                851  57600.000   50.0      0.000     0.0 
physical_cells         0      0.000    0.0      0.000     0.0 
--------------------------------------------------------------
total               4416 115200.000  100.0      0.077   100.0 

