============================================================
  Generated by:           Genus(TM) Synthesis Solution 20.11-s111_1
  Generated on:           Nov 08 2023  02:30:57 am
  Module:                 risc_v_Pad_Frame
  Library domain:         TC_risc_v_slow
    Domain index:         0
    Technology libraries: slow_vdd1v0 1.0
                          giolib045 
  Library domain:         TC_risc_v_fast
    Domain index:         1
    Technology libraries: fast_vdd1v2 1.0
                          giolib045 
  Operating conditions:   PVT_0P9V_125C 
  Operating conditions:   PVT_1P32V_0C 
  Interconnect mode:      global
  Area mode:              physical library
============================================================

                                   Leakage                    Library 
   Gate    Instances     Area    Power (mW)      Library       Domain 
----------------------------------------------------------------------
ADDHX2            37     189.810      0.000    slow_vdd1v0          0 
ADDHX4             1       7.182      0.000    slow_vdd1v0          0 
AND2X2            64     109.440      0.000    slow_vdd1v0          0 
AND2X4             7      19.152      0.000    slow_vdd1v0          0 
AND2X6             7      26.334      0.000    slow_vdd1v0          0 
AND2X8             1       4.446      0.000    slow_vdd1v0          0 
AND3X2             2       5.472      0.000    slow_vdd1v0          0 
AND3X4             9      27.702      0.000    slow_vdd1v0          0 
AND4X4            10      37.620      0.000    slow_vdd1v0          0 
AND4X6             3      17.442      0.000    slow_vdd1v0          0 
AO21X2             2       5.472      0.000    slow_vdd1v0          0 
AO22X2             4      12.312      0.000    slow_vdd1v0          0 
AOI2BB1X4          7      28.728      0.000    slow_vdd1v0          0 
BUFX20             1       8.208      0.000    slow_vdd1v0          0 
BUFX4              1       2.394      0.000    slow_vdd1v0          0 
BUFX6              1       3.078      0.000    slow_vdd1v0          0 
CLKAND2X2          1       2.052      0.000    slow_vdd1v0          0 
CLKAND2X3          1       3.078      0.000    slow_vdd1v0          0 
CLKAND2X4          1       3.420      0.000    slow_vdd1v0          0 
CLKBUFX16          1       6.840      0.000    slow_vdd1v0          0 
CLKINVX4           3       5.130      0.000    slow_vdd1v0          0 
CLKINVX6           1       2.394      0.000    slow_vdd1v0          0 
CLKINVX8           1       3.078      0.000    slow_vdd1v0          0 
CLKMX2X2           1       3.078      0.000    slow_vdd1v0          0 
CLKXOR2X2         16      54.720      0.000    slow_vdd1v0          0 
DFFHQX4           16     131.328      0.000    slow_vdd1v0          0 
DFFHQX8            1       9.234      0.000    slow_vdd1v0          0 
DFFNSRX1          99     914.166      0.000    slow_vdd1v0          0 
DFFNSRX2          64     766.080      0.000    slow_vdd1v0          0 
DFFNSRX4          57     760.266      0.000    slow_vdd1v0          0 
DFFQX4             1       7.182      0.000    slow_vdd1v0          0 
DFFQXL          3200   17510.400      0.000    slow_vdd1v0          0 
DFFRHQX4          39     373.464      0.000    slow_vdd1v0          0 
DFFRHQX8          10     112.860      0.000    slow_vdd1v0          0 
DFFRX2            13      97.812      0.000    slow_vdd1v0          0 
DFFSHQX4           1       9.576      0.000    slow_vdd1v0          0 
INVX2              8       8.208      0.000    slow_vdd1v0          0 
INVX3              5       6.840      0.000    slow_vdd1v0          0 
MXI2X2             1       4.446      0.000    slow_vdd1v0          0 
NAND2BX4           4      15.048      0.000    slow_vdd1v0          0 
NAND2X4            5      17.100      0.000    slow_vdd1v0          0 
NAND2XL            1       1.026      0.000    slow_vdd1v0          0 
NOR2BX4            2       7.524      0.000    slow_vdd1v0          0 
NOR2X4            10      30.780      0.000    slow_vdd1v0          0 
NOR2X6             1       4.104      0.000    slow_vdd1v0          0 
OAI2BB1X4          1       4.446      0.000    slow_vdd1v0          0 
OR2X2              6      10.260      0.000    slow_vdd1v0          0 
OR2X4              2       5.472      0.000    slow_vdd1v0          0 
OR2X8              2       8.892      0.000    slow_vdd1v0          0 
OR2XL              1       1.368      0.000    slow_vdd1v0          0 
OR3X4              1       3.078      0.000    slow_vdd1v0          0 
OR3X6              1       4.788      0.000    slow_vdd1v0          0 
OR4X6              5      27.360      0.000    slow_vdd1v0          0 
PADDI              3   43200.000      0.001    giolib045            0 
PADDO              1   14400.000      0.076    giolib045            0 
PADVDD             1   14400.000      0.000    physical_cells       0 
PADVDDIOR          1   14400.000      0.000    physical_cells       0 
PADVSS             1   14400.000      0.000    physical_cells       0 
PADVSSIOR          1   14400.000      0.000    physical_cells       0 
SDFFRHQX2         11     109.098      0.000    slow_vdd1v0          0 
SDFFRHQX4          7      86.184      0.000    slow_vdd1v0          0 
XNOR2X2            1       3.078      0.000    slow_vdd1v0          0 
----------------------------------------------------------------------
total           3767  136840.050      0.077                   


                                                 Leakage  Leakage 
    Library    Instances Instances %    Area   Power (mW) Power % 
------------------------------------------------------------------
giolib045              4         0.1 57600.000      0.077    99.5 
physical_cells         4         0.1 57600.000      0.000     0.0 
slow_vdd1v0         3759        99.8 21640.050      0.000     0.5 

                                             Leakage  Leakage 
     Type      Instances    Area    Area % Power (mW) Power % 
--------------------------------------------------------------
timing_model           4  57600.000   42.1      0.077    99.5 
sequential          3519  20887.650   15.3      0.000     0.4 
inverter              18     25.650    0.0      0.000     0.0 
buffer                 4     20.520    0.0      0.000     0.0 
logic                222  58306.230   42.6      0.000     0.0 
physical_cells         0      0.000    0.0      0.000     0.0 
--------------------------------------------------------------
total               3767 136840.050  100.0      0.077   100.0 

