============================================================
  Generated by:           Genus(TM) Synthesis Solution 20.11-s111_1
  Generated on:           Nov 01 2023  02:58:45 am
  Module:                 risc_v_top
  Library domain:         TC_risc_v_slow
    Domain index:         0
    Technology library:   slow_vdd1v0 1.0
  Library domain:         TC_risc_v_fast
    Domain index:         1
    Technology library:   fast_vdd1v2 1.0
  Operating conditions:   PVT_0P9V_125C 
  Operating conditions:   PVT_1P32V_0C 
  Interconnect mode:      global
  Area mode:              physical library
============================================================

Timing
--------

  Analysis view   Clock  Period 
--------------------------------
view_risc_v_slow My_CLK 10000.0 
view_risc_v_fast My_CLK  1000.0 


    Analysis       Cost   Critical        Violating 
      View        Group  Path Slack  TNS    Paths   
----------------------------------------------------
view_risc_v_slow default   No paths  0.0          0 
                  My_CLK     4009.8  0.0          0 
----------------------------------------------------
Total                               -0.0          0 
                                                    
view_risc_v_fast default   No paths  0.0          0 
                  My_CLK        7.2  0.0          0 
----------------------------------------------------
Total                               -0.0          0 
                                                    

Instance Count
--------------
Leaf Instance Count             3810 
Physical Instance count            0 
Sequential Instance Count       3519 
Combinational Instance Count     291 
Hierarchical Instance Count        0 

Area
----
Cell Area                          21743.676
Physical Cell Area                 0.000
Total Cell Area (Cell+Physical)    21743.676
Net Area                           572.438
Total Area (Cell+Physical+Net)     22316.114

Runtime                            0.0 seconds
Elapsed Runtime                    228 seconds
Genus peak memory usage            1474.75 
Innovus peak memory usage          no_value 
Hostname                           ip-172-31-46-123.us-east-2.compute.internal
