

Working Directory = /users/iteso-s012/my_designs/DM_Michel_Castillo_RISC_V/synthesis/Logic_synthesis
QoS Summary for risc_v_top
================================================================================
Metric                          generic        
================================================================================

View : view_Adders_slow
Slack (ps):                       inf
  R2R (ps):                  no_value
  I2R (ps):                  no_value
  R2O (ps):                  no_value
  I2O (ps):                  no_value
  CG  (ps):                  no_value
TNS (ps):                           0
  R2R (ps):                  no_value
  I2R (ps):                  no_value
  R2O (ps):                  no_value
  I2O (ps):                  no_value
  CG  (ps):                  no_value
Failing Paths:                      0

View : view_Adders_fast
Slack (ps):                       inf
  R2R (ps):                  no_value
  I2R (ps):                  no_value
  R2O (ps):                  no_value
  I2O (ps):                  no_value
  CG  (ps):                  no_value
TNS (ps):                           0
  R2R (ps):                  no_value
  I2R (ps):                  no_value
  R2O (ps):                  no_value
  I2O (ps):                  no_value
  CG  (ps):                  no_value
Failing Paths:                      0

Leakage Power (mW):             0.000
Cell Area:                          0
Total Cell Area:                    0
Leaf Instances:                     0
Total Instances:                    0
Utilization (%):                 0.00
Tot. Net Length (um):        no_value
Avg. Net Length (um):        no_value
Route Overflow H (%):        no_value
Route Overflow V (%):        no_value
MBCI(%) (bits/gate) :            0.00
Norm Cong Hotspot Area:
  Max Cong:                  no_value
  Tot Cong:                  no_value
================================================================================
CPU  Runtime (h:m:s):        00:01:49
Real Runtime (h:m:s):        00:02:30
CPU  Elapsed (h:m:s):        00:01:55
Real Elapsed (h:m:s):        00:02:32
Memory (MB):                  1441.42
================================================================================
================================================================================
Flow Settings:
================================================================================
Total Runtime (h:m:s): 00:02:31
Total Memory (MB):     1441.42
Executable Version:    20.11-s111_1
================================================================================
Total Cell Area =  Cell Area + Physical Cell Area
Total Instances =  Leaf Instances + Physical Instances


