============================================================
  Generated by:           Genus(TM) Synthesis Solution 20.11-s111_1
  Generated on:           Oct 24 2023  04:36:18 pm
  Module:                 risc_v_top
  Library domain:         TC_Adders_slow
    Domain index:         0
    Technology library:   slow_vdd1v0 1.0
  Library domain:         TC_Adders_fast
    Domain index:         1
    Technology library:   fast_vdd1v2 1.0
  Operating conditions:   PVT_0P9V_125C 
  Operating conditions:   PVT_1P32V_0C 
  Interconnect mode:      global
  Area mode:              physical library
============================================================

Timing
--------

  Analysis view   Clock  Period  
---------------------------------
view_Adders_slow My_CLK 100000.0 
view_Adders_fast My_CLK 100000.0 


    Analysis       Cost   Critical        Violating 
      View        Group  Path Slack  TNS    Paths   
----------------------------------------------------
view_Adders_slow default   No paths  0.0          0 
                  My_CLK   No paths  0.0          0 
----------------------------------------------------
Total                               -0.0          0 
                                                    
view_Adders_fast default   No paths  0.0          0 
                  My_CLK   No paths  0.0          0 
----------------------------------------------------
Total                               -0.0          0 
                                                    

Instance Count
--------------
Leaf Instance Count             0 
Physical Instance count         0 
Sequential Instance Count       0 
Combinational Instance Count    0 
Hierarchical Instance Count     0 

Area
----
Cell Area                          0.000
Physical Cell Area                 0.000
Total Cell Area (Cell+Physical)    0.000
Net Area                           0.000
Total Area (Cell+Physical+Net)     0.000

Runtime                            0.0 seconds
Elapsed Runtime                    157 seconds
Genus peak memory usage            1441.42 
Innovus peak memory usage          no_value 
Hostname                           ip-172-31-46-123.us-east-2.compute.internal
