Analysis & Elaboration report for risk_v_multicycle
Sat Mar 18 12:29:59 2023
Quartus Prime Version 21.1.1 Build 850 06/23/2022 SJ Lite Edition


---------------------
; Table of Contents ;
---------------------
  1. Legal Notice
  2. Analysis & Elaboration Summary
  3. Parallel Compilation
  4. Source assignments for uart_IP:uart_IP_module|uart_full_duplex:UART_full_duplex|UART_Rx:rx_uart
  5. Source assignments for uart_IP:uart_IP_module|uart_full_duplex:UART_full_duplex|uart_tx:tx_uart|uart_tx_fsm:tx_fsm
  6. Parameter Settings for User Entity Instance: control_unit:cu
  7. Parameter Settings for User Entity Instance: ffd_param_pc_risk:ff_pc
  8. Parameter Settings for User Entity Instance: multiplexor_param:mult_pc_memory
  9. Parameter Settings for User Entity Instance: master_memory_map:memory_map
 10. Parameter Settings for User Entity Instance: master_memory_map:memory_map|double_multiplexor_param:memory_map_mult
 11. Parameter Settings for User Entity Instance: master_memory_map:memory_map|double_multiplexor_param:memory_map_mult|multiplexor_param:mult1
 12. Parameter Settings for User Entity Instance: master_memory_map:memory_map|double_multiplexor_param:memory_map_mult|multiplexor_param:mult2
 13. Parameter Settings for User Entity Instance: master_memory_map:memory_map|double_multiplexor_param:memory_map_mult|multiplexor_param:mult3
 14. Parameter Settings for User Entity Instance: instr_data_memory:memory_rom
 15. Parameter Settings for User Entity Instance: uart_IP:uart_IP_module
 16. Parameter Settings for User Entity Instance: uart_IP:uart_IP_module|uart_full_duplex:UART_full_duplex
 17. Parameter Settings for User Entity Instance: uart_IP:uart_IP_module|uart_full_duplex:UART_full_duplex|UART_Rx:rx_uart
 18. Parameter Settings for User Entity Instance: uart_IP:uart_IP_module|uart_full_duplex:UART_full_duplex|UART_Rx:rx_uart|Shift_Register_R_Param:shift_reg
 19. Parameter Settings for User Entity Instance: uart_IP:uart_IP_module|uart_full_duplex:UART_full_duplex|UART_Rx:rx_uart|ffd_param:rx_Data_Reg_i
 20. Parameter Settings for User Entity Instance: uart_IP:uart_IP_module|uart_full_duplex:UART_full_duplex|UART_Rx:rx_uart|ffd_param:ff_par
 21. Parameter Settings for User Entity Instance: uart_IP:uart_IP_module|uart_full_duplex:UART_full_duplex|UART_Rx:rx_uart|ffd_param:ff_rx_flag
 22. Parameter Settings for User Entity Instance: uart_IP:uart_IP_module|uart_full_duplex:UART_full_duplex|UART_Rx:rx_uart|Bit_Rate_Pulse:BR_pulse
 23. Parameter Settings for User Entity Instance: uart_IP:uart_IP_module|uart_full_duplex:UART_full_duplex|UART_Rx:rx_uart|Counter_Param:Counter_bits
 24. Parameter Settings for User Entity Instance: uart_IP:uart_IP_module|uart_full_duplex:UART_full_duplex|uart_tx:tx_uart
 25. Parameter Settings for User Entity Instance: uart_IP:uart_IP_module|uart_full_duplex:UART_full_duplex|uart_tx:tx_uart|Delayer:delay_5ms
 26. Parameter Settings for User Entity Instance: uart_IP:uart_IP_module|uart_full_duplex:UART_full_duplex|uart_tx:tx_uart|Counter_02Limit_ovf:bit_counter
 27. Parameter Settings for User Entity Instance: uart_IP:uart_IP_module|uart_full_duplex:UART_full_duplex|uart_tx:tx_uart|Bit_Rate_Pulse:baudrate_counter
 28. Parameter Settings for User Entity Instance: uart_IP:uart_IP_module|uart_full_duplex:UART_full_duplex|uart_tx:tx_uart|ffd_param:tx_reg
 29. Parameter Settings for User Entity Instance: uart_IP:uart_IP_module|uart_full_duplex:UART_full_duplex|uart_tx:tx_uart|parallel2serial:shift_right_reg
 30. Parameter Settings for User Entity Instance: uart_IP:uart_IP_module|uart_full_duplex:UART_full_duplex|uart_tx:tx_uart|multiplexor_param:tx_data_mux
 31. Parameter Settings for User Entity Instance: ffd_param:ff_instr
 32. Parameter Settings for User Entity Instance: ffd_param:ff_saver
 33. Parameter Settings for User Entity Instance: double_multiplexor_param:mult_write_Data
 34. Parameter Settings for User Entity Instance: double_multiplexor_param:mult_write_Data|multiplexor_param:mult1
 35. Parameter Settings for User Entity Instance: double_multiplexor_param:mult_write_Data|multiplexor_param:mult2
 36. Parameter Settings for User Entity Instance: double_multiplexor_param:mult_write_Data|multiplexor_param:mult3
 37. Parameter Settings for User Entity Instance: ffd_param:ff_rd1
 38. Parameter Settings for User Entity Instance: ffd_param:ff_rd2
 39. Parameter Settings for User Entity Instance: multiplexor_param:mult_pc_or_data
 40. Parameter Settings for User Entity Instance: double_multiplexor_param:srcB_mult
 41. Parameter Settings for User Entity Instance: double_multiplexor_param:srcB_mult|multiplexor_param:mult1
 42. Parameter Settings for User Entity Instance: double_multiplexor_param:srcB_mult|multiplexor_param:mult2
 43. Parameter Settings for User Entity Instance: double_multiplexor_param:srcB_mult|multiplexor_param:mult3
 44. Parameter Settings for User Entity Instance: ALU:alu_block
 45. Parameter Settings for User Entity Instance: ffd_param:ff_alu_result
 46. Parameter Settings for User Entity Instance: multiplexor_param:mult_alu
 47. Parameter Settings for User Entity Instance: imm_gen_module:imm_module
 48. Analysis & Elaboration Settings
 49. Port Connectivity Checks: "ffd_param:ff_alu_result"
 50. Port Connectivity Checks: "double_multiplexor_param:srcB_mult"
 51. Port Connectivity Checks: "ffd_param:ff_rd2"
 52. Port Connectivity Checks: "ffd_param:ff_rd1"
 53. Port Connectivity Checks: "ffd_param:ff_saver"
 54. Port Connectivity Checks: "uart_IP:uart_IP_module|uart_full_duplex:UART_full_duplex|uart_tx:tx_uart|multiplexor_param:tx_data_mux"
 55. Port Connectivity Checks: "uart_IP:uart_IP_module|uart_full_duplex:UART_full_duplex|uart_tx:tx_uart|parallel2serial:shift_right_reg"
 56. Port Connectivity Checks: "uart_IP:uart_IP_module|uart_full_duplex:UART_full_duplex|uart_tx:tx_uart|Bit_Rate_Pulse:baudrate_counter"
 57. Port Connectivity Checks: "uart_IP:uart_IP_module|uart_full_duplex:UART_full_duplex|uart_tx:tx_uart|Counter_02Limit_ovf:bit_counter"
 58. Port Connectivity Checks: "uart_IP:uart_IP_module|uart_full_duplex:UART_full_duplex|uart_tx:tx_uart|Delayer:delay_5ms"
 59. Port Connectivity Checks: "uart_IP:uart_IP_module|uart_full_duplex:UART_full_duplex|uart_tx:tx_uart|uart_tx_fsm:tx_fsm"
 60. Port Connectivity Checks: "uart_IP:uart_IP_module|uart_full_duplex:UART_full_duplex|UART_Rx:rx_uart|Bit_Rate_Pulse:BR_pulse"
 61. Port Connectivity Checks: "uart_IP:uart_IP_module|uart_full_duplex:UART_full_duplex|UART_Rx:rx_uart|ffd_param:ff_rx_flag"
 62. Port Connectivity Checks: "uart_IP:uart_IP_module|uart_full_duplex:UART_full_duplex|UART_Rx:rx_uart"
 63. Port Connectivity Checks: "master_memory_map:memory_map|double_multiplexor_param:memory_map_mult"
 64. Port Connectivity Checks: "master_memory_map:memory_map"
 65. Analysis & Elaboration Messages
 66. Analysis & Elaboration Suppressed Messages



----------------
; Legal Notice ;
----------------
Copyright (C) 2022  Intel Corporation. All rights reserved.
Your use of Intel Corporation's design tools, logic functions 
and other software and tools, and any partner logic 
functions, and any output files from any of the foregoing 
(including device programming or simulation files), and any 
associated documentation or information are expressly subject 
to the terms and conditions of the Intel Program License 
Subscription Agreement, the Intel Quartus Prime License Agreement,
the Intel FPGA IP License Agreement, or other applicable license
agreement, including, without limitation, that your use is for
the sole purpose of programming logic devices manufactured by
Intel and sold by Intel or its authorized distributors.  Please
refer to the applicable agreement for further details, at
https://fpgasoftware.intel.com/eula.



+-----------------------------------------------------------------------------+
; Analysis & Elaboration Summary                                              ;
+-------------------------------+---------------------------------------------+
; Analysis & Elaboration Status ; Successful - Sat Mar 18 12:29:59 2023       ;
; Quartus Prime Version         ; 21.1.1 Build 850 06/23/2022 SJ Lite Edition ;
; Revision Name                 ; risk_v_multicycle                           ;
; Top-level Entity Name         ; risk_v_multicycle                           ;
; Family                        ; Cyclone V                                   ;
; Logic utilization (in ALMs)   ; N/A until Partition Merge                   ;
; Total registers               ; N/A until Partition Merge                   ;
; Total pins                    ; N/A until Partition Merge                   ;
; Total virtual pins            ; N/A until Partition Merge                   ;
; Total block memory bits       ; N/A until Partition Merge                   ;
; Total PLLs                    ; N/A until Partition Merge                   ;
; Total DLLs                    ; N/A until Partition Merge                   ;
+-------------------------------+---------------------------------------------+


+------------------------------------------+
; Parallel Compilation                     ;
+----------------------------+-------------+
; Processors                 ; Number      ;
+----------------------------+-------------+
; Number detected on machine ; 8           ;
; Maximum allowed            ; 4           ;
;                            ;             ;
; Average used               ; 1.00        ;
; Maximum used               ; 1           ;
;                            ;             ;
; Usage by Processor         ; % Time Used ;
;     Processor 1            ; 100.0%      ;
+----------------------------+-------------+


+-------------------------------------------------------------------------------------------------+
; Source assignments for uart_IP:uart_IP_module|uart_full_duplex:UART_full_duplex|UART_Rx:rx_uart ;
+------------------------------+-------+------+---------------------------------------------------+
; Assignment                   ; Value ; From ; To                                                ;
+------------------------------+-------+------+---------------------------------------------------+
; IGNORE_LCELL_BUFFERS         ; off   ; -    ; Q_SR_w[8]                                         ;
; REMOVE_REDUNDANT_LOGIC_CELLS ; off   ; -    ; Q_SR_w[8]                                         ;
; IGNORE_LCELL_BUFFERS         ; off   ; -    ; Q_SR_w[7]                                         ;
; REMOVE_REDUNDANT_LOGIC_CELLS ; off   ; -    ; Q_SR_w[7]                                         ;
; IGNORE_LCELL_BUFFERS         ; off   ; -    ; Q_SR_w[6]                                         ;
; REMOVE_REDUNDANT_LOGIC_CELLS ; off   ; -    ; Q_SR_w[6]                                         ;
; IGNORE_LCELL_BUFFERS         ; off   ; -    ; Q_SR_w[5]                                         ;
; REMOVE_REDUNDANT_LOGIC_CELLS ; off   ; -    ; Q_SR_w[5]                                         ;
; IGNORE_LCELL_BUFFERS         ; off   ; -    ; Q_SR_w[4]                                         ;
; REMOVE_REDUNDANT_LOGIC_CELLS ; off   ; -    ; Q_SR_w[4]                                         ;
; IGNORE_LCELL_BUFFERS         ; off   ; -    ; Q_SR_w[3]                                         ;
; REMOVE_REDUNDANT_LOGIC_CELLS ; off   ; -    ; Q_SR_w[3]                                         ;
; IGNORE_LCELL_BUFFERS         ; off   ; -    ; Q_SR_w[2]                                         ;
; REMOVE_REDUNDANT_LOGIC_CELLS ; off   ; -    ; Q_SR_w[2]                                         ;
; IGNORE_LCELL_BUFFERS         ; off   ; -    ; Q_SR_w[1]                                         ;
; REMOVE_REDUNDANT_LOGIC_CELLS ; off   ; -    ; Q_SR_w[1]                                         ;
; IGNORE_LCELL_BUFFERS         ; off   ; -    ; Q_SR_w[0]                                         ;
; REMOVE_REDUNDANT_LOGIC_CELLS ; off   ; -    ; Q_SR_w[0]                                         ;
+------------------------------+-------+------+---------------------------------------------------+


+--------------------------------------------------------------------------------------------------------------------+
; Source assignments for uart_IP:uart_IP_module|uart_full_duplex:UART_full_duplex|uart_tx:tx_uart|uart_tx_fsm:tx_fsm ;
+------------------------------+-------+------+----------------------------------------------------------------------+
; Assignment                   ; Value ; From ; To                                                                   ;
+------------------------------+-------+------+----------------------------------------------------------------------+
; IGNORE_LCELL_BUFFERS         ; off   ; -    ; next_state[2]                                                        ;
; REMOVE_REDUNDANT_LOGIC_CELLS ; off   ; -    ; next_state[2]                                                        ;
; IGNORE_LCELL_BUFFERS         ; off   ; -    ; next_state[1]                                                        ;
; REMOVE_REDUNDANT_LOGIC_CELLS ; off   ; -    ; next_state[1]                                                        ;
; IGNORE_LCELL_BUFFERS         ; off   ; -    ; next_state[0]                                                        ;
; REMOVE_REDUNDANT_LOGIC_CELLS ; off   ; -    ; next_state[0]                                                        ;
+------------------------------+-------+------+----------------------------------------------------------------------+


+--------------------------------------------------------------+
; Parameter Settings for User Entity Instance: control_unit:cu ;
+-----------------+---------+----------------------------------+
; Parameter Name  ; Value   ; Type                             ;
+-----------------+---------+----------------------------------+
; FETCH           ; 0000    ; Unsigned Binary                  ;
; DECODE          ; 0001    ; Unsigned Binary                  ;
; MEMADR          ; 0010    ; Unsigned Binary                  ;
; MEMREAD         ; 0011    ; Unsigned Binary                  ;
; MEMREAD_COMP    ; 0100    ; Unsigned Binary                  ;
; EXECUTE_R       ; 0101    ; Unsigned Binary                  ;
; COMPLETION      ; 0110    ; Unsigned Binary                  ;
; BRANCH          ; 0111    ; Unsigned Binary                  ;
; EXECUTE_J       ; 1000    ; Unsigned Binary                  ;
; EXECUTE_I       ; 1001    ; Unsigned Binary                  ;
; COMPLETION_JALR ; 1010    ; Unsigned Binary                  ;
; EXECUTE_LUI     ; 1011    ; Unsigned Binary                  ;
; EXECUTE_AUIPC   ; 1100    ; Unsigned Binary                  ;
; MEMWRITE        ; 1101    ; Unsigned Binary                  ;
; BRANCH_NE       ; 1110    ; Unsigned Binary                  ;
; R_TYPE          ; 0110011 ; Unsigned Binary                  ;
; I_TYPE          ; 0010011 ; Unsigned Binary                  ;
; LOAD_TYPE       ; 0000011 ; Unsigned Binary                  ;
; STORE_TYPE      ; 0100011 ; Unsigned Binary                  ;
; B_TYPE          ; 1100011 ; Unsigned Binary                  ;
; J_TYPE          ; 1101111 ; Unsigned Binary                  ;
; JALR_TYPE       ; 1100111 ; Unsigned Binary                  ;
; LUI_TYPE        ; 0110111 ; Unsigned Binary                  ;
; AUIPC_TYPE      ; 0010111 ; Unsigned Binary                  ;
+-----------------+---------+----------------------------------+
Note: In order to hide this table in the UI and the text report file, please set the "Show Parameter Settings in Synthesis Report" option in "Analysis and Synthesis Settings -> More Settings" to "Off".


+----------------------------------------------------------------------+
; Parameter Settings for User Entity Instance: ffd_param_pc_risk:ff_pc ;
+----------------+-------+---------------------------------------------+
; Parameter Name ; Value ; Type                                        ;
+----------------+-------+---------------------------------------------+
; LENGTH         ; 32    ; Signed Integer                              ;
+----------------+-------+---------------------------------------------+
Note: In order to hide this table in the UI and the text report file, please set the "Show Parameter Settings in Synthesis Report" option in "Analysis and Synthesis Settings -> More Settings" to "Off".


+-------------------------------------------------------------------------------+
; Parameter Settings for User Entity Instance: multiplexor_param:mult_pc_memory ;
+----------------+-------+------------------------------------------------------+
; Parameter Name ; Value ; Type                                                 ;
+----------------+-------+------------------------------------------------------+
; LENGTH         ; 32    ; Signed Integer                                       ;
+----------------+-------+------------------------------------------------------+
Note: In order to hide this table in the UI and the text report file, please set the "Show Parameter Settings in Synthesis Report" option in "Analysis and Synthesis Settings -> More Settings" to "Off".


+---------------------------------------------------------------------------+
; Parameter Settings for User Entity Instance: master_memory_map:memory_map ;
+----------------+-------+--------------------------------------------------+
; Parameter Name ; Value ; Type                                             ;
+----------------+-------+--------------------------------------------------+
; DATA_WIDTH     ; 32    ; Signed Integer                                   ;
; ADDR_WIDTH     ; 7     ; Signed Integer                                   ;
+----------------+-------+--------------------------------------------------+
Note: In order to hide this table in the UI and the text report file, please set the "Show Parameter Settings in Synthesis Report" option in "Analysis and Synthesis Settings -> More Settings" to "Off".


+--------------------------------------------------------------------------------------------------------------------+
; Parameter Settings for User Entity Instance: master_memory_map:memory_map|double_multiplexor_param:memory_map_mult ;
+----------------+-------+-------------------------------------------------------------------------------------------+
; Parameter Name ; Value ; Type                                                                                      ;
+----------------+-------+-------------------------------------------------------------------------------------------+
; LENGTH         ; 32    ; Signed Integer                                                                            ;
+----------------+-------+-------------------------------------------------------------------------------------------+
Note: In order to hide this table in the UI and the text report file, please set the "Show Parameter Settings in Synthesis Report" option in "Analysis and Synthesis Settings -> More Settings" to "Off".


+--------------------------------------------------------------------------------------------------------------------------------------------+
; Parameter Settings for User Entity Instance: master_memory_map:memory_map|double_multiplexor_param:memory_map_mult|multiplexor_param:mult1 ;
+----------------+-------+-------------------------------------------------------------------------------------------------------------------+
; Parameter Name ; Value ; Type                                                                                                              ;
+----------------+-------+-------------------------------------------------------------------------------------------------------------------+
; LENGTH         ; 32    ; Signed Integer                                                                                                    ;
+----------------+-------+-------------------------------------------------------------------------------------------------------------------+
Note: In order to hide this table in the UI and the text report file, please set the "Show Parameter Settings in Synthesis Report" option in "Analysis and Synthesis Settings -> More Settings" to "Off".


+--------------------------------------------------------------------------------------------------------------------------------------------+
; Parameter Settings for User Entity Instance: master_memory_map:memory_map|double_multiplexor_param:memory_map_mult|multiplexor_param:mult2 ;
+----------------+-------+-------------------------------------------------------------------------------------------------------------------+
; Parameter Name ; Value ; Type                                                                                                              ;
+----------------+-------+-------------------------------------------------------------------------------------------------------------------+
; LENGTH         ; 32    ; Signed Integer                                                                                                    ;
+----------------+-------+-------------------------------------------------------------------------------------------------------------------+
Note: In order to hide this table in the UI and the text report file, please set the "Show Parameter Settings in Synthesis Report" option in "Analysis and Synthesis Settings -> More Settings" to "Off".


+--------------------------------------------------------------------------------------------------------------------------------------------+
; Parameter Settings for User Entity Instance: master_memory_map:memory_map|double_multiplexor_param:memory_map_mult|multiplexor_param:mult3 ;
+----------------+-------+-------------------------------------------------------------------------------------------------------------------+
; Parameter Name ; Value ; Type                                                                                                              ;
+----------------+-------+-------------------------------------------------------------------------------------------------------------------+
; LENGTH         ; 32    ; Signed Integer                                                                                                    ;
+----------------+-------+-------------------------------------------------------------------------------------------------------------------+
Note: In order to hide this table in the UI and the text report file, please set the "Show Parameter Settings in Synthesis Report" option in "Analysis and Synthesis Settings -> More Settings" to "Off".


+---------------------------------------------------------------------------+
; Parameter Settings for User Entity Instance: instr_data_memory:memory_rom ;
+----------------+-------+--------------------------------------------------+
; Parameter Name ; Value ; Type                                             ;
+----------------+-------+--------------------------------------------------+
; DATA_WIDTH     ; 32    ; Signed Integer                                   ;
; ADDR_WIDTH     ; 4     ; Signed Integer                                   ;
+----------------+-------+--------------------------------------------------+
Note: In order to hide this table in the UI and the text report file, please set the "Show Parameter Settings in Synthesis Report" option in "Analysis and Synthesis Settings -> More Settings" to "Off".


+---------------------------------------------------------------------+
; Parameter Settings for User Entity Instance: uart_IP:uart_IP_module ;
+----------------+-------+--------------------------------------------+
; Parameter Name ; Value ; Type                                       ;
+----------------+-------+--------------------------------------------+
; DATA_WIDTH     ; 32    ; Signed Integer                             ;
+----------------+-------+--------------------------------------------+
Note: In order to hide this table in the UI and the text report file, please set the "Show Parameter Settings in Synthesis Report" option in "Analysis and Synthesis Settings -> More Settings" to "Off".


+-------------------------------------------------------------------------------------------------------+
; Parameter Settings for User Entity Instance: uart_IP:uart_IP_module|uart_full_duplex:UART_full_duplex ;
+----------------+-------+------------------------------------------------------------------------------+
; Parameter Name ; Value ; Type                                                                         ;
+----------------+-------+------------------------------------------------------------------------------+
; baud_rate      ; 5210  ; Signed Integer                                                               ;
+----------------+-------+------------------------------------------------------------------------------+
Note: In order to hide this table in the UI and the text report file, please set the "Show Parameter Settings in Synthesis Report" option in "Analysis and Synthesis Settings -> More Settings" to "Off".


+-----------------------------------------------------------------------------------------------------------------------+
; Parameter Settings for User Entity Instance: uart_IP:uart_IP_module|uart_full_duplex:UART_full_duplex|UART_Rx:rx_uart ;
+----------------+-------+----------------------------------------------------------------------------------------------+
; Parameter Name ; Value ; Type                                                                                         ;
+----------------+-------+----------------------------------------------------------------------------------------------+
; baud_rate      ; 5210  ; Signed Integer                                                                               ;
+----------------+-------+----------------------------------------------------------------------------------------------+
Note: In order to hide this table in the UI and the text report file, please set the "Show Parameter Settings in Synthesis Report" option in "Analysis and Synthesis Settings -> More Settings" to "Off".


+--------------------------------------------------------------------------------------------------------------------------------------------------------+
; Parameter Settings for User Entity Instance: uart_IP:uart_IP_module|uart_full_duplex:UART_full_duplex|UART_Rx:rx_uart|Shift_Register_R_Param:shift_reg ;
+----------------+-------+-------------------------------------------------------------------------------------------------------------------------------+
; Parameter Name ; Value ; Type                                                                                                                          ;
+----------------+-------+-------------------------------------------------------------------------------------------------------------------------------+
; width          ; 9     ; Signed Integer                                                                                                                ;
+----------------+-------+-------------------------------------------------------------------------------------------------------------------------------+
Note: In order to hide this table in the UI and the text report file, please set the "Show Parameter Settings in Synthesis Report" option in "Analysis and Synthesis Settings -> More Settings" to "Off".


+-----------------------------------------------------------------------------------------------------------------------------------------------+
; Parameter Settings for User Entity Instance: uart_IP:uart_IP_module|uart_full_duplex:UART_full_duplex|UART_Rx:rx_uart|ffd_param:rx_Data_Reg_i ;
+----------------+-------+----------------------------------------------------------------------------------------------------------------------+
; Parameter Name ; Value ; Type                                                                                                                 ;
+----------------+-------+----------------------------------------------------------------------------------------------------------------------+
; LENGTH         ; 8     ; Signed Integer                                                                                                       ;
+----------------+-------+----------------------------------------------------------------------------------------------------------------------+
Note: In order to hide this table in the UI and the text report file, please set the "Show Parameter Settings in Synthesis Report" option in "Analysis and Synthesis Settings -> More Settings" to "Off".


+----------------------------------------------------------------------------------------------------------------------------------------+
; Parameter Settings for User Entity Instance: uart_IP:uart_IP_module|uart_full_duplex:UART_full_duplex|UART_Rx:rx_uart|ffd_param:ff_par ;
+----------------+-------+---------------------------------------------------------------------------------------------------------------+
; Parameter Name ; Value ; Type                                                                                                          ;
+----------------+-------+---------------------------------------------------------------------------------------------------------------+
; LENGTH         ; 1     ; Signed Integer                                                                                                ;
+----------------+-------+---------------------------------------------------------------------------------------------------------------+
Note: In order to hide this table in the UI and the text report file, please set the "Show Parameter Settings in Synthesis Report" option in "Analysis and Synthesis Settings -> More Settings" to "Off".


+--------------------------------------------------------------------------------------------------------------------------------------------+
; Parameter Settings for User Entity Instance: uart_IP:uart_IP_module|uart_full_duplex:UART_full_duplex|UART_Rx:rx_uart|ffd_param:ff_rx_flag ;
+----------------+-------+-------------------------------------------------------------------------------------------------------------------+
; Parameter Name ; Value ; Type                                                                                                              ;
+----------------+-------+-------------------------------------------------------------------------------------------------------------------+
; LENGTH         ; 1     ; Signed Integer                                                                                                    ;
+----------------+-------+-------------------------------------------------------------------------------------------------------------------+
Note: In order to hide this table in the UI and the text report file, please set the "Show Parameter Settings in Synthesis Report" option in "Analysis and Synthesis Settings -> More Settings" to "Off".


+-----------------------------------------------------------------------------------------------------------------------------------------------+
; Parameter Settings for User Entity Instance: uart_IP:uart_IP_module|uart_full_duplex:UART_full_duplex|UART_Rx:rx_uart|Bit_Rate_Pulse:BR_pulse ;
+----------------+-------+----------------------------------------------------------------------------------------------------------------------+
; Parameter Name ; Value ; Type                                                                                                                 ;
+----------------+-------+----------------------------------------------------------------------------------------------------------------------+
; delay_counts   ; 5210  ; Signed Integer                                                                                                       ;
+----------------+-------+----------------------------------------------------------------------------------------------------------------------+
Note: In order to hide this table in the UI and the text report file, please set the "Show Parameter Settings in Synthesis Report" option in "Analysis and Synthesis Settings -> More Settings" to "Off".


+--------------------------------------------------------------------------------------------------------------------------------------------------+
; Parameter Settings for User Entity Instance: uart_IP:uart_IP_module|uart_full_duplex:UART_full_duplex|UART_Rx:rx_uart|Counter_Param:Counter_bits ;
+----------------+-------+-------------------------------------------------------------------------------------------------------------------------+
; Parameter Name ; Value ; Type                                                                                                                    ;
+----------------+-------+-------------------------------------------------------------------------------------------------------------------------+
; n              ; 4     ; Signed Integer                                                                                                          ;
+----------------+-------+-------------------------------------------------------------------------------------------------------------------------+
Note: In order to hide this table in the UI and the text report file, please set the "Show Parameter Settings in Synthesis Report" option in "Analysis and Synthesis Settings -> More Settings" to "Off".


+-----------------------------------------------------------------------------------------------------------------------+
; Parameter Settings for User Entity Instance: uart_IP:uart_IP_module|uart_full_duplex:UART_full_duplex|uart_tx:tx_uart ;
+----------------+-------+----------------------------------------------------------------------------------------------+
; Parameter Name ; Value ; Type                                                                                         ;
+----------------+-------+----------------------------------------------------------------------------------------------+
; baud_rate      ; 5210  ; Signed Integer                                                                               ;
+----------------+-------+----------------------------------------------------------------------------------------------+
Note: In order to hide this table in the UI and the text report file, please set the "Show Parameter Settings in Synthesis Report" option in "Analysis and Synthesis Settings -> More Settings" to "Off".


+-----------------------------------------------------------------------------------------------------------------------------------------+
; Parameter Settings for User Entity Instance: uart_IP:uart_IP_module|uart_full_duplex:UART_full_duplex|uart_tx:tx_uart|Delayer:delay_5ms ;
+----------------+--------+---------------------------------------------------------------------------------------------------------------+
; Parameter Name ; Value  ; Type                                                                                                          ;
+----------------+--------+---------------------------------------------------------------------------------------------------------------+
; YY             ; 250000 ; Signed Integer                                                                                                ;
+----------------+--------+---------------------------------------------------------------------------------------------------------------+
Note: In order to hide this table in the UI and the text report file, please set the "Show Parameter Settings in Synthesis Report" option in "Analysis and Synthesis Settings -> More Settings" to "Off".


+-------------------------------------------------------------------------------------------------------------------------------------------------------+
; Parameter Settings for User Entity Instance: uart_IP:uart_IP_module|uart_full_duplex:UART_full_duplex|uart_tx:tx_uart|Counter_02Limit_ovf:bit_counter ;
+----------------+-------+------------------------------------------------------------------------------------------------------------------------------+
; Parameter Name ; Value ; Type                                                                                                                         ;
+----------------+-------+------------------------------------------------------------------------------------------------------------------------------+
; N              ; 4     ; Signed Integer                                                                                                               ;
; Limit          ; 10    ; Signed Integer                                                                                                               ;
+----------------+-------+------------------------------------------------------------------------------------------------------------------------------+
Note: In order to hide this table in the UI and the text report file, please set the "Show Parameter Settings in Synthesis Report" option in "Analysis and Synthesis Settings -> More Settings" to "Off".


+-------------------------------------------------------------------------------------------------------------------------------------------------------+
; Parameter Settings for User Entity Instance: uart_IP:uart_IP_module|uart_full_duplex:UART_full_duplex|uart_tx:tx_uart|Bit_Rate_Pulse:baudrate_counter ;
+----------------+-------+------------------------------------------------------------------------------------------------------------------------------+
; Parameter Name ; Value ; Type                                                                                                                         ;
+----------------+-------+------------------------------------------------------------------------------------------------------------------------------+
; delay_counts   ; 5210  ; Signed Integer                                                                                                               ;
+----------------+-------+------------------------------------------------------------------------------------------------------------------------------+
Note: In order to hide this table in the UI and the text report file, please set the "Show Parameter Settings in Synthesis Report" option in "Analysis and Synthesis Settings -> More Settings" to "Off".


+----------------------------------------------------------------------------------------------------------------------------------------+
; Parameter Settings for User Entity Instance: uart_IP:uart_IP_module|uart_full_duplex:UART_full_duplex|uart_tx:tx_uart|ffd_param:tx_reg ;
+----------------+-------+---------------------------------------------------------------------------------------------------------------+
; Parameter Name ; Value ; Type                                                                                                          ;
+----------------+-------+---------------------------------------------------------------------------------------------------------------+
; LENGTH         ; 8     ; Signed Integer                                                                                                ;
+----------------+-------+---------------------------------------------------------------------------------------------------------------+
Note: In order to hide this table in the UI and the text report file, please set the "Show Parameter Settings in Synthesis Report" option in "Analysis and Synthesis Settings -> More Settings" to "Off".


+-------------------------------------------------------------------------------------------------------------------------------------------------------+
; Parameter Settings for User Entity Instance: uart_IP:uart_IP_module|uart_full_duplex:UART_full_duplex|uart_tx:tx_uart|parallel2serial:shift_right_reg ;
+----------------+-------+------------------------------------------------------------------------------------------------------------------------------+
; Parameter Name ; Value ; Type                                                                                                                         ;
+----------------+-------+------------------------------------------------------------------------------------------------------------------------------+
; N              ; 10    ; Signed Integer                                                                                                               ;
+----------------+-------+------------------------------------------------------------------------------------------------------------------------------+
Note: In order to hide this table in the UI and the text report file, please set the "Show Parameter Settings in Synthesis Report" option in "Analysis and Synthesis Settings -> More Settings" to "Off".


+-----------------------------------------------------------------------------------------------------------------------------------------------------+
; Parameter Settings for User Entity Instance: uart_IP:uart_IP_module|uart_full_duplex:UART_full_duplex|uart_tx:tx_uart|multiplexor_param:tx_data_mux ;
+----------------+-------+----------------------------------------------------------------------------------------------------------------------------+
; Parameter Name ; Value ; Type                                                                                                                       ;
+----------------+-------+----------------------------------------------------------------------------------------------------------------------------+
; LENGTH         ; 1     ; Signed Integer                                                                                                             ;
+----------------+-------+----------------------------------------------------------------------------------------------------------------------------+
Note: In order to hide this table in the UI and the text report file, please set the "Show Parameter Settings in Synthesis Report" option in "Analysis and Synthesis Settings -> More Settings" to "Off".


+-----------------------------------------------------------------+
; Parameter Settings for User Entity Instance: ffd_param:ff_instr ;
+----------------+-------+----------------------------------------+
; Parameter Name ; Value ; Type                                   ;
+----------------+-------+----------------------------------------+
; LENGTH         ; 32    ; Signed Integer                         ;
+----------------+-------+----------------------------------------+
Note: In order to hide this table in the UI and the text report file, please set the "Show Parameter Settings in Synthesis Report" option in "Analysis and Synthesis Settings -> More Settings" to "Off".


+-----------------------------------------------------------------+
; Parameter Settings for User Entity Instance: ffd_param:ff_saver ;
+----------------+-------+----------------------------------------+
; Parameter Name ; Value ; Type                                   ;
+----------------+-------+----------------------------------------+
; LENGTH         ; 32    ; Signed Integer                         ;
+----------------+-------+----------------------------------------+
Note: In order to hide this table in the UI and the text report file, please set the "Show Parameter Settings in Synthesis Report" option in "Analysis and Synthesis Settings -> More Settings" to "Off".


+---------------------------------------------------------------------------------------+
; Parameter Settings for User Entity Instance: double_multiplexor_param:mult_write_Data ;
+----------------+-------+--------------------------------------------------------------+
; Parameter Name ; Value ; Type                                                         ;
+----------------+-------+--------------------------------------------------------------+
; LENGTH         ; 32    ; Signed Integer                                               ;
+----------------+-------+--------------------------------------------------------------+
Note: In order to hide this table in the UI and the text report file, please set the "Show Parameter Settings in Synthesis Report" option in "Analysis and Synthesis Settings -> More Settings" to "Off".


+---------------------------------------------------------------------------------------------------------------+
; Parameter Settings for User Entity Instance: double_multiplexor_param:mult_write_Data|multiplexor_param:mult1 ;
+----------------+-------+--------------------------------------------------------------------------------------+
; Parameter Name ; Value ; Type                                                                                 ;
+----------------+-------+--------------------------------------------------------------------------------------+
; LENGTH         ; 32    ; Signed Integer                                                                       ;
+----------------+-------+--------------------------------------------------------------------------------------+
Note: In order to hide this table in the UI and the text report file, please set the "Show Parameter Settings in Synthesis Report" option in "Analysis and Synthesis Settings -> More Settings" to "Off".


+---------------------------------------------------------------------------------------------------------------+
; Parameter Settings for User Entity Instance: double_multiplexor_param:mult_write_Data|multiplexor_param:mult2 ;
+----------------+-------+--------------------------------------------------------------------------------------+
; Parameter Name ; Value ; Type                                                                                 ;
+----------------+-------+--------------------------------------------------------------------------------------+
; LENGTH         ; 32    ; Signed Integer                                                                       ;
+----------------+-------+--------------------------------------------------------------------------------------+
Note: In order to hide this table in the UI and the text report file, please set the "Show Parameter Settings in Synthesis Report" option in "Analysis and Synthesis Settings -> More Settings" to "Off".


+---------------------------------------------------------------------------------------------------------------+
; Parameter Settings for User Entity Instance: double_multiplexor_param:mult_write_Data|multiplexor_param:mult3 ;
+----------------+-------+--------------------------------------------------------------------------------------+
; Parameter Name ; Value ; Type                                                                                 ;
+----------------+-------+--------------------------------------------------------------------------------------+
; LENGTH         ; 32    ; Signed Integer                                                                       ;
+----------------+-------+--------------------------------------------------------------------------------------+
Note: In order to hide this table in the UI and the text report file, please set the "Show Parameter Settings in Synthesis Report" option in "Analysis and Synthesis Settings -> More Settings" to "Off".


+---------------------------------------------------------------+
; Parameter Settings for User Entity Instance: ffd_param:ff_rd1 ;
+----------------+-------+--------------------------------------+
; Parameter Name ; Value ; Type                                 ;
+----------------+-------+--------------------------------------+
; LENGTH         ; 32    ; Signed Integer                       ;
+----------------+-------+--------------------------------------+
Note: In order to hide this table in the UI and the text report file, please set the "Show Parameter Settings in Synthesis Report" option in "Analysis and Synthesis Settings -> More Settings" to "Off".


+---------------------------------------------------------------+
; Parameter Settings for User Entity Instance: ffd_param:ff_rd2 ;
+----------------+-------+--------------------------------------+
; Parameter Name ; Value ; Type                                 ;
+----------------+-------+--------------------------------------+
; LENGTH         ; 32    ; Signed Integer                       ;
+----------------+-------+--------------------------------------+
Note: In order to hide this table in the UI and the text report file, please set the "Show Parameter Settings in Synthesis Report" option in "Analysis and Synthesis Settings -> More Settings" to "Off".


+--------------------------------------------------------------------------------+
; Parameter Settings for User Entity Instance: multiplexor_param:mult_pc_or_data ;
+----------------+-------+-------------------------------------------------------+
; Parameter Name ; Value ; Type                                                  ;
+----------------+-------+-------------------------------------------------------+
; LENGTH         ; 32    ; Signed Integer                                        ;
+----------------+-------+-------------------------------------------------------+
Note: In order to hide this table in the UI and the text report file, please set the "Show Parameter Settings in Synthesis Report" option in "Analysis and Synthesis Settings -> More Settings" to "Off".


+---------------------------------------------------------------------------------+
; Parameter Settings for User Entity Instance: double_multiplexor_param:srcB_mult ;
+----------------+-------+--------------------------------------------------------+
; Parameter Name ; Value ; Type                                                   ;
+----------------+-------+--------------------------------------------------------+
; LENGTH         ; 32    ; Signed Integer                                         ;
+----------------+-------+--------------------------------------------------------+
Note: In order to hide this table in the UI and the text report file, please set the "Show Parameter Settings in Synthesis Report" option in "Analysis and Synthesis Settings -> More Settings" to "Off".


+---------------------------------------------------------------------------------------------------------+
; Parameter Settings for User Entity Instance: double_multiplexor_param:srcB_mult|multiplexor_param:mult1 ;
+----------------+-------+--------------------------------------------------------------------------------+
; Parameter Name ; Value ; Type                                                                           ;
+----------------+-------+--------------------------------------------------------------------------------+
; LENGTH         ; 32    ; Signed Integer                                                                 ;
+----------------+-------+--------------------------------------------------------------------------------+
Note: In order to hide this table in the UI and the text report file, please set the "Show Parameter Settings in Synthesis Report" option in "Analysis and Synthesis Settings -> More Settings" to "Off".


+---------------------------------------------------------------------------------------------------------+
; Parameter Settings for User Entity Instance: double_multiplexor_param:srcB_mult|multiplexor_param:mult2 ;
+----------------+-------+--------------------------------------------------------------------------------+
; Parameter Name ; Value ; Type                                                                           ;
+----------------+-------+--------------------------------------------------------------------------------+
; LENGTH         ; 32    ; Signed Integer                                                                 ;
+----------------+-------+--------------------------------------------------------------------------------+
Note: In order to hide this table in the UI and the text report file, please set the "Show Parameter Settings in Synthesis Report" option in "Analysis and Synthesis Settings -> More Settings" to "Off".


+---------------------------------------------------------------------------------------------------------+
; Parameter Settings for User Entity Instance: double_multiplexor_param:srcB_mult|multiplexor_param:mult3 ;
+----------------+-------+--------------------------------------------------------------------------------+
; Parameter Name ; Value ; Type                                                                           ;
+----------------+-------+--------------------------------------------------------------------------------+
; LENGTH         ; 32    ; Signed Integer                                                                 ;
+----------------+-------+--------------------------------------------------------------------------------+
Note: In order to hide this table in the UI and the text report file, please set the "Show Parameter Settings in Synthesis Report" option in "Analysis and Synthesis Settings -> More Settings" to "Off".


+------------------------------------------------------------+
; Parameter Settings for User Entity Instance: ALU:alu_block ;
+----------------+-------+-----------------------------------+
; Parameter Name ; Value ; Type                              ;
+----------------+-------+-----------------------------------+
; LENGTH         ; 32    ; Signed Integer                    ;
+----------------+-------+-----------------------------------+
Note: In order to hide this table in the UI and the text report file, please set the "Show Parameter Settings in Synthesis Report" option in "Analysis and Synthesis Settings -> More Settings" to "Off".


+----------------------------------------------------------------------+
; Parameter Settings for User Entity Instance: ffd_param:ff_alu_result ;
+----------------+-------+---------------------------------------------+
; Parameter Name ; Value ; Type                                        ;
+----------------+-------+---------------------------------------------+
; LENGTH         ; 32    ; Signed Integer                              ;
+----------------+-------+---------------------------------------------+
Note: In order to hide this table in the UI and the text report file, please set the "Show Parameter Settings in Synthesis Report" option in "Analysis and Synthesis Settings -> More Settings" to "Off".


+-------------------------------------------------------------------------+
; Parameter Settings for User Entity Instance: multiplexor_param:mult_alu ;
+----------------+-------+------------------------------------------------+
; Parameter Name ; Value ; Type                                           ;
+----------------+-------+------------------------------------------------+
; LENGTH         ; 32    ; Signed Integer                                 ;
+----------------+-------+------------------------------------------------+
Note: In order to hide this table in the UI and the text report file, please set the "Show Parameter Settings in Synthesis Report" option in "Analysis and Synthesis Settings -> More Settings" to "Off".


+------------------------------------------------------------------------+
; Parameter Settings for User Entity Instance: imm_gen_module:imm_module ;
+----------------+---------+---------------------------------------------+
; Parameter Name ; Value   ; Type                                        ;
+----------------+---------+---------------------------------------------+
; I_TYPE         ; 0010011 ; Unsigned Binary                             ;
; S_TYPE         ; 0100011 ; Unsigned Binary                             ;
; B_TYPE         ; 1100011 ; Unsigned Binary                             ;
; J_TYPE         ; 1101111 ; Unsigned Binary                             ;
; LOAD_TYPE      ; 0000011 ; Unsigned Binary                             ;
; JALR_TYPE      ; 1100111 ; Unsigned Binary                             ;
; LUI_TYPE       ; 0110111 ; Unsigned Binary                             ;
; AUIPC_TYPE     ; 0010111 ; Unsigned Binary                             ;
+----------------+---------+---------------------------------------------+
Note: In order to hide this table in the UI and the text report file, please set the "Show Parameter Settings in Synthesis Report" option in "Analysis and Synthesis Settings -> More Settings" to "Off".


+---------------------------------------------------------------------------------------------------------------------------+
; Analysis & Elaboration Settings                                                                                           ;
+---------------------------------------------------------------------------------+--------------------+--------------------+
; Option                                                                          ; Setting            ; Default Value      ;
+---------------------------------------------------------------------------------+--------------------+--------------------+
; Device                                                                          ; 5CSXFC6D6F31C6     ;                    ;
; Top-level entity name                                                           ; risk_v_multicycle  ; risk_v_multicycle  ;
; Family name                                                                     ; Cyclone V          ; Cyclone V          ;
; Maximum processors allowed for parallel compilation                             ; 4                  ;                    ;
; Use smart compilation                                                           ; Off                ; Off                ;
; Enable parallel Assembler and Timing Analyzer during compilation                ; On                 ; On                 ;
; Enable compact report table                                                     ; Off                ; Off                ;
; Restructure Multiplexers                                                        ; Auto               ; Auto               ;
; MLAB Add Timing Constraints For Mixed-Port Feed-Through Mode Setting Don't Care ; Off                ; Off                ;
; Create Debugging Nodes for IP Cores                                             ; Off                ; Off                ;
; Preserve fewer node names                                                       ; On                 ; On                 ;
; Intel FPGA IP Evaluation Mode                                                   ; Enable             ; Enable             ;
; Verilog Version                                                                 ; Verilog_2001       ; Verilog_2001       ;
; VHDL Version                                                                    ; VHDL_1993          ; VHDL_1993          ;
; State Machine Processing                                                        ; Auto               ; Auto               ;
; Safe State Machine                                                              ; Off                ; Off                ;
; Extract Verilog State Machines                                                  ; On                 ; On                 ;
; Extract VHDL State Machines                                                     ; On                 ; On                 ;
; Ignore Verilog initial constructs                                               ; Off                ; Off                ;
; Iteration limit for constant Verilog loops                                      ; 5000               ; 5000               ;
; Iteration limit for non-constant Verilog loops                                  ; 250                ; 250                ;
; Add Pass-Through Logic to Inferred RAMs                                         ; On                 ; On                 ;
; Infer RAMs from Raw Logic                                                       ; On                 ; On                 ;
; Parallel Synthesis                                                              ; On                 ; On                 ;
; DSP Block Balancing                                                             ; Auto               ; Auto               ;
; NOT Gate Push-Back                                                              ; On                 ; On                 ;
; Power-Up Don't Care                                                             ; On                 ; On                 ;
; Remove Redundant Logic Cells                                                    ; Off                ; Off                ;
; Remove Duplicate Registers                                                      ; On                 ; On                 ;
; Ignore CARRY Buffers                                                            ; Off                ; Off                ;
; Ignore CASCADE Buffers                                                          ; Off                ; Off                ;
; Ignore GLOBAL Buffers                                                           ; Off                ; Off                ;
; Ignore ROW GLOBAL Buffers                                                       ; Off                ; Off                ;
; Ignore LCELL Buffers                                                            ; Off                ; Off                ;
; Ignore SOFT Buffers                                                             ; On                 ; On                 ;
; Limit AHDL Integers to 32 Bits                                                  ; Off                ; Off                ;
; Optimization Technique                                                          ; Balanced           ; Balanced           ;
; Carry Chain Length                                                              ; 70                 ; 70                 ;
; Auto Carry Chains                                                               ; On                 ; On                 ;
; Auto Open-Drain Pins                                                            ; On                 ; On                 ;
; Perform WYSIWYG Primitive Resynthesis                                           ; Off                ; Off                ;
; Auto ROM Replacement                                                            ; On                 ; On                 ;
; Auto RAM Replacement                                                            ; On                 ; On                 ;
; Auto DSP Block Replacement                                                      ; On                 ; On                 ;
; Auto Shift Register Replacement                                                 ; Auto               ; Auto               ;
; Allow Shift Register Merging across Hierarchies                                 ; Auto               ; Auto               ;
; Auto Clock Enable Replacement                                                   ; On                 ; On                 ;
; Strict RAM Replacement                                                          ; Off                ; Off                ;
; Allow Synchronous Control Signals                                               ; On                 ; On                 ;
; Force Use of Synchronous Clear Signals                                          ; Off                ; Off                ;
; Auto Resource Sharing                                                           ; Off                ; Off                ;
; Allow Any RAM Size For Recognition                                              ; Off                ; Off                ;
; Allow Any ROM Size For Recognition                                              ; Off                ; Off                ;
; Allow Any Shift Register Size For Recognition                                   ; Off                ; Off                ;
; Use LogicLock Constraints during Resource Balancing                             ; On                 ; On                 ;
; Ignore translate_off and synthesis_off directives                               ; Off                ; Off                ;
; Timing-Driven Synthesis                                                         ; On                 ; On                 ;
; Report Parameter Settings                                                       ; On                 ; On                 ;
; Report Source Assignments                                                       ; On                 ; On                 ;
; Report Connectivity Checks                                                      ; On                 ; On                 ;
; Ignore Maximum Fan-Out Assignments                                              ; Off                ; Off                ;
; Synchronization Register Chain Length                                           ; 3                  ; 3                  ;
; Power Optimization During Synthesis                                             ; Normal compilation ; Normal compilation ;
; HDL message level                                                               ; Level2             ; Level2             ;
; Suppress Register Optimization Related Messages                                 ; Off                ; Off                ;
; Number of Removed Registers Reported in Synthesis Report                        ; 5000               ; 5000               ;
; Number of Swept Nodes Reported in Synthesis Report                              ; 5000               ; 5000               ;
; Number of Inverted Registers Reported in Synthesis Report                       ; 100                ; 100                ;
; Clock MUX Protection                                                            ; On                 ; On                 ;
; Auto Gated Clock Conversion                                                     ; Off                ; Off                ;
; Block Design Naming                                                             ; Auto               ; Auto               ;
; SDC constraint protection                                                       ; Off                ; Off                ;
; Synthesis Effort                                                                ; Auto               ; Auto               ;
; Shift Register Replacement - Allow Asynchronous Clear Signal                    ; On                 ; On                 ;
; Pre-Mapping Resynthesis Optimization                                            ; Off                ; Off                ;
; Analysis & Synthesis Message Level                                              ; Medium             ; Medium             ;
; Disable Register Merging Across Hierarchies                                     ; Auto               ; Auto               ;
; Resource Aware Inference For Block RAM                                          ; On                 ; On                 ;
; Automatic Parallel Synthesis                                                    ; On                 ; On                 ;
; Partial Reconfiguration Bitstream ID                                            ; Off                ; Off                ;
+---------------------------------------------------------------------------------+--------------------+--------------------+


+-----------------------------------------------------+
; Port Connectivity Checks: "ffd_param:ff_alu_result" ;
+------+-------+----------+---------------------------+
; Port ; Type  ; Severity ; Details                   ;
+------+-------+----------+---------------------------+
; i_en ; Input ; Info     ; Stuck at VCC              ;
+------+-------+----------+---------------------------+


+----------------------------------------------------------------+
; Port Connectivity Checks: "double_multiplexor_param:srcB_mult" ;
+------------+-------+----------+--------------------------------+
; Port       ; Type  ; Severity ; Details                        ;
+------------+-------+----------+--------------------------------+
; i_b[31..3] ; Input ; Info     ; Stuck at GND                   ;
; i_b[1..0]  ; Input ; Info     ; Stuck at GND                   ;
; i_b[2]     ; Input ; Info     ; Stuck at VCC                   ;
; i_d        ; Input ; Info     ; Stuck at GND                   ;
+------------+-------+----------+--------------------------------+


+----------------------------------------------+
; Port Connectivity Checks: "ffd_param:ff_rd2" ;
+------+-------+----------+--------------------+
; Port ; Type  ; Severity ; Details            ;
+------+-------+----------+--------------------+
; i_en ; Input ; Info     ; Stuck at VCC       ;
+------+-------+----------+--------------------+


+----------------------------------------------+
; Port Connectivity Checks: "ffd_param:ff_rd1" ;
+------+-------+----------+--------------------+
; Port ; Type  ; Severity ; Details            ;
+------+-------+----------+--------------------+
; i_en ; Input ; Info     ; Stuck at VCC       ;
+------+-------+----------+--------------------+


+------------------------------------------------+
; Port Connectivity Checks: "ffd_param:ff_saver" ;
+------+-------+----------+----------------------+
; Port ; Type  ; Severity ; Details              ;
+------+-------+----------+----------------------+
; i_en ; Input ; Info     ; Stuck at VCC         ;
+------+-------+----------+----------------------+


+------------------------------------------------------------------------------------------------------------------------------------+
; Port Connectivity Checks: "uart_IP:uart_IP_module|uart_full_duplex:UART_full_duplex|uart_tx:tx_uart|multiplexor_param:tx_data_mux" ;
+------+-------+----------+----------------------------------------------------------------------------------------------------------+
; Port ; Type  ; Severity ; Details                                                                                                  ;
+------+-------+----------+----------------------------------------------------------------------------------------------------------+
; i_a  ; Input ; Info     ; Stuck at VCC                                                                                             ;
+------+-------+----------+----------------------------------------------------------------------------------------------------------+


+--------------------------------------------------------------------------------------------------------------------------------------+
; Port Connectivity Checks: "uart_IP:uart_IP_module|uart_full_duplex:UART_full_duplex|uart_tx:tx_uart|parallel2serial:shift_right_reg" ;
+-----------+-------+----------+-------------------------------------------------------------------------------------------------------+
; Port      ; Type  ; Severity ; Details                                                                                               ;
+-----------+-------+----------+-------------------------------------------------------------------------------------------------------+
; i_data[0] ; Input ; Info     ; Stuck at GND                                                                                          ;
+-----------+-------+----------+-------------------------------------------------------------------------------------------------------+


+--------------------------------------------------------------------------------------------------------------------------------------+
; Port Connectivity Checks: "uart_IP:uart_IP_module|uart_full_duplex:UART_full_duplex|uart_tx:tx_uart|Bit_Rate_Pulse:baudrate_counter" ;
+---------------+--------+----------+--------------------------------------------------------------------------------------------------+
; Port          ; Type   ; Severity ; Details                                                                                          ;
+---------------+--------+----------+--------------------------------------------------------------------------------------------------+
; end_half_time ; Output ; Info     ; Explicitly unconnected                                                                           ;
+---------------+--------+----------+--------------------------------------------------------------------------------------------------+


+--------------------------------------------------------------------------------------------------------------------------------------+
; Port Connectivity Checks: "uart_IP:uart_IP_module|uart_full_duplex:UART_full_duplex|uart_tx:tx_uart|Counter_02Limit_ovf:bit_counter" ;
+------+--------+----------+-----------------------------------------------------------------------------------------------------------+
; Port ; Type   ; Severity ; Details                                                                                                   ;
+------+--------+----------+-----------------------------------------------------------------------------------------------------------+
; Q    ; Output ; Info     ; Explicitly unconnected                                                                                    ;
+------+--------+----------+-----------------------------------------------------------------------------------------------------------+


+------------------------------------------------------------------------------------------------------------------------+
; Port Connectivity Checks: "uart_IP:uart_IP_module|uart_full_duplex:UART_full_duplex|uart_tx:tx_uart|Delayer:delay_5ms" ;
+--------+-------+----------+--------------------------------------------------------------------------------------------+
; Port   ; Type  ; Severity ; Details                                                                                    ;
+--------+-------+----------+--------------------------------------------------------------------------------------------+
; enable ; Input ; Info     ; Stuck at VCC                                                                               ;
+--------+-------+----------+--------------------------------------------------------------------------------------------+


+----------------------------------------------------------------------------------------------------------------------------------------------+
; Port Connectivity Checks: "uart_IP:uart_IP_module|uart_full_duplex:UART_full_duplex|uart_tx:tx_uart|uart_tx_fsm:tx_fsm"                      ;
+---------------+--------+----------+----------------------------------------------------------------------------------------------------------+
; Port          ; Type   ; Severity ; Details                                                                                                  ;
+---------------+--------+----------+----------------------------------------------------------------------------------------------------------+
; current_state ; Output ; Warning  ; Declared by entity but not connected by instance. Logic that only feeds a dangling port will be removed. ;
+---------------+--------+----------+----------------------------------------------------------------------------------------------------------+


+------------------------------------------------------------------------------------------------------------------------------+
; Port Connectivity Checks: "uart_IP:uart_IP_module|uart_full_duplex:UART_full_duplex|UART_Rx:rx_uart|Bit_Rate_Pulse:BR_pulse" ;
+--------+-------+----------+--------------------------------------------------------------------------------------------------+
; Port   ; Type  ; Severity ; Details                                                                                          ;
+--------+-------+----------+--------------------------------------------------------------------------------------------------+
; enable ; Input ; Info     ; Stuck at VCC                                                                                     ;
+--------+-------+----------+--------------------------------------------------------------------------------------------------+


+---------------------------------------------------------------------------------------------------------------------------+
; Port Connectivity Checks: "uart_IP:uart_IP_module|uart_full_duplex:UART_full_duplex|UART_Rx:rx_uart|ffd_param:ff_rx_flag" ;
+------+-------+----------+-------------------------------------------------------------------------------------------------+
; Port ; Type  ; Severity ; Details                                                                                         ;
+------+-------+----------+-------------------------------------------------------------------------------------------------+
; d    ; Input ; Info     ; Stuck at VCC                                                                                    ;
+------+-------+----------+-------------------------------------------------------------------------------------------------+


+---------------------------------------------------------------------------------------------------------------------------------------------+
; Port Connectivity Checks: "uart_IP:uart_IP_module|uart_full_duplex:UART_full_duplex|UART_Rx:rx_uart"                                        ;
+--------------+--------+----------+----------------------------------------------------------------------------------------------------------+
; Port         ; Type   ; Severity ; Details                                                                                                  ;
+--------------+--------+----------+----------------------------------------------------------------------------------------------------------+
; parity_error ; Output ; Warning  ; Declared by entity but not connected by instance. Logic that only feeds a dangling port will be removed. ;
; parity       ; Output ; Warning  ; Declared by entity but not connected by instance. Logic that only feeds a dangling port will be removed. ;
+--------------+--------+----------+----------------------------------------------------------------------------------------------------------+


+---------------------------------------------------------------------------------------------------+
; Port Connectivity Checks: "master_memory_map:memory_map|double_multiplexor_param:memory_map_mult" ;
+------+-------+----------+-------------------------------------------------------------------------+
; Port ; Type  ; Severity ; Details                                                                 ;
+------+-------+----------+-------------------------------------------------------------------------+
; i_a  ; Input ; Info     ; Stuck at GND                                                            ;
; i_d  ; Input ; Info     ; Stuck at GND                                                            ;
+------+-------+----------+-------------------------------------------------------------------------+


+------------------------------------------------------------------------------------------------------------------+
; Port Connectivity Checks: "master_memory_map:memory_map"                                                         ;
+--------+--------+----------+-------------------------------------------------------------------------------------+
; Port   ; Type   ; Severity ; Details                                                                             ;
+--------+--------+----------+-------------------------------------------------------------------------------------+
; HSel_2 ; Output ; Info     ; Connected to dangling logic. Logic that only feeds a dangling port will be removed. ;
+--------+--------+----------+-------------------------------------------------------------------------------------+


+---------------------------------+
; Analysis & Elaboration Messages ;
+---------------------------------+
Info: *******************************************************************
Info: Running Quartus Prime Analysis & Elaboration
    Info: Version 21.1.1 Build 850 06/23/2022 SJ Lite Edition
    Info: Processing started: Sat Mar 18 12:29:49 2023
Info: Command: quartus_map --read_settings_files=on --write_settings_files=off risk_v_multicycle -c risk_v_multicycle --analysis_and_elaboration
Info (20032): Parallel compilation is enabled and will use up to 4 processors
Info (12021): Found 1 design units, including 1 entities, in source file /modulos_quartus/risk_v_multicycle/src/uart_ip.v
    Info (12023): Found entity 1: uart_IP File: C:/Modulos_quartus/risk_v_multicycle/src/uart_IP.v Line: 8
Info (12021): Found 1 design units, including 1 entities, in source file /modulos_quartus/risk_v_multicycle/src/uart_tx_fsm.v
    Info (12023): Found entity 1: uart_tx_fsm File: C:/Modulos_quartus/risk_v_multicycle/src/uart_tx_fsm.v Line: 7
Info (12021): Found 1 design units, including 1 entities, in source file /modulos_quartus/risk_v_multicycle/src/uart_tx.v
    Info (12023): Found entity 1: uart_tx File: C:/Modulos_quartus/risk_v_multicycle/src/uart_tx.v Line: 7
Info (12021): Found 1 design units, including 1 entities, in source file /modulos_quartus/risk_v_multicycle/src/uart_rx.v
    Info (12023): Found entity 1: UART_Rx File: C:/Modulos_quartus/risk_v_multicycle/src/UART_Rx.v Line: 4
Info (12021): Found 1 design units, including 1 entities, in source file /modulos_quartus/risk_v_multicycle/src/uart_full_duplex.v
    Info (12023): Found entity 1: uart_full_duplex File: C:/Modulos_quartus/risk_v_multicycle/src/uart_full_duplex.v Line: 8
Info (12021): Found 1 design units, including 1 entities, in source file /modulos_quartus/risk_v_multicycle/src/shift_register_r_param.v
    Info (12023): Found entity 1: Shift_Register_R_Param File: C:/Modulos_quartus/risk_v_multicycle/src/Shift_Register_R_Param.v Line: 7
Info (12021): Found 1 design units, including 1 entities, in source file /modulos_quartus/risk_v_multicycle/src/parallel2serial.v
    Info (12023): Found entity 1: parallel2serial File: C:/Modulos_quartus/risk_v_multicycle/src/parallel2serial.v Line: 7
Info (12021): Found 1 design units, including 1 entities, in source file /modulos_quartus/risk_v_multicycle/src/fsm_uart_rx.v
    Info (12023): Found entity 1: FSM_UART_Rx File: C:/Modulos_quartus/risk_v_multicycle/src/FSM_UART_Rx.v Line: 7
Info (12021): Found 1 design units, including 1 entities, in source file /modulos_quartus/risk_v_multicycle/src/counter_param.v
    Info (12023): Found entity 1: Counter_Param File: C:/Modulos_quartus/risk_v_multicycle/src/Counter_Param.v Line: 6
Info (12021): Found 1 design units, including 1 entities, in source file /modulos_quartus/risk_v_multicycle/src/counter_02limit_ovf.v
    Info (12023): Found entity 1: Counter_02Limit_ovf File: C:/Modulos_quartus/risk_v_multicycle/src/Counter_02Limit_ovf.v Line: 6
Info (12021): Found 1 design units, including 1 entities, in source file /modulos_quartus/risk_v_multicycle/src/bit_rate_pulse.v
    Info (12023): Found entity 1: Bit_Rate_Pulse File: C:/Modulos_quartus/risk_v_multicycle/src/Bit_Rate_Pulse.v Line: 7
Info (12021): Found 1 design units, including 1 entities, in source file /modulos_quartus/risk_v_multicycle/src/risk_v_multicycle_tb.v
    Info (12023): Found entity 1: risk_v_multicycle_TB File: C:/Modulos_quartus/risk_v_multicycle/src/risk_v_multicycle_TB.v Line: 9
Info (12021): Found 1 design units, including 1 entities, in source file /modulos_quartus/risk_v_multicycle/src/risk_v_multicycle.v
    Info (12023): Found entity 1: risk_v_multicycle File: C:/Modulos_quartus/risk_v_multicycle/src/risk_v_multicycle.v Line: 8
Info (12021): Found 1 design units, including 1 entities, in source file /modulos_quartus/risk_v_multicycle/src/register_file.v
    Info (12023): Found entity 1: register_file File: C:/Modulos_quartus/risk_v_multicycle/src/register_file.v Line: 8
Info (12021): Found 1 design units, including 1 entities, in source file /modulos_quartus/risk_v_multicycle/src/multiplexor_param.v
    Info (12023): Found entity 1: multiplexor_param File: C:/Modulos_quartus/risk_v_multicycle/src/multiplexor_param.v Line: 8
Info (12021): Found 1 design units, including 1 entities, in source file /modulos_quartus/risk_v_multicycle/src/master_memory_map.v
    Info (12023): Found entity 1: master_memory_map File: C:/Modulos_quartus/risk_v_multicycle/src/master_memory_map.v Line: 8
Info (12021): Found 1 design units, including 1 entities, in source file /modulos_quartus/risk_v_multicycle/src/instr_data_memory.v
    Info (12023): Found entity 1: instr_data_memory File: C:/Modulos_quartus/risk_v_multicycle/src/instr_data_memory.v Line: 8
Info (12021): Found 1 design units, including 1 entities, in source file /modulos_quartus/risk_v_multicycle/src/imm_gen_module.v
    Info (12023): Found entity 1: imm_gen_module File: C:/Modulos_quartus/risk_v_multicycle/src/imm_gen_module.v Line: 8
Info (12021): Found 1 design units, including 1 entities, in source file /modulos_quartus/risk_v_multicycle/src/ffd_param_pc_risk.v
    Info (12023): Found entity 1: ffd_param_pc_risk File: C:/Modulos_quartus/risk_v_multicycle/src/ffd_param_pc_risk.v Line: 8
Info (12021): Found 1 design units, including 1 entities, in source file /modulos_quartus/risk_v_multicycle/src/ffd_param.v
    Info (12023): Found entity 1: ffd_param File: C:/Modulos_quartus/risk_v_multicycle/src/ffd_param.v Line: 8
Info (12021): Found 1 design units, including 1 entities, in source file /modulos_quartus/risk_v_multicycle/src/double_multiplexor_param.v
    Info (12023): Found entity 1: double_multiplexor_param File: C:/Modulos_quartus/risk_v_multicycle/src/double_multiplexor_param.v Line: 8
Info (12021): Found 1 design units, including 1 entities, in source file /modulos_quartus/risk_v_multicycle/src/control_unit.v
    Info (12023): Found entity 1: control_unit File: C:/Modulos_quartus/risk_v_multicycle/src/control_unit.v Line: 8
Info (12021): Found 1 design units, including 1 entities, in source file /modulos_quartus/risk_v_multicycle/src/alu.v
    Info (12023): Found entity 1: ALU File: C:/Modulos_quartus/risk_v_multicycle/src/ALU.v Line: 8
Info (12021): Found 1 design units, including 1 entities, in source file /modulos_quartus/risk_v_multicycle/src/delayer.v
    Info (12023): Found entity 1: Delayer File: C:/Modulos_quartus/risk_v_multicycle/src/Delayer.v Line: 6
Info (12127): Elaborating entity "risk_v_multicycle" for the top level hierarchy
Info (12128): Elaborating entity "control_unit" for hierarchy "control_unit:cu" File: C:/Modulos_quartus/risk_v_multicycle/src/risk_v_multicycle.v Line: 53
Info (12128): Elaborating entity "ffd_param_pc_risk" for hierarchy "ffd_param_pc_risk:ff_pc" File: C:/Modulos_quartus/risk_v_multicycle/src/risk_v_multicycle.v Line: 62
Info (12128): Elaborating entity "multiplexor_param" for hierarchy "multiplexor_param:mult_pc_memory" File: C:/Modulos_quartus/risk_v_multicycle/src/risk_v_multicycle.v Line: 70
Info (12128): Elaborating entity "master_memory_map" for hierarchy "master_memory_map:memory_map" File: C:/Modulos_quartus/risk_v_multicycle/src/risk_v_multicycle.v Line: 92
Info (10264): Verilog HDL Case Statement information at master_memory_map.v(42): all case item expressions in this case statement are onehot File: C:/Modulos_quartus/risk_v_multicycle/src/master_memory_map.v Line: 42
Info (12128): Elaborating entity "double_multiplexor_param" for hierarchy "master_memory_map:memory_map|double_multiplexor_param:memory_map_mult" File: C:/Modulos_quartus/risk_v_multicycle/src/master_memory_map.v Line: 83
Info (12128): Elaborating entity "instr_data_memory" for hierarchy "instr_data_memory:memory_rom" File: C:/Modulos_quartus/risk_v_multicycle/src/risk_v_multicycle.v Line: 102
Info (12128): Elaborating entity "uart_IP" for hierarchy "uart_IP:uart_IP_module" File: C:/Modulos_quartus/risk_v_multicycle/src/risk_v_multicycle.v Line: 114
Warning (10858): Verilog HDL warning at uart_IP.v(20): object uart_tx_finish used but never assigned File: C:/Modulos_quartus/risk_v_multicycle/src/uart_IP.v Line: 20
Warning (10030): Net "uart_tx_finish" at uart_IP.v(20) has no driver or initial value, using a default initial value '0' File: C:/Modulos_quartus/risk_v_multicycle/src/uart_IP.v Line: 20
Info (12128): Elaborating entity "uart_full_duplex" for hierarchy "uart_IP:uart_IP_module|uart_full_duplex:UART_full_duplex" File: C:/Modulos_quartus/risk_v_multicycle/src/uart_IP.v Line: 37
Info (12128): Elaborating entity "UART_Rx" for hierarchy "uart_IP:uart_IP_module|uart_full_duplex:UART_full_duplex|UART_Rx:rx_uart" File: C:/Modulos_quartus/risk_v_multicycle/src/uart_full_duplex.v Line: 35
Info (12128): Elaborating entity "Shift_Register_R_Param" for hierarchy "uart_IP:uart_IP_module|uart_full_duplex:UART_full_duplex|UART_Rx:rx_uart|Shift_Register_R_Param:shift_reg" File: C:/Modulos_quartus/risk_v_multicycle/src/UART_Rx.v Line: 36
Info (12128): Elaborating entity "ffd_param" for hierarchy "uart_IP:uart_IP_module|uart_full_duplex:UART_full_duplex|UART_Rx:rx_uart|ffd_param:rx_Data_Reg_i" File: C:/Modulos_quartus/risk_v_multicycle/src/UART_Rx.v Line: 45
Info (12128): Elaborating entity "ffd_param" for hierarchy "uart_IP:uart_IP_module|uart_full_duplex:UART_full_duplex|UART_Rx:rx_uart|ffd_param:ff_par" File: C:/Modulos_quartus/risk_v_multicycle/src/UART_Rx.v Line: 54
Info (12128): Elaborating entity "Bit_Rate_Pulse" for hierarchy "uart_IP:uart_IP_module|uart_full_duplex:UART_full_duplex|UART_Rx:rx_uart|Bit_Rate_Pulse:BR_pulse" File: C:/Modulos_quartus/risk_v_multicycle/src/UART_Rx.v Line: 73
Info (12128): Elaborating entity "FSM_UART_Rx" for hierarchy "uart_IP:uart_IP_module|uart_full_duplex:UART_full_duplex|UART_Rx:rx_uart|FSM_UART_Rx:FSM_Rx" File: C:/Modulos_quartus/risk_v_multicycle/src/UART_Rx.v Line: 87
Info (12128): Elaborating entity "Counter_Param" for hierarchy "uart_IP:uart_IP_module|uart_full_duplex:UART_full_duplex|UART_Rx:rx_uart|Counter_Param:Counter_bits" File: C:/Modulos_quartus/risk_v_multicycle/src/UART_Rx.v Line: 94
Info (12128): Elaborating entity "uart_tx" for hierarchy "uart_IP:uart_IP_module|uart_full_duplex:UART_full_duplex|uart_tx:tx_uart" File: C:/Modulos_quartus/risk_v_multicycle/src/uart_full_duplex.v Line: 44
Info (12128): Elaborating entity "uart_tx_fsm" for hierarchy "uart_IP:uart_IP_module|uart_full_duplex:UART_full_duplex|uart_tx:tx_uart|uart_tx_fsm:tx_fsm" File: C:/Modulos_quartus/risk_v_multicycle/src/uart_tx.v Line: 48
Info (12128): Elaborating entity "Delayer" for hierarchy "uart_IP:uart_IP_module|uart_full_duplex:UART_full_duplex|uart_tx:tx_uart|Delayer:delay_5ms" File: C:/Modulos_quartus/risk_v_multicycle/src/uart_tx.v Line: 56
Info (12128): Elaborating entity "Counter_02Limit_ovf" for hierarchy "uart_IP:uart_IP_module|uart_full_duplex:UART_full_duplex|uart_tx:tx_uart|Counter_02Limit_ovf:bit_counter" File: C:/Modulos_quartus/risk_v_multicycle/src/uart_tx.v Line: 67
Info (12128): Elaborating entity "parallel2serial" for hierarchy "uart_IP:uart_IP_module|uart_full_duplex:UART_full_duplex|uart_tx:tx_uart|parallel2serial:shift_right_reg" File: C:/Modulos_quartus/risk_v_multicycle/src/uart_tx.v Line: 102
Info (12128): Elaborating entity "multiplexor_param" for hierarchy "uart_IP:uart_IP_module|uart_full_duplex:UART_full_duplex|uart_tx:tx_uart|multiplexor_param:tx_data_mux" File: C:/Modulos_quartus/risk_v_multicycle/src/uart_tx.v Line: 109
Info (12128): Elaborating entity "ffd_param" for hierarchy "ffd_param:ff_instr" File: C:/Modulos_quartus/risk_v_multicycle/src/risk_v_multicycle.v Line: 123
Info (12128): Elaborating entity "register_file" for hierarchy "register_file:reg_file" File: C:/Modulos_quartus/risk_v_multicycle/src/risk_v_multicycle.v Line: 154
Info (12128): Elaborating entity "ALU" for hierarchy "ALU:alu_block" File: C:/Modulos_quartus/risk_v_multicycle/src/risk_v_multicycle.v Line: 202
Info (12128): Elaborating entity "imm_gen_module" for hierarchy "imm_gen_module:imm_module" File: C:/Modulos_quartus/risk_v_multicycle/src/risk_v_multicycle.v Line: 225
Warning (12241): 2 hierarchies have connectivity warnings - see the Connectivity Checks report folder
Info (144001): Generated suppressed messages file C:/Modulos_quartus/risk_v_multicycle/proj_quartus/output_files/risk_v_multicycle.map.smsg
Info: Quartus Prime Analysis & Elaboration was successful. 0 errors, 3 warnings
    Info: Peak virtual memory: 4788 megabytes
    Info: Processing ended: Sat Mar 18 12:29:59 2023
    Info: Elapsed time: 00:00:10
    Info: Total CPU time (on all processors): 00:00:11


+--------------------------------------------+
; Analysis & Elaboration Suppressed Messages ;
+--------------------------------------------+
The suppressed messages can be found in C:/Modulos_quartus/risk_v_multicycle/proj_quartus/output_files/risk_v_multicycle.map.smsg.


