Assembler report for risk_v_multicycle
Sat Mar 18 14:15:45 2023
Quartus Prime Version 21.1.1 Build 850 06/23/2022 SJ Lite Edition


---------------------
; Table of Contents ;
---------------------
  1. Legal Notice
  2. Assembler Summary
  3. Assembler Settings
  4. Assembler Generated Files
  5. Assembler Device Options: C:/Users/david/OneDrive/Documentos/Maestria_Diseno_electronico/Diseno_micros/DM_Michel_Castillo_RISC_V/proj_quartus/output_files/risk_v_multicycle.sof
  6. Assembler Messages



----------------
; Legal Notice ;
----------------
Copyright (C) 2022  Intel Corporation. All rights reserved.
Your use of Intel Corporation's design tools, logic functions 
and other software and tools, and any partner logic 
functions, and any output files from any of the foregoing 
(including device programming or simulation files), and any 
associated documentation or information are expressly subject 
to the terms and conditions of the Intel Program License 
Subscription Agreement, the Intel Quartus Prime License Agreement,
the Intel FPGA IP License Agreement, or other applicable license
agreement, including, without limitation, that your use is for
the sole purpose of programming logic devices manufactured by
Intel and sold by Intel or its authorized distributors.  Please
refer to the applicable agreement for further details, at
https://fpgasoftware.intel.com/eula.



+---------------------------------------------------------------+
; Assembler Summary                                             ;
+-----------------------+---------------------------------------+
; Assembler Status      ; Successful - Sat Mar 18 14:15:45 2023 ;
; Revision Name         ; risk_v_multicycle                     ;
; Top-level Entity Name ; risk_v_multicycle                     ;
; Family                ; Cyclone V                             ;
; Device                ; 5CSXFC6D6F31C6                        ;
+-----------------------+---------------------------------------+


+----------------------------------+
; Assembler Settings               ;
+--------+---------+---------------+
; Option ; Setting ; Default Value ;
+--------+---------+---------------+


+--------------------------------------------------------------------------------------------------------------------------------------------------------+
; Assembler Generated Files                                                                                                                              ;
+--------------------------------------------------------------------------------------------------------------------------------------------------------+
; File Name                                                                                                                                              ;
+--------------------------------------------------------------------------------------------------------------------------------------------------------+
; C:/Users/david/OneDrive/Documentos/Maestria_Diseno_electronico/Diseno_micros/DM_Michel_Castillo_RISC_V/proj_quartus/output_files/risk_v_multicycle.sof ;
+--------------------------------------------------------------------------------------------------------------------------------------------------------+


+----------------------------------------------------------------------------------------------------------------------------------------------------------------------------------+
; Assembler Device Options: C:/Users/david/OneDrive/Documentos/Maestria_Diseno_electronico/Diseno_micros/DM_Michel_Castillo_RISC_V/proj_quartus/output_files/risk_v_multicycle.sof ;
+----------------+-----------------------------------------------------------------------------------------------------------------------------------------------------------------+
; Option         ; Setting                                                                                                                                                         ;
+----------------+-----------------------------------------------------------------------------------------------------------------------------------------------------------------+
; JTAG usercode  ; 0x00EFA817                                                                                                                                                      ;
; Checksum       ; 0x00EFA817                                                                                                                                                      ;
+----------------+-----------------------------------------------------------------------------------------------------------------------------------------------------------------+


+--------------------+
; Assembler Messages ;
+--------------------+
Info: *******************************************************************
Info: Running Quartus Prime Assembler
    Info: Version 21.1.1 Build 850 06/23/2022 SJ Lite Edition
    Info: Processing started: Sat Mar 18 14:15:39 2023
Info: Command: quartus_asm --read_settings_files=off --write_settings_files=off risk_v_multicycle -c risk_v_multicycle
Info (115030): Assembler is generating device programming files
Info: Quartus Prime Assembler was successful. 0 errors, 0 warnings
    Info: Peak virtual memory: 4900 megabytes
    Info: Processing ended: Sat Mar 18 14:15:45 2023
    Info: Elapsed time: 00:00:06
    Info: Total CPU time (on all processors): 00:00:04


