Command: report datapath > reports_Oct26-04:22:58/map/risc_v_top_datapath.rpt
============================================================
  Generated by:           Genus(TM) Synthesis Solution 20.11-s111_1
  Generated on:           Oct 26 2023  04:26:07 am
  Module:                 risc_v_top
  Library domain:         TC_risc_v_slow
    Domain index:         0
    Technology library:   slow_vdd1v0 1.0
  Library domain:         TC_risc_v_fast
    Domain index:         1
    Technology library:   fast_vdd1v2 1.0
  Operating conditions:   PVT_0P9V_125C 
  Operating conditions:   PVT_1P32V_0C 
  Interconnect mode:      global
  Area mode:              physical library
============================================================


      Type       CellArea Percentage 
-------------------------------------
datapath modules     0.00       0.00 
external muxes       0.00       0.00 
others           21743.68     100.00 
-------------------------------------
total            21743.68     100.00 

