============================================================
  Generated by:           Genus(TM) Synthesis Solution 20.11-s111_1
  Generated on:           Oct 26 2023  04:18:58 am
  Module:                 risc_v_top
  Library domain:         TC_risc_v_slow
    Domain index:         0
    Technology library:   slow_vdd1v0 1.0
  Library domain:         TC_risc_v_fast
    Domain index:         1
    Technology library:   fast_vdd1v2 1.0
  Operating conditions:   PVT_0P9V_125C 
  Operating conditions:   PVT_1P32V_0C 
  Interconnect mode:      global
  Area mode:              physical library
============================================================

                                        Leakage  Leakage 
     Type      Instances  Area Area % Power (mW) Power % 
---------------------------------------------------------
sequential          3527 0.000    0.0      0.000    95.3 
inverter              14 0.000    0.0      0.000     0.0 
logic                874 0.000    0.0      0.000     4.6 
physical_cells         0 0.000    0.0      0.000     0.0 
---------------------------------------------------------
total               4415 0.000    0.0      0.000   100.0 

