============================================================
  Generated by:           Genus(TM) Synthesis Solution 20.11-s111_1
  Generated on:           Oct 26 2023  04:20:50 am
  Module:                 risc_v_top
  Library domain:         TC_risc_v_slow
    Domain index:         0
    Technology library:   slow_vdd1v0 1.0
  Library domain:         TC_risc_v_fast
    Domain index:         1
    Technology library:   fast_vdd1v2 1.0
  Operating conditions:   PVT_0P9V_125C 
  Operating conditions:   PVT_1P32V_0C 
  Interconnect mode:      global
  Area mode:              physical library
============================================================

                                   Leakage                 Library 
   Gate     Instances    Area    Power (mW)     Library     Domain 
-------------------------------------------------------------------
ADDHX4             28    201.096      0.000    slow_vdd1v0       0 
AND3X6             12     53.352      0.000    slow_vdd1v0       0 
AND4X6             14     81.396      0.000    slow_vdd1v0       0 
AO21X4             18     61.560      0.000    slow_vdd1v0       0 
AO22X4              5     18.810      0.000    slow_vdd1v0       0 
AOI2BB1X4           9     36.936      0.000    slow_vdd1v0       0 
BUFX16             80    547.200      0.000    slow_vdd1v0       0 
BUFX20             54    443.232      0.000    slow_vdd1v0       0 
CLKAND2X12         33    248.292      0.000    slow_vdd1v0       0 
CLKAND2X8          44    255.816      0.000    slow_vdd1v0       0 
CLKINVX12          14     57.456      0.000    slow_vdd1v0       0 
CLKINVX16           2     10.944      0.000    slow_vdd1v0       0 
CLKINVX20           1      6.498      0.000    slow_vdd1v0       0 
CLKINVX6            2      4.788      0.000    slow_vdd1v0       0 
CLKINVX8           10     30.780      0.000    slow_vdd1v0       0 
CLKMX2X3            1      4.104      0.000    slow_vdd1v0       0 
DFFHQX8            18    166.212      0.000    slow_vdd1v0       0 
DFFNSRX1           99    914.166      0.000    slow_vdd1v0       0 
DFFNSRX4          121   1613.898      0.000    slow_vdd1v0       0 
DFFQXL           3200  17510.400      0.000    slow_vdd1v0       0 
DFFRHQX8           46    519.156      0.000    slow_vdd1v0       0 
DFFRX4             16    153.216      0.000    slow_vdd1v0       0 
DFFSHQX8            1     10.602      0.000    slow_vdd1v0       0 
NAND2BX4            6     22.572      0.000    slow_vdd1v0       0 
NAND2X8             3     16.416      0.000    slow_vdd1v0       0 
NOR2BX4             1      3.762      0.000    slow_vdd1v0       0 
NOR2X4              1      3.078      0.000    slow_vdd1v0       0 
NOR2X8             13     71.136      0.000    slow_vdd1v0       0 
OA21X4              3     11.286      0.000    slow_vdd1v0       0 
OR2X1               2      2.736      0.000    slow_vdd1v0       0 
OR2X6              12     45.144      0.000    slow_vdd1v0       0 
OR2X8               9     40.014      0.000    slow_vdd1v0       0 
OR3X6               4     19.152      0.000    slow_vdd1v0       0 
OR4X6               5     27.360      0.000    slow_vdd1v0       0 
SDFFRHQX8          18    240.084      0.000    slow_vdd1v0       0 
XNOR2X4             4     15.048      0.000    slow_vdd1v0       0 
XOR2X4             17     69.768      0.000    slow_vdd1v0       0 
-------------------------------------------------------------------
total            3926  23537.466      0.001                


                                            Leakage  Leakage 
     Type      Instances    Area   Area % Power (mW) Power % 
-------------------------------------------------------------
sequential          3519 21127.734   89.8      0.000    72.3 
inverter              29   110.466    0.5      0.000     1.5 
buffer               134   990.432    4.2      0.000    14.5 
logic                244  1308.834    5.6      0.000    11.7 
physical_cells         0     0.000    0.0      0.000     0.0 
-------------------------------------------------------------
total               3926 23537.466  100.0      0.001   100.0 

