Command: report datapath > reports_Nov28-04:35:07/generic/risc_v_Pad_Frame_datapath.rpt
============================================================
  Generated by:           Genus(TM) Synthesis Solution 20.11-s111_1
  Generated on:           Nov 28 2023  04:39:06 am
  Module:                 risc_v_Pad_Frame
  Library domain:         TC_risc_v_slow
    Domain index:         0
    Technology libraries: slow_vdd1v0 1.0
                          giolib045 
  Library domain:         TC_risc_v_fast
    Domain index:         1
    Technology libraries: fast_vdd1v2 1.0
                          giolib045 
  Operating conditions:   PVT_0P9V_125C 
  Operating conditions:   PVT_1P32V_0C 
  Interconnect mode:      global
  Area mode:              physical library
============================================================


Inferred components

               Operator Signedness Inputs Outputs CellArea Line Col   Filename   
=================================================================================
risc_v_Pad_Frame
 risc_v_top_i
  add_565_33
   
   module:add_unsigned_628
    very_fast     +     unsigned   32x3   32        308.47  565  33 risc_v_top.v 
=================================================================================
risc_v_Pad_Frame
 risc_v_top_i
  adder_pc_prev_4_add_15_16_Y_adder_pc_4_add_15_16
   
   module:add_unsigned
    very_fast     +     unsigned   3x32   32        367.23                       
   equation:
   assign Z = A+B;
---------------------------------------------------------------------------------
    adder_pc_prev_4_add_15_16
                  +     unsigned   3x32   32                 15  16 adder.v      
    add_15_16     +     unsigned   32x32  32                 15  16 adder.v      
=================================================================================
risc_v_Pad_Frame
 risc_v_top_i
  memory_map_add0015566
   
   module:add_unsigned_622
    very_fast     +     unsigned   30x30  30        287.10    0   0 a            
=================================================================================
risc_v_Pad_Frame
 risc_v_top_i
  uart_IP_module_UART_full_duplex_tx_uart_inc_delay_5ms_add_32_42
   
   module:increment_unsigned_4115_4252
    very_fast increment unsigned   18x1   18        209.65   32  42 Delayer.v    
=================================================================================

      Type        CellArea Percentage 
--------------------------------------
datapath modules   1172.45       0.78 
external muxes        0.00       0.00 
others           148921.94      99.22 
--------------------------------------
total            150094.39     100.00 

